Loading required package: igraph

Attaching package: 'igraph'

The following objects are masked from 'package:stats':

    decompose, spectrum

The following object is masked from 'package:base':

    union

Loading required package: reticulate
Loading required package: pandaR
Loading required package: Biobase
Loading required package: BiocGenerics

Attaching package: 'BiocGenerics'

The following objects are masked from 'package:igraph':

    normalize, path, union

The following objects are masked from 'package:stats':

    IQR, mad, sd, var, xtabs

The following objects are masked from 'package:base':

    Filter, Find, Map, Position, Reduce, anyDuplicated, aperm, append,
    as.data.frame, basename, cbind, colnames, dirname, do.call,
    duplicated, eval, evalq, get, grep, grepl, intersect, is.unsorted,
    lapply, mapply, match, mget, order, paste, pmax, pmax.int, pmin,
    pmin.int, rank, rbind, rownames, sapply, setdiff, sort, table,
    tapply, union, unique, unsplit, which.max, which.min

Welcome to Bioconductor

    Vignettes contain introductory material; view with
    'browseVignettes()'. To cite Bioconductor, see
    'citation("Biobase")', and for packages 'citation("pkgname")'.

Loading required package: yarn
Setting options('download.file.method.GEOquery'='auto')
Setting options('GEOquery.inmemory.gpl'=FALSE)
Loading required package: matrixcalc

Attaching package: 'matrixcalc'

The following object is masked from 'package:igraph':

    %s%



Iteration0: hamming distance =1.25045
Iteration1: hamming distance =0.33029
Iteration2: hamming distance =0.30538
Iteration3: hamming distance =0.29313
Iteration4: hamming distance =0.28004
Iteration5: hamming distance =0.26438
Iteration6: hamming distance =0.24632
Iteration7: hamming distance =0.22655
Iteration8: hamming distance =0.20587
Iteration9: hamming distance =0.18504
Iteration10: hamming distance =0.1647
Iteration11: hamming distance =0.14532
Iteration12: hamming distance =0.12723
Iteration13: hamming distance =0.11063
Iteration14: hamming distance =0.09563
Iteration15: hamming distance =0.08222
Iteration16: hamming distance =0.07036
Iteration17: hamming distance =0.05995
Iteration18: hamming distance =0.0509
Iteration19: hamming distance =0.04307
Iteration20: hamming distance =0.03633
Iteration21: hamming distance =0.03057
Iteration22: hamming distance =0.02566
Iteration23: hamming distance =0.02149
Iteration24: hamming distance =0.01796
Iteration25: hamming distance =0.01498
Iteration26: hamming distance =0.01248
Iteration27: hamming distance =0.01038
Iteration28: hamming distance =0.00862
Iteration29: hamming distance =0.00715
Iteration30: hamming distance =0.00592
Iteration31: hamming distance =0.0049
Iteration32: hamming distance =0.00405
Iteration33: hamming distance =0.00335
Iteration34: hamming distance =0.00276
Iteration35: hamming distance =0.00228
Iteration36: hamming distance =0.00188
Iteration37: hamming distance =0.00155
Iteration38: hamming distance =0.00127
Iteration39: hamming distance =0.00105
Iteration40: hamming distance =0.00086
Successfully ran PANDA on 20429 Genes and 1080 TFs.
Time elapsed:3013.5seconds.
Warning message:
In cor(t(expr), method = cor.method, use = "pairwise.complete.obs") :
  the standard deviation is zero
