Loading required package: igraph

Attaching package: 'igraph'

The following objects are masked from 'package:stats':

    decompose, spectrum

The following object is masked from 'package:base':

    union

Loading required package: reticulate
Loading required package: pandaR
Loading required package: Biobase
Loading required package: BiocGenerics

Attaching package: 'BiocGenerics'

The following objects are masked from 'package:igraph':

    normalize, path, union

The following objects are masked from 'package:stats':

    IQR, mad, sd, var, xtabs

The following objects are masked from 'package:base':

    Filter, Find, Map, Position, Reduce, anyDuplicated, aperm, append,
    as.data.frame, basename, cbind, colnames, dirname, do.call,
    duplicated, eval, evalq, get, grep, grepl, intersect, is.unsorted,
    lapply, mapply, match, mget, order, paste, pmax, pmax.int, pmin,
    pmin.int, rank, rbind, rownames, sapply, setdiff, sort, table,
    tapply, union, unique, unsplit, which.max, which.min

Welcome to Bioconductor

    Vignettes contain introductory material; view with
    'browseVignettes()'. To cite Bioconductor, see
    'citation("Biobase")', and for packages 'citation("pkgname")'.

Loading required package: yarn
Setting options('download.file.method.GEOquery'='auto')
Setting options('GEOquery.inmemory.gpl'=FALSE)
Loading required package: matrixcalc

Attaching package: 'matrixcalc'

The following object is masked from 'package:igraph':

    %s%



Iteration0: hamming distance =1.47868
Iteration1: hamming distance =0.37337
Iteration2: hamming distance =0.33394
Iteration3: hamming distance =0.31618
Iteration4: hamming distance =0.29946
Iteration5: hamming distance =0.28081
Iteration6: hamming distance =0.26011
Iteration7: hamming distance =0.23799
Iteration8: hamming distance =0.21527
Iteration9: hamming distance =0.19267
Iteration10: hamming distance =0.17084
Iteration11: hamming distance =0.15023
Iteration12: hamming distance =0.13113
Iteration13: hamming distance =0.11373
Iteration14: hamming distance =0.09807
Iteration15: hamming distance =0.08414
Iteration16: hamming distance =0.07187
Iteration17: hamming distance =0.06114
Iteration18: hamming distance =0.05183
Iteration19: hamming distance =0.0438
Iteration20: hamming distance =0.03691
Iteration21: hamming distance =0.03103
Iteration22: hamming distance =0.02602
Iteration23: hamming distance =0.02177
Iteration24: hamming distance =0.01819
Iteration25: hamming distance =0.01516
Iteration26: hamming distance =0.01262
Iteration27: hamming distance =0.01049
Iteration28: hamming distance =0.00871
Iteration29: hamming distance =0.00722
Iteration30: hamming distance =0.00598
Iteration31: hamming distance =0.00495
Iteration32: hamming distance =0.00409
Iteration33: hamming distance =0.00338
Iteration34: hamming distance =0.00279
Iteration35: hamming distance =0.0023
Iteration36: hamming distance =0.00189
Iteration37: hamming distance =0.00156
Iteration38: hamming distance =0.00128
Iteration39: hamming distance =0.00106
Iteration40: hamming distance =0.00087
Successfully ran PANDA on 20429 Genes and 1080 TFs.
Time elapsed:2855.84seconds.
Warning message:
In cor(t(expr), method = cor.method, use = "pairwise.complete.obs") :
  the standard deviation is zero
