 [1] "/data/user/jbarham3/230227_JW_Setbp1Manuscript/data/processed/expression_inputs/astrocytes_controlcortexexpression.Rdata"             
 [2] "/data/user/jbarham3/230227_JW_Setbp1Manuscript/data/processed/expression_inputs/astrocytes_heterozygouscortexexpression.Rdata"        
 [3] "/data/user/jbarham3/230227_JW_Setbp1Manuscript/data/processed/expression_inputs/excitatory_neurons_controlcortexexpression.Rdata"     
 [4] "/data/user/jbarham3/230227_JW_Setbp1Manuscript/data/processed/expression_inputs/excitatory_neurons_heterozygouscortexexpression.Rdata"
 [5] "/data/user/jbarham3/230227_JW_Setbp1Manuscript/data/processed/expression_inputs/fibro_cortex_controlcortexexpression.Rdata"           
 [6] "/data/user/jbarham3/230227_JW_Setbp1Manuscript/data/processed/expression_inputs/fibro_cortex_heterozygouscortexexpression.Rdata"      
 [7] "/data/user/jbarham3/230227_JW_Setbp1Manuscript/data/processed/expression_inputs/inhibitory_neurons_controlcortexexpression.Rdata"     
 [8] "/data/user/jbarham3/230227_JW_Setbp1Manuscript/data/processed/expression_inputs/inhibitory_neurons_heterozygouscortexexpression.Rdata"
 [9] "/data/user/jbarham3/230227_JW_Setbp1Manuscript/data/processed/expression_inputs/microglia_controlcortexexpression.Rdata"              
[10] "/data/user/jbarham3/230227_JW_Setbp1Manuscript/data/processed/expression_inputs/microglia_heterozygouscortexexpression.Rdata"         
[11] "/data/user/jbarham3/230227_JW_Setbp1Manuscript/data/processed/expression_inputs/mural_controlcortexexpression.Rdata"                  
[12] "/data/user/jbarham3/230227_JW_Setbp1Manuscript/data/processed/expression_inputs/mural_heterozygouscortexexpression.Rdata"             
[13] "/data/user/jbarham3/230227_JW_Setbp1Manuscript/data/processed/expression_inputs/oligodendrocytes_controlcortexexpression.Rdata"       
[14] "/data/user/jbarham3/230227_JW_Setbp1Manuscript/data/processed/expression_inputs/oligodendrocytes_heterozygouscortexexpression.Rdata"  
[15] "/data/user/jbarham3/230227_JW_Setbp1Manuscript/data/processed/expression_inputs/opcs_controlcortexexpression.Rdata"                   
[16] "/data/user/jbarham3/230227_JW_Setbp1Manuscript/data/processed/expression_inputs/opcs_heterozygouscortexexpression.Rdata"              
[1] "Initializing and validating"
[1] "Verified sufficient samples"
[1] "Normalizing networks..."
[1] "Learning Network..."
[1] "Using tanimoto similarity"
[1] "astrocytes_controlcortexexpression_PANDA network made and saved."
[1] "Initializing and validating"
[1] "Verified sufficient samples"
[1] "Normalizing networks..."
[1] "Learning Network..."
[1] "Using tanimoto similarity"
[1] "astrocytes_heterozygouscortexexpression_PANDA network made and saved."
[1] "Initializing and validating"
[1] "Verified sufficient samples"
[1] "Normalizing networks..."
[1] "Learning Network..."
[1] "Using tanimoto similarity"
[1] "excitatory_neurons_controlcortexexpression_PANDA network made and saved."
[1] "Initializing and validating"
[1] "Verified sufficient samples"
[1] "Normalizing networks..."
[1] "Learning Network..."
[1] "Using tanimoto similarity"
[1] "excitatory_neurons_heterozygouscortexexpression_PANDA network made and saved."
[1] "Initializing and validating"
[1] "Verified sufficient samples"
[1] "Normalizing networks..."
[1] "Learning Network..."
[1] "Using tanimoto similarity"
[1] "fibro_cortex_controlcortexexpression_PANDA network made and saved."
[1] "Initializing and validating"
[1] "Verified sufficient samples"
[1] "Normalizing networks..."
[1] "Learning Network..."
[1] "Using tanimoto similarity"
[1] "fibro_cortex_heterozygouscortexexpression_PANDA network made and saved."
[1] "Initializing and validating"
[1] "Verified sufficient samples"
[1] "Normalizing networks..."
[1] "Learning Network..."
[1] "Using tanimoto similarity"
[1] "inhibitory_neurons_controlcortexexpression_PANDA network made and saved."
[1] "Initializing and validating"
[1] "Verified sufficient samples"
[1] "Normalizing networks..."
[1] "Learning Network..."
[1] "Using tanimoto similarity"
[1] "inhibitory_neurons_heterozygouscortexexpression_PANDA network made and saved."
[1] "Initializing and validating"
[1] "Verified sufficient samples"
[1] "Normalizing networks..."
[1] "Learning Network..."
[1] "Using tanimoto similarity"
[1] "microglia_controlcortexexpression_PANDA network made and saved."
[1] "Initializing and validating"
[1] "Verified sufficient samples"
[1] "Normalizing networks..."
[1] "Learning Network..."
[1] "Using tanimoto similarity"
[1] "microglia_heterozygouscortexexpression_PANDA network made and saved."
[1] "Initializing and validating"
[1] "Verified sufficient samples"
[1] "Normalizing networks..."
[1] "Learning Network..."
[1] "Using tanimoto similarity"
[1] "mural_controlcortexexpression_PANDA network made and saved."
[1] "Initializing and validating"
[1] "Verified sufficient samples"
[1] "Normalizing networks..."
[1] "Learning Network..."
[1] "Using tanimoto similarity"
[1] "mural_heterozygouscortexexpression_PANDA network made and saved."
[1] "Initializing and validating"
[1] "Verified sufficient samples"
[1] "Normalizing networks..."
[1] "Learning Network..."
[1] "Using tanimoto similarity"
[1] "oligodendrocytes_controlcortexexpression_PANDA network made and saved."
[1] "Initializing and validating"
[1] "Verified sufficient samples"
[1] "Normalizing networks..."
[1] "Learning Network..."
[1] "Using tanimoto similarity"
[1] "oligodendrocytes_heterozygouscortexexpression_PANDA network made and saved."
[1] "Initializing and validating"
[1] "Verified sufficient samples"
[1] "Normalizing networks..."
[1] "Learning Network..."
[1] "Using tanimoto similarity"
[1] "opcs_controlcortexexpression_PANDA network made and saved."
[1] "Initializing and validating"
[1] "Verified sufficient samples"
[1] "Normalizing networks..."
[1] "Learning Network..."
[1] "Using tanimoto similarity"
[1] "opcs_heterozygouscortexexpression_PANDA network made and saved."
