Loading required package: igraph

Attaching package: ‘igraph’

The following objects are masked from ‘package:stats’:

    decompose, spectrum

The following object is masked from ‘package:base’:

    union

Loading required package: reticulate
Loading required package: pandaR
Loading required package: Biobase
Loading required package: BiocGenerics

Attaching package: ‘BiocGenerics’

The following objects are masked from ‘package:igraph’:

    normalize, path, union

The following objects are masked from ‘package:stats’:

    IQR, mad, sd, var, xtabs

The following objects are masked from ‘package:base’:

    anyDuplicated, aperm, append, as.data.frame, basename, cbind,
    colnames, dirname, do.call, duplicated, eval, evalq, Filter, Find,
    get, grep, grepl, intersect, is.unsorted, lapply, Map, mapply,
    match, mget, order, paste, pmax, pmax.int, pmin, pmin.int,
    Position, rank, rbind, Reduce, rownames, sapply, setdiff, sort,
    table, tapply, union, unique, unsplit, which.max, which.min

Welcome to Bioconductor

    Vignettes contain introductory material; view with
    'browseVignettes()'. To cite Bioconductor, see
    'citation("Biobase")', and for packages 'citation("pkgname")'.

Loading required package: yarn
Setting options('download.file.method.GEOquery'='auto')
Setting options('GEOquery.inmemory.gpl'=FALSE)
Loading required package: matrixcalc

Attaching package: ‘matrixcalc’

The following object is masked from ‘package:igraph’:

    %s%



here() starts at /data/user/jbarham3/230227_JW_Setbp1Manuscript
Iteration0: hamming distance =1.93616
Iteration1: hamming distance =0.52312
Iteration2: hamming distance =0.42081
Iteration3: hamming distance =0.37886
Iteration4: hamming distance =0.34851
Iteration5: hamming distance =0.32041
Iteration6: hamming distance =0.29242
Iteration7: hamming distance =0.26441
Iteration8: hamming distance =0.23683
Iteration9: hamming distance =0.21023
Iteration10: hamming distance =0.18511
Iteration11: hamming distance =0.1618
Iteration12: hamming distance =0.1405
Iteration13: hamming distance =0.12131
Iteration14: hamming distance =0.1042
Iteration15: hamming distance =0.08911
Iteration16: hamming distance =0.07589
Iteration17: hamming distance =0.0644
Iteration18: hamming distance =0.05448
Iteration19: hamming distance =0.04595
Iteration20: hamming distance =0.03866
Iteration21: hamming distance =0.03245
Iteration22: hamming distance =0.02717
Iteration23: hamming distance =0.02271
Iteration24: hamming distance =0.01895
Iteration25: hamming distance =0.01579
Iteration26: hamming distance =0.01313
Iteration27: hamming distance =0.01091
Iteration28: hamming distance =0.00905
Iteration29: hamming distance =0.0075
Iteration30: hamming distance =0.00621
Iteration31: hamming distance =0.00513
Iteration32: hamming distance =0.00424
Iteration33: hamming distance =0.0035
Iteration34: hamming distance =0.00289
Iteration35: hamming distance =0.00238
Iteration36: hamming distance =0.00196
Iteration37: hamming distance =0.00162
Iteration38: hamming distance =0.00133
Iteration39: hamming distance =0.00109
Iteration40: hamming distance =9e-04
Successfully ran PANDA on 20429 Genes and 1080 TFs.
Time elapsed:3438.34seconds.
Iteration0: hamming distance =1.45917
Iteration1: hamming distance =0.38977
Iteration2: hamming distance =0.32897
Iteration3: hamming distance =0.30553
Iteration4: hamming distance =0.28706
Iteration5: hamming distance =0.26806
Iteration6: hamming distance =0.24769
Iteration7: hamming distance =0.22628
Iteration8: hamming distance =0.20445
Iteration9: hamming distance =0.18287
Iteration10: hamming distance =0.16207
Iteration11: hamming distance =0.14247
Iteration12: hamming distance =0.12434
Iteration13: hamming distance =0.10782
Iteration14: hamming distance =0.09297
Iteration15: hamming distance =0.07976
Iteration16: hamming distance =0.06813
Iteration17: hamming distance =0.05796
Iteration18: hamming distance =0.04914
Iteration19: hamming distance =0.04152
Iteration20: hamming distance =0.03499
Iteration21: hamming distance =0.02941
Iteration22: hamming distance =0.02466
Iteration23: hamming distance =0.02064
Iteration24: hamming distance =0.01724
Iteration25: hamming distance =0.01437
Iteration26: hamming distance =0.01197
Iteration27: hamming distance =0.00995
Iteration28: hamming distance =0.00826
Iteration29: hamming distance =0.00685
Iteration30: hamming distance =0.00567
Iteration31: hamming distance =0.00469
Iteration32: hamming distance =0.00388
Iteration33: hamming distance =0.0032
Iteration34: hamming distance =0.00264
Iteration35: hamming distance =0.00218
Iteration36: hamming distance =0.0018
Iteration37: hamming distance =0.00148
Iteration38: hamming distance =0.00122
Iteration39: hamming distance =0.001
Iteration40: hamming distance =0.00082
Successfully ran PANDA on 20429 Genes and 1080 TFs.
Time elapsed:3383.97seconds.
Iteration0: hamming distance =2.83749
Iteration1: hamming distance =0.67282
Iteration2: hamming distance =0.53448
Iteration3: hamming distance =0.48164
Iteration4: hamming distance =0.44318
Iteration5: hamming distance =0.40702
Iteration6: hamming distance =0.37076
Iteration7: hamming distance =0.33446
Iteration8: hamming distance =0.29882
Iteration9: hamming distance =0.2646
Iteration10: hamming distance =0.23242
Iteration11: hamming distance =0.2027
Iteration12: hamming distance =0.17567
Iteration13: hamming distance =0.15139
Iteration14: hamming distance =0.12983
Iteration15: hamming distance =0.11086
Iteration16: hamming distance =0.0943
Iteration17: hamming distance =0.07993
Iteration18: hamming distance =0.06754
Iteration19: hamming distance =0.05692
Iteration20: hamming distance =0.04785
Iteration21: hamming distance =0.04013
Iteration22: hamming distance =0.03359
Iteration23: hamming distance =0.02806
Iteration24: hamming distance =0.0234
Iteration25: hamming distance =0.01949
Iteration26: hamming distance =0.0162
Iteration27: hamming distance =0.01345
Iteration28: hamming distance =0.01116
Iteration29: hamming distance =0.00924
Iteration30: hamming distance =0.00765
Iteration31: hamming distance =0.00633
Iteration32: hamming distance =0.00523
Iteration33: hamming distance =0.00431
Iteration34: hamming distance =0.00356
Iteration35: hamming distance =0.00293
Iteration36: hamming distance =0.00242
Iteration37: hamming distance =0.00199
Iteration38: hamming distance =0.00164
Iteration39: hamming distance =0.00135
Iteration40: hamming distance =0.00111
Iteration41: hamming distance =0.00091
Successfully ran PANDA on 20429 Genes and 1080 TFs.
Time elapsed:3448.78seconds.
Iteration0: hamming distance =2.67098
Iteration1: hamming distance =0.66959
Iteration2: hamming distance =0.52442
Iteration3: hamming distance =0.46982
Iteration4: hamming distance =0.43106
Iteration5: hamming distance =0.39522
Iteration6: hamming distance =0.35963
Iteration7: hamming distance =0.32418
Iteration8: hamming distance =0.28947
Iteration9: hamming distance =0.25622
Iteration10: hamming distance =0.22499
Iteration11: hamming distance =0.19617
Iteration12: hamming distance =0.16997
Iteration13: hamming distance =0.14646
Iteration14: hamming distance =0.12559
Iteration15: hamming distance =0.10722
Iteration16: hamming distance =0.09119
Iteration17: hamming distance =0.07729
Iteration18: hamming distance =0.06531
Iteration19: hamming distance =0.05504
Iteration20: hamming distance =0.04626
Iteration21: hamming distance =0.0388
Iteration22: hamming distance =0.03247
Iteration23: hamming distance =0.02713
Iteration24: hamming distance =0.02262
Iteration25: hamming distance =0.01884
Iteration26: hamming distance =0.01566
Iteration27: hamming distance =0.013
Iteration28: hamming distance =0.01078
Iteration29: hamming distance =0.00893
Iteration30: hamming distance =0.00739
Iteration31: hamming distance =0.00611
Iteration32: hamming distance =0.00505
Iteration33: hamming distance =0.00417
Iteration34: hamming distance =0.00344
Iteration35: hamming distance =0.00283
Iteration36: hamming distance =0.00233
Iteration37: hamming distance =0.00192
Iteration38: hamming distance =0.00158
Iteration39: hamming distance =0.0013
Iteration40: hamming distance =0.00107
Iteration41: hamming distance =0.00088
Successfully ran PANDA on 20429 Genes and 1080 TFs.
Time elapsed:3471.98seconds.
Iteration0: hamming distance =3.26395
Iteration1: hamming distance =0.70557
Iteration2: hamming distance =0.58818
Iteration3: hamming distance =0.54022
Iteration4: hamming distance =0.50146
Iteration5: hamming distance =0.46259
Iteration6: hamming distance =0.42234
Iteration7: hamming distance =0.38142
Iteration8: hamming distance =0.34094
Iteration9: hamming distance =0.30193
Iteration10: hamming distance =0.26519
Iteration11: hamming distance =0.23123
Iteration12: hamming distance =0.20035
Iteration13: hamming distance =0.17262
Iteration14: hamming distance =0.14799
Iteration15: hamming distance =0.12634
Iteration16: hamming distance =0.10743
Iteration17: hamming distance =0.09105
Iteration18: hamming distance =0.07692
Iteration19: hamming distance =0.06481
Iteration20: hamming distance =0.05447
Iteration21: hamming distance =0.04568
Iteration22: hamming distance =0.03822
Iteration23: hamming distance =0.03193
Iteration24: hamming distance =0.02662
Iteration25: hamming distance =0.02217
Iteration26: hamming distance =0.01843
Iteration27: hamming distance =0.0153
Iteration28: hamming distance =0.01269
Iteration29: hamming distance =0.01051
Iteration30: hamming distance =0.0087
Iteration31: hamming distance =0.00719
Iteration32: hamming distance =0.00594
Iteration33: hamming distance =0.0049
Iteration34: hamming distance =0.00404
Iteration35: hamming distance =0.00333
Iteration36: hamming distance =0.00275
Iteration37: hamming distance =0.00226
Iteration38: hamming distance =0.00186
Iteration39: hamming distance =0.00153
Iteration40: hamming distance =0.00126
Iteration41: hamming distance =0.00103
Iteration42: hamming distance =0.00085
Successfully ran PANDA on 20429 Genes and 1080 TFs.
Time elapsed:3557.29seconds.
Iteration0: hamming distance =1.54521
Iteration1: hamming distance =0.42561
Iteration2: hamming distance =0.34412
Iteration3: hamming distance =0.31237
Iteration4: hamming distance =0.28962
Iteration5: hamming distance =0.26812
Iteration6: hamming distance =0.2462
Iteration7: hamming distance =0.22383
Iteration8: hamming distance =0.20146
Iteration9: hamming distance =0.17961
Iteration10: hamming distance =0.15875
Iteration11: hamming distance =0.13923
Iteration12: hamming distance =0.12127
Iteration13: hamming distance =0.10498
Iteration14: hamming distance =0.09038
Iteration15: hamming distance =0.07744
Iteration16: hamming distance =0.06607
Iteration17: hamming distance =0.05615
Iteration18: hamming distance =0.04756
Iteration19: hamming distance =0.04016
Iteration20: hamming distance =0.03382
Iteration21: hamming distance =0.02841
Iteration22: hamming distance =0.02381
Iteration23: hamming distance =0.01992
Iteration24: hamming distance =0.01663
Iteration25: hamming distance =0.01386
Iteration26: hamming distance =0.01153
Iteration27: hamming distance =0.00958
Iteration28: hamming distance =0.00795
Iteration29: hamming distance =0.00659
Iteration30: hamming distance =0.00546
Iteration31: hamming distance =0.00452
Iteration32: hamming distance =0.00373
Iteration33: hamming distance =0.00308
Iteration34: hamming distance =0.00254
Iteration35: hamming distance =0.0021
Iteration36: hamming distance =0.00173
Iteration37: hamming distance =0.00142
Iteration38: hamming distance =0.00117
Iteration39: hamming distance =0.00096
Successfully ran PANDA on 20429 Genes and 1080 TFs.
Time elapsed:3318.31seconds.
Iteration0: hamming distance =1.65291
Iteration1: hamming distance =0.46433
Iteration2: hamming distance =0.36782
Iteration3: hamming distance =0.32989
Iteration4: hamming distance =0.30376
Iteration5: hamming distance =0.28001
Iteration6: hamming distance =0.25638
Iteration7: hamming distance =0.23259
Iteration8: hamming distance =0.209
Iteration9: hamming distance =0.18609
Iteration10: hamming distance =0.16431
Iteration11: hamming distance =0.14398
Iteration12: hamming distance =0.12531
Iteration13: hamming distance =0.10841
Iteration14: hamming distance =0.09329
Iteration15: hamming distance =0.0799
Iteration16: hamming distance =0.06814
Iteration17: hamming distance =0.05789
Iteration18: hamming distance =0.04902
Iteration19: hamming distance =0.04139
Iteration20: hamming distance =0.03485
Iteration21: hamming distance =0.02927
Iteration22: hamming distance =0.02453
Iteration23: hamming distance =0.02051
Iteration24: hamming distance =0.01712
Iteration25: hamming distance =0.01427
Iteration26: hamming distance =0.01187
Iteration27: hamming distance =0.00987
Iteration28: hamming distance =0.00819
Iteration29: hamming distance =0.00679
Iteration30: hamming distance =0.00562
Iteration31: hamming distance =0.00465
Iteration32: hamming distance =0.00384
Iteration33: hamming distance =0.00317
Iteration34: hamming distance =0.00262
Iteration35: hamming distance =0.00216
Iteration36: hamming distance =0.00178
Iteration37: hamming distance =0.00146
Iteration38: hamming distance =0.00121
Iteration39: hamming distance =0.00099
Successfully ran PANDA on 20429 Genes and 1080 TFs.
Time elapsed:3317.2seconds.
Iteration0: hamming distance =3.62626
Iteration1: hamming distance =0.81012
Iteration2: hamming distance =0.66318
Iteration3: hamming distance =0.60351
Iteration4: hamming distance =0.55699
Iteration5: hamming distance =0.5117
Iteration6: hamming distance =0.46571
Iteration7: hamming distance =0.41953
Iteration8: hamming distance =0.37425
Iteration9: hamming distance =0.33089
Iteration10: hamming distance =0.29023
Iteration11: hamming distance =0.25278
Iteration12: hamming distance =0.21881
Iteration13: hamming distance =0.18838
Iteration14: hamming distance =0.1614
Iteration15: hamming distance =0.13771
Iteration16: hamming distance =0.11705
Iteration17: hamming distance =0.09915
Iteration18: hamming distance =0.08374
Iteration19: hamming distance =0.07053
Iteration20: hamming distance =0.05926
Iteration21: hamming distance =0.04968
Iteration22: hamming distance =0.04157
Iteration23: hamming distance =0.03471
Iteration24: hamming distance =0.02894
Iteration25: hamming distance =0.02409
Iteration26: hamming distance =0.02003
Iteration27: hamming distance =0.01662
Iteration28: hamming distance =0.01378
Iteration29: hamming distance =0.01142
Iteration30: hamming distance =0.00945
Iteration31: hamming distance =0.00781
Iteration32: hamming distance =0.00645
Iteration33: hamming distance =0.00532
Iteration34: hamming distance =0.00439
Iteration35: hamming distance =0.00362
Iteration36: hamming distance =0.00298
Iteration37: hamming distance =0.00245
Iteration38: hamming distance =0.00202
Iteration39: hamming distance =0.00166
Iteration40: hamming distance =0.00137
Iteration41: hamming distance =0.00112
Iteration42: hamming distance =0.00092
Successfully ran PANDA on 20429 Genes and 1080 TFs.
Time elapsed:3546.09seconds.
Iteration0: hamming distance =1.75271
Iteration1: hamming distance =0.48588
Iteration2: hamming distance =0.38037
Iteration3: hamming distance =0.33794
Iteration4: hamming distance =0.30893
Iteration5: hamming distance =0.28321
Iteration6: hamming distance =0.2582
Iteration7: hamming distance =0.23345
Iteration8: hamming distance =0.2092
Iteration9: hamming distance =0.18584
Iteration10: hamming distance =0.16377
Iteration11: hamming distance =0.14328
Iteration12: hamming distance =0.12453
Iteration13: hamming distance =0.10761
Iteration14: hamming distance =0.09251
Iteration15: hamming distance =0.07916
Iteration16: hamming distance =0.06746
Iteration17: hamming distance =0.05728
Iteration18: hamming distance =0.04847
Iteration19: hamming distance =0.0409
Iteration20: hamming distance =0.03442
Iteration21: hamming distance =0.0289
Iteration22: hamming distance =0.02421
Iteration23: hamming distance =0.02024
Iteration24: hamming distance =0.01689
Iteration25: hamming distance =0.01407
Iteration26: hamming distance =0.01171
Iteration27: hamming distance =0.00973
Iteration28: hamming distance =0.00807
Iteration29: hamming distance =0.00669
Iteration30: hamming distance =0.00554
Iteration31: hamming distance =0.00458
Iteration32: hamming distance =0.00378
Iteration33: hamming distance =0.00312
Iteration34: hamming distance =0.00258
Iteration35: hamming distance =0.00212
Iteration36: hamming distance =0.00175
Iteration37: hamming distance =0.00144
Iteration38: hamming distance =0.00119
Iteration39: hamming distance =0.00098
Successfully ran PANDA on 20429 Genes and 1080 TFs.
Time elapsed:3299.97seconds.
Iteration0: hamming distance =3.50976
Iteration1: hamming distance =0.79223
Iteration2: hamming distance =0.64189
Iteration3: hamming distance =0.58217
Iteration4: hamming distance =0.53659
Iteration5: hamming distance =0.4927
Iteration6: hamming distance =0.44835
Iteration7: hamming distance =0.40389
Iteration8: hamming distance =0.36031
Iteration9: hamming distance =0.31859
Iteration10: hamming distance =0.27945
Iteration11: hamming distance =0.24341
Iteration12: hamming distance =0.2107
Iteration13: hamming distance =0.1814
Iteration14: hamming distance =0.15543
Iteration15: hamming distance =0.13261
Iteration16: hamming distance =0.11271
Iteration17: hamming distance =0.09548
Iteration18: hamming distance =0.08064
Iteration19: hamming distance =0.06792
Iteration20: hamming distance =0.05707
Iteration21: hamming distance =0.04784
Iteration22: hamming distance =0.04003
Iteration23: hamming distance =0.03343
Iteration24: hamming distance =0.02787
Iteration25: hamming distance =0.0232
Iteration26: hamming distance =0.01929
Iteration27: hamming distance =0.01601
Iteration28: hamming distance =0.01328
Iteration29: hamming distance =0.011
Iteration30: hamming distance =0.0091
Iteration31: hamming distance =0.00752
Iteration32: hamming distance =0.00621
Iteration33: hamming distance =0.00513
Iteration34: hamming distance =0.00423
Iteration35: hamming distance =0.00349
Iteration36: hamming distance =0.00287
Iteration37: hamming distance =0.00236
Iteration38: hamming distance =0.00194
Iteration39: hamming distance =0.0016
Iteration40: hamming distance =0.00131
Iteration41: hamming distance =0.00108
Iteration42: hamming distance =0.00089
Successfully ran PANDA on 20429 Genes and 1080 TFs.
Time elapsed:3530.69seconds.
Iteration0: hamming distance =1.96905
Iteration1: hamming distance =0.55812
Iteration2: hamming distance =0.43525
Iteration3: hamming distance =0.38548
Iteration4: hamming distance =0.35131
Iteration5: hamming distance =0.32112
Iteration6: hamming distance =0.29193
Iteration7: hamming distance =0.26322
Iteration8: hamming distance =0.23527
Iteration9: hamming distance =0.2085
Iteration10: hamming distance =0.18334
Iteration11: hamming distance =0.16008
Iteration12: hamming distance =0.13889
Iteration13: hamming distance =0.11983
Iteration14: hamming distance =0.10287
Iteration15: hamming distance =0.08792
Iteration16: hamming distance =0.07485
Iteration17: hamming distance =0.06349
Iteration18: hamming distance =0.05369
Iteration19: hamming distance =0.04527
Iteration20: hamming distance =0.03808
Iteration21: hamming distance =0.03195
Iteration22: hamming distance =0.02675
Iteration23: hamming distance =0.02236
Iteration24: hamming distance =0.01865
Iteration25: hamming distance =0.01554
Iteration26: hamming distance =0.01292
Iteration27: hamming distance =0.01073
Iteration28: hamming distance =0.0089
Iteration29: hamming distance =0.00738
Iteration30: hamming distance =0.00611
Iteration31: hamming distance =0.00505
Iteration32: hamming distance =0.00417
Iteration33: hamming distance =0.00344
Iteration34: hamming distance =0.00284
Iteration35: hamming distance =0.00234
Iteration36: hamming distance =0.00193
Iteration37: hamming distance =0.00159
Iteration38: hamming distance =0.00131
Iteration39: hamming distance =0.00108
Iteration40: hamming distance =0.00088
Successfully ran PANDA on 20429 Genes and 1080 TFs.
Time elapsed:3385.68seconds.
Iteration0: hamming distance =3.53296
Iteration1: hamming distance =0.80321
Iteration2: hamming distance =0.65318
Iteration3: hamming distance =0.59304
Iteration4: hamming distance =0.54674
Iteration5: hamming distance =0.50199
Iteration6: hamming distance =0.45672
Iteration7: hamming distance =0.41135
Iteration8: hamming distance =0.3669
Iteration9: hamming distance =0.32437
Iteration10: hamming distance =0.28449
Iteration11: hamming distance =0.24778
Iteration12: hamming distance =0.21448
Iteration13: hamming distance =0.18465
Iteration14: hamming distance =0.1582
Iteration15: hamming distance =0.13498
Iteration16: hamming distance =0.11472
Iteration17: hamming distance =0.09718
Iteration18: hamming distance =0.08208
Iteration19: hamming distance =0.06913
Iteration20: hamming distance =0.05809
Iteration21: hamming distance =0.0487
Iteration22: hamming distance =0.04074
Iteration23: hamming distance =0.03403
Iteration24: hamming distance =0.02837
Iteration25: hamming distance =0.02361
Iteration26: hamming distance =0.01963
Iteration27: hamming distance =0.0163
Iteration28: hamming distance =0.01351
Iteration29: hamming distance =0.01119
Iteration30: hamming distance =0.00926
Iteration31: hamming distance =0.00766
Iteration32: hamming distance =0.00632
Iteration33: hamming distance =0.00522
Iteration34: hamming distance =0.0043
Iteration35: hamming distance =0.00355
Iteration36: hamming distance =0.00292
Iteration37: hamming distance =0.00241
Iteration38: hamming distance =0.00198
Iteration39: hamming distance =0.00163
Iteration40: hamming distance =0.00134
Iteration41: hamming distance =0.0011
Iteration42: hamming distance =9e-04
Successfully ran PANDA on 20429 Genes and 1080 TFs.
Time elapsed:3529.23seconds.
Iteration0: hamming distance =2.30827
Iteration1: hamming distance =0.60995
Iteration2: hamming distance =0.47802
Iteration3: hamming distance =0.4267
Iteration4: hamming distance =0.39084
Iteration5: hamming distance =0.35827
Iteration6: hamming distance =0.32619
Iteration7: hamming distance =0.29432
Iteration8: hamming distance =0.26313
Iteration9: hamming distance =0.23319
Iteration10: hamming distance =0.20501
Iteration11: hamming distance =0.17896
Iteration12: hamming distance =0.15522
Iteration13: hamming distance =0.13388
Iteration14: hamming distance =0.1149
Iteration15: hamming distance =0.09818
Iteration16: hamming distance =0.08356
Iteration17: hamming distance =0.07087
Iteration18: hamming distance =0.05992
Iteration19: hamming distance =0.05051
Iteration20: hamming distance =0.04248
Iteration21: hamming distance =0.03564
Iteration22: hamming distance =0.02984
Iteration23: hamming distance =0.02493
Iteration24: hamming distance =0.0208
Iteration25: hamming distance =0.01732
Iteration26: hamming distance =0.01441
Iteration27: hamming distance =0.01197
Iteration28: hamming distance =0.00993
Iteration29: hamming distance =0.00822
Iteration30: hamming distance =0.00681
Iteration31: hamming distance =0.00563
Iteration32: hamming distance =0.00465
Iteration33: hamming distance =0.00384
Iteration34: hamming distance =0.00317
Iteration35: hamming distance =0.00261
Iteration36: hamming distance =0.00215
Iteration37: hamming distance =0.00177
Iteration38: hamming distance =0.00146
Iteration39: hamming distance =0.0012
Iteration40: hamming distance =0.00099
Successfully ran PANDA on 20429 Genes and 1080 TFs.
Time elapsed:3369.4seconds.
Iteration0: hamming distance =3.2722
Iteration1: hamming distance =0.76551
Iteration2: hamming distance =0.61624
Iteration3: hamming distance =0.55788
Iteration4: hamming distance =0.51387
Iteration5: hamming distance =0.47178
Iteration6: hamming distance =0.42935
Iteration7: hamming distance =0.38687
Iteration8: hamming distance =0.34524
Iteration9: hamming distance =0.30536
Iteration10: hamming distance =0.26795
Iteration11: hamming distance =0.23347
Iteration12: hamming distance =0.20217
Iteration13: hamming distance =0.17411
Iteration14: hamming distance =0.14923
Iteration15: hamming distance =0.12735
Iteration16: hamming distance =0.10827
Iteration17: hamming distance =0.09174
Iteration18: hamming distance =0.0775
Iteration19: hamming distance =0.06529
Iteration20: hamming distance =0.05487
Iteration21: hamming distance =0.04601
Iteration22: hamming distance =0.0385
Iteration23: hamming distance =0.03215
Iteration24: hamming distance =0.02681
Iteration25: hamming distance =0.02232
Iteration26: hamming distance =0.01856
Iteration27: hamming distance =0.01541
Iteration28: hamming distance =0.01278
Iteration29: hamming distance =0.01058
Iteration30: hamming distance =0.00876
Iteration31: hamming distance =0.00724
Iteration32: hamming distance =0.00598
Iteration33: hamming distance =0.00494
Iteration34: hamming distance =0.00407
Iteration35: hamming distance =0.00336
Iteration36: hamming distance =0.00276
Iteration37: hamming distance =0.00228
Iteration38: hamming distance =0.00187
Iteration39: hamming distance =0.00154
Iteration40: hamming distance =0.00127
Iteration41: hamming distance =0.00104
Iteration42: hamming distance =0.00085
Successfully ran PANDA on 20429 Genes and 1080 TFs.
Time elapsed:3476.52seconds.
Iteration0: hamming distance =2.74195
Iteration1: hamming distance =0.66181
Iteration2: hamming distance =0.53574
Iteration3: hamming distance =0.48644
Iteration4: hamming distance =0.44941
Iteration5: hamming distance =0.41382
Iteration6: hamming distance =0.37767
Iteration7: hamming distance =0.34118
Iteration8: hamming distance =0.30517
Iteration9: hamming distance =0.27047
Iteration10: hamming distance =0.23777
Iteration11: hamming distance =0.2075
Iteration12: hamming distance =0.17993
Iteration13: hamming distance =0.15514
Iteration14: hamming distance =0.13311
Iteration15: hamming distance =0.1137
Iteration16: hamming distance =0.09674
Iteration17: hamming distance =0.08203
Iteration18: hamming distance =0.06934
Iteration19: hamming distance =0.05844
Iteration20: hamming distance =0.04914
Iteration21: hamming distance =0.04122
Iteration22: hamming distance =0.03451
Iteration23: hamming distance =0.02883
Iteration24: hamming distance =0.02405
Iteration25: hamming distance =0.02003
Iteration26: hamming distance =0.01665
Iteration27: hamming distance =0.01383
Iteration28: hamming distance =0.01147
Iteration29: hamming distance =0.0095
Iteration30: hamming distance =0.00787
Iteration31: hamming distance =0.0065
Iteration32: hamming distance =0.00537
Iteration33: hamming distance =0.00444
Iteration34: hamming distance =0.00366
Iteration35: hamming distance =0.00302
Iteration36: hamming distance =0.00248
Iteration37: hamming distance =0.00205
Iteration38: hamming distance =0.00168
Iteration39: hamming distance =0.00138
Iteration40: hamming distance =0.00114
Iteration41: hamming distance =0.00094
Successfully ran PANDA on 20429 Genes and 1080 TFs.
Time elapsed:3393.4seconds.
Iteration0: hamming distance =2.289
Iteration1: hamming distance =0.62688
Iteration2: hamming distance =0.48072
Iteration3: hamming distance =0.42353
Iteration4: hamming distance =0.38498
Iteration5: hamming distance =0.35125
Iteration6: hamming distance =0.31884
Iteration7: hamming distance =0.28711
Iteration8: hamming distance =0.25632
Iteration9: hamming distance =0.22693
Iteration10: hamming distance =0.19936
Iteration11: hamming distance =0.17393
Iteration12: hamming distance =0.1508
Iteration13: hamming distance =0.13003
Iteration14: hamming distance =0.11156
Iteration15: hamming distance =0.0953
Iteration16: hamming distance =0.0811
Iteration17: hamming distance =0.06877
Iteration18: hamming distance =0.05813
Iteration19: hamming distance =0.04901
Iteration20: hamming distance =0.04121
Iteration21: hamming distance =0.03457
Iteration22: hamming distance =0.02894
Iteration23: hamming distance =0.02418
Iteration24: hamming distance =0.02017
Iteration25: hamming distance =0.0168
Iteration26: hamming distance =0.01397
Iteration27: hamming distance =0.0116
Iteration28: hamming distance =0.00962
Iteration29: hamming distance =0.00797
Iteration30: hamming distance =0.0066
Iteration31: hamming distance =0.00546
Iteration32: hamming distance =0.00451
Iteration33: hamming distance =0.00372
Iteration34: hamming distance =0.00307
Iteration35: hamming distance =0.00253
Iteration36: hamming distance =0.00208
Iteration37: hamming distance =0.00172
Iteration38: hamming distance =0.00141
Iteration39: hamming distance =0.00116
Iteration40: hamming distance =0.00096
Successfully ran PANDA on 20429 Genes and 1080 TFs.
Time elapsed:3349.22seconds.
Iteration0: hamming distance =1.47228
Iteration1: hamming distance =0.41265
Iteration2: hamming distance =0.3359
Iteration3: hamming distance =0.30705
Iteration4: hamming distance =0.28617
Iteration5: hamming distance =0.26601
Iteration6: hamming distance =0.24511
Iteration7: hamming distance =0.22352
Iteration8: hamming distance =0.20172
Iteration9: hamming distance =0.18028
Iteration10: hamming distance =0.15969
Iteration11: hamming distance =0.14032
Iteration12: hamming distance =0.12242
Iteration13: hamming distance =0.10614
Iteration14: hamming distance =0.0915
Iteration15: hamming distance =0.07849
Iteration16: hamming distance =0.06704
Iteration17: hamming distance =0.05703
Iteration18: hamming distance =0.04835
Iteration19: hamming distance =0.04085
Iteration20: hamming distance =0.03443
Iteration21: hamming distance =0.02894
Iteration22: hamming distance =0.02426
Iteration23: hamming distance =0.0203
Iteration24: hamming distance =0.01696
Iteration25: hamming distance =0.01414
Iteration26: hamming distance =0.01177
Iteration27: hamming distance =0.00978
Iteration28: hamming distance =0.00812
Iteration29: hamming distance =0.00673
Iteration30: hamming distance =0.00558
Iteration31: hamming distance =0.00461
Iteration32: hamming distance =0.00381
Iteration33: hamming distance =0.00315
Iteration34: hamming distance =0.0026
Iteration35: hamming distance =0.00214
Iteration36: hamming distance =0.00177
Iteration37: hamming distance =0.00145
Iteration38: hamming distance =0.0012
Iteration39: hamming distance =0.00099
Successfully ran PANDA on 20429 Genes and 1080 TFs.
Time elapsed:3266.81seconds.
Iteration0: hamming distance =4.41877
Iteration1: hamming distance =0.94095
Iteration2: hamming distance =0.79872
Iteration3: hamming distance =0.73491
Iteration4: hamming distance =0.68099
Iteration5: hamming distance =0.62651
Iteration6: hamming distance =0.57039
Iteration7: hamming distance =0.51377
Iteration8: hamming distance =0.45816
Iteration9: hamming distance =0.40491
Iteration10: hamming distance =0.35501
Iteration11: hamming distance =0.30908
Iteration12: hamming distance =0.26745
Iteration13: hamming distance =0.23017
Iteration14: hamming distance =0.19715
Iteration15: hamming distance =0.16815
Iteration16: hamming distance =0.14288
Iteration17: hamming distance =0.121
Iteration18: hamming distance =0.10217
Iteration19: hamming distance =0.08603
Iteration20: hamming distance =0.07227
Iteration21: hamming distance =0.06057
Iteration22: hamming distance =0.05067
Iteration23: hamming distance =0.04231
Iteration24: hamming distance =0.03526
Iteration25: hamming distance =0.02935
Iteration26: hamming distance =0.02439
Iteration27: hamming distance =0.02024
Iteration28: hamming distance =0.01678
Iteration29: hamming distance =0.0139
Iteration30: hamming distance =0.0115
Iteration31: hamming distance =0.0095
Iteration32: hamming distance =0.00785
Iteration33: hamming distance =0.00648
Iteration34: hamming distance =0.00534
Iteration35: hamming distance =0.0044
Iteration36: hamming distance =0.00363
Iteration37: hamming distance =0.00298
Iteration38: hamming distance =0.00246
Iteration39: hamming distance =0.00202
Iteration40: hamming distance =0.00166
Iteration41: hamming distance =0.00136
Iteration42: hamming distance =0.00112
Iteration43: hamming distance =0.00092
Successfully ran PANDA on 20429 Genes and 1080 TFs.
Time elapsed:3590.46seconds.
Iteration0: hamming distance =4.08964
Iteration1: hamming distance =0.88027
Iteration2: hamming distance =0.74071
Iteration3: hamming distance =0.67997
Iteration4: hamming distance =0.62964
Iteration5: hamming distance =0.57915
Iteration6: hamming distance =0.52725
Iteration7: hamming distance =0.47491
Iteration8: hamming distance =0.42351
Iteration9: hamming distance =0.37429
Iteration10: hamming distance =0.32818
Iteration11: hamming distance =0.28573
Iteration12: hamming distance =0.24725
Iteration13: hamming distance =0.2128
Iteration14: hamming distance =0.18228
Iteration15: hamming distance =0.15548
Iteration16: hamming distance =0.13213
Iteration17: hamming distance =0.11191
Iteration18: hamming distance =0.09449
Iteration19: hamming distance =0.07958
Iteration20: hamming distance =0.06685
Iteration21: hamming distance =0.05604
Iteration22: hamming distance =0.04688
Iteration23: hamming distance =0.03914
Iteration24: hamming distance =0.03263
Iteration25: hamming distance =0.02716
Iteration26: hamming distance =0.02257
Iteration27: hamming distance =0.01874
Iteration28: hamming distance =0.01554
Iteration29: hamming distance =0.01287
Iteration30: hamming distance =0.01065
Iteration31: hamming distance =0.0088
Iteration32: hamming distance =0.00727
Iteration33: hamming distance =0.006
Iteration34: hamming distance =0.00495
Iteration35: hamming distance =0.00408
Iteration36: hamming distance =0.00336
Iteration37: hamming distance =0.00276
Iteration38: hamming distance =0.00227
Iteration39: hamming distance =0.00187
Iteration40: hamming distance =0.00154
Iteration41: hamming distance =0.00126
Iteration42: hamming distance =0.00104
Iteration43: hamming distance =0.00085
Successfully ran PANDA on 20429 Genes and 1080 TFs.
Time elapsed:3606.07seconds.
Iteration0: hamming distance =2.97997
Iteration1: hamming distance =0.7452
Iteration2: hamming distance =0.58184
Iteration3: hamming distance =0.5203
Iteration4: hamming distance =0.47664
Iteration5: hamming distance =0.43648
Iteration6: hamming distance =0.39676
Iteration7: hamming distance =0.35734
Iteration8: hamming distance =0.31887
Iteration9: hamming distance =0.28209
Iteration10: hamming distance =0.24759
Iteration11: hamming distance =0.2158
Iteration12: hamming distance =0.18693
Iteration13: hamming distance =0.16103
Iteration14: hamming distance =0.13806
Iteration15: hamming distance =0.11785
Iteration16: hamming distance =0.10022
Iteration17: hamming distance =0.08494
Iteration18: hamming distance =0.07177
Iteration19: hamming distance =0.06047
Iteration20: hamming distance =0.05083
Iteration21: hamming distance =0.04262
Iteration22: hamming distance =0.03567
Iteration23: hamming distance =0.0298
Iteration24: hamming distance =0.02485
Iteration25: hamming distance =0.02069
Iteration26: hamming distance =0.0172
Iteration27: hamming distance =0.01428
Iteration28: hamming distance =0.01185
Iteration29: hamming distance =0.00981
Iteration30: hamming distance =0.00812
Iteration31: hamming distance =0.00672
Iteration32: hamming distance =0.00555
Iteration33: hamming distance =0.00458
Iteration34: hamming distance =0.00378
Iteration35: hamming distance =0.00311
Iteration36: hamming distance =0.00256
Iteration37: hamming distance =0.00211
Iteration38: hamming distance =0.00174
Iteration39: hamming distance =0.00143
Iteration40: hamming distance =0.00117
Iteration41: hamming distance =0.00097
Successfully ran PANDA on 20429 Genes and 1080 TFs.
Time elapsed:3441.72seconds.
Iteration0: hamming distance =3.32393
Iteration1: hamming distance =0.77637
Iteration2: hamming distance =0.62199
Iteration3: hamming distance =0.56178
Iteration4: hamming distance =0.51696
Iteration5: hamming distance =0.47443
Iteration6: hamming distance =0.43173
Iteration7: hamming distance =0.38903
Iteration8: hamming distance =0.34721
Iteration9: hamming distance =0.30715
Iteration10: hamming distance =0.26956
Iteration11: hamming distance =0.23491
Iteration12: hamming distance =0.20344
Iteration13: hamming distance =0.17523
Iteration14: hamming distance =0.1502
Iteration15: hamming distance =0.1282
Iteration16: hamming distance =0.109
Iteration17: hamming distance =0.09237
Iteration18: hamming distance =0.07803
Iteration19: hamming distance =0.06574
Iteration20: hamming distance =0.05525
Iteration21: hamming distance =0.04633
Iteration22: hamming distance =0.03877
Iteration23: hamming distance =0.03238
Iteration24: hamming distance =0.027
Iteration25: hamming distance =0.02248
Iteration26: hamming distance =0.01869
Iteration27: hamming distance =0.01552
Iteration28: hamming distance =0.01287
Iteration29: hamming distance =0.01066
Iteration30: hamming distance =0.00882
Iteration31: hamming distance =0.00729
Iteration32: hamming distance =0.00603
Iteration33: hamming distance =0.00497
Iteration34: hamming distance =0.0041
Iteration35: hamming distance =0.00338
Iteration36: hamming distance =0.00279
Iteration37: hamming distance =0.00229
Iteration38: hamming distance =0.00189
Iteration39: hamming distance =0.00155
Iteration40: hamming distance =0.00128
Iteration41: hamming distance =0.00105
Iteration42: hamming distance =0.00086
Successfully ran PANDA on 20429 Genes and 1080 TFs.
Time elapsed:3513.25seconds.
Iteration0: hamming distance =2.14918
Iteration1: hamming distance =0.5591
Iteration2: hamming distance =0.44197
Iteration3: hamming distance =0.3965
Iteration4: hamming distance =0.36446
Iteration5: hamming distance =0.33503
Iteration6: hamming distance =0.30575
Iteration7: hamming distance =0.27645
Iteration8: hamming distance =0.24758
Iteration9: hamming distance =0.21974
Iteration10: hamming distance =0.19344
Iteration11: hamming distance =0.16905
Iteration12: hamming distance =0.14677
Iteration13: hamming distance =0.1267
Iteration14: hamming distance =0.10881
Iteration15: hamming distance =0.09303
Iteration16: hamming distance =0.07923
Iteration17: hamming distance =0.06723
Iteration18: hamming distance =0.05686
Iteration19: hamming distance =0.04796
Iteration20: hamming distance =0.04034
Iteration21: hamming distance =0.03386
Iteration22: hamming distance =0.02835
Iteration23: hamming distance =0.0237
Iteration24: hamming distance =0.01977
Iteration25: hamming distance =0.01647
Iteration26: hamming distance =0.0137
Iteration27: hamming distance =0.01138
Iteration28: hamming distance =0.00944
Iteration29: hamming distance =0.00782
Iteration30: hamming distance =0.00648
Iteration31: hamming distance =0.00536
Iteration32: hamming distance =0.00443
Iteration33: hamming distance =0.00365
Iteration34: hamming distance =0.00301
Iteration35: hamming distance =0.00248
Iteration36: hamming distance =0.00205
Iteration37: hamming distance =0.00169
Iteration38: hamming distance =0.00139
Iteration39: hamming distance =0.00114
Iteration40: hamming distance =0.00094
Successfully ran PANDA on 20429 Genes and 1080 TFs.
Time elapsed:3355.28seconds.
Iteration0: hamming distance =4.71734
Iteration1: hamming distance =0.97549
Iteration2: hamming distance =0.84843
Iteration3: hamming distance =0.78797
Iteration4: hamming distance =0.73345
Iteration5: hamming distance =0.67645
Iteration6: hamming distance =0.61677
Iteration7: hamming distance =0.55606
Iteration8: hamming distance =0.49619
Iteration9: hamming distance =0.43872
Iteration10: hamming distance =0.38478
Iteration11: hamming distance =0.33509
Iteration12: hamming distance =0.29
Iteration13: hamming distance =0.24962
Iteration14: hamming distance =0.21383
Iteration15: hamming distance =0.1824
Iteration16: hamming distance =0.155
Iteration17: hamming distance =0.13127
Iteration18: hamming distance =0.11084
Iteration19: hamming distance =0.09333
Iteration20: hamming distance =0.0784
Iteration21: hamming distance =0.06571
Iteration22: hamming distance =0.05497
Iteration23: hamming distance =0.04589
Iteration24: hamming distance =0.03825
Iteration25: hamming distance =0.03183
Iteration26: hamming distance =0.02646
Iteration27: hamming distance =0.02196
Iteration28: hamming distance =0.0182
Iteration29: hamming distance =0.01507
Iteration30: hamming distance =0.01247
Iteration31: hamming distance =0.01031
Iteration32: hamming distance =0.00851
Iteration33: hamming distance =0.00702
Iteration34: hamming distance =0.00579
Iteration35: hamming distance =0.00477
Iteration36: hamming distance =0.00393
Iteration37: hamming distance =0.00324
Iteration38: hamming distance =0.00266
Iteration39: hamming distance =0.00219
Iteration40: hamming distance =0.0018
Iteration41: hamming distance =0.00148
Iteration42: hamming distance =0.00121
Iteration43: hamming distance =0.001
Successfully ran PANDA on 20429 Genes and 1080 TFs.
Time elapsed:3590.84seconds.
Iteration0: hamming distance =5.61917
Iteration1: hamming distance =1.13937
Iteration2: hamming distance =1.03159
Iteration3: hamming distance =0.9726
Iteration4: hamming distance =0.91301
Iteration5: hamming distance =0.84701
Iteration6: hamming distance =0.77582
Iteration7: hamming distance =0.70212
Iteration8: hamming distance =0.62856
Iteration9: hamming distance =0.55732
Iteration10: hamming distance =0.48999
Iteration11: hamming distance =0.4276
Iteration12: hamming distance =0.37074
Iteration13: hamming distance =0.31961
Iteration14: hamming distance =0.27414
Iteration15: hamming distance =0.2341
Iteration16: hamming distance =0.19912
Iteration17: hamming distance =0.16876
Iteration18: hamming distance =0.14259
Iteration19: hamming distance =0.12014
Iteration20: hamming distance =0.10096
Iteration21: hamming distance =0.08465
Iteration22: hamming distance =0.07082
Iteration23: hamming distance =0.05915
Iteration24: hamming distance =0.04931
Iteration25: hamming distance =0.04104
Iteration26: hamming distance =0.03411
Iteration27: hamming distance =0.02831
Iteration28: hamming distance =0.02347
Iteration29: hamming distance =0.01944
Iteration30: hamming distance =0.01608
Iteration31: hamming distance =0.01329
Iteration32: hamming distance =0.01098
Iteration33: hamming distance =0.00906
Iteration34: hamming distance =0.00747
Iteration35: hamming distance =0.00616
Iteration36: hamming distance =0.00507
Iteration37: hamming distance =0.00417
Iteration38: hamming distance =0.00343
Iteration39: hamming distance =0.00282
Iteration40: hamming distance =0.00232
Iteration41: hamming distance =0.00191
Iteration42: hamming distance =0.00157
Iteration43: hamming distance =0.00129
Iteration44: hamming distance =0.00106
Iteration45: hamming distance =0.00087
Successfully ran PANDA on 20429 Genes and 1080 TFs.
Time elapsed:3744.52seconds.
Iteration0: hamming distance =3.22305
Iteration1: hamming distance =0.69565
Iteration2: hamming distance =0.5828
Iteration3: hamming distance =0.53635
Iteration4: hamming distance =0.49837
Iteration5: hamming distance =0.46002
Iteration6: hamming distance =0.42019
Iteration7: hamming distance =0.37962
Iteration8: hamming distance =0.33943
Iteration9: hamming distance =0.30067
Iteration10: hamming distance =0.26413
Iteration11: hamming distance =0.23035
Iteration12: hamming distance =0.1996
Iteration13: hamming distance =0.17199
Iteration14: hamming distance =0.14746
Iteration15: hamming distance =0.12589
Iteration16: hamming distance =0.10706
Iteration17: hamming distance =0.09073
Iteration18: hamming distance =0.07666
Iteration19: hamming distance =0.06459
Iteration20: hamming distance =0.05428
Iteration21: hamming distance =0.04552
Iteration22: hamming distance =0.03809
Iteration23: hamming distance =0.03182
Iteration24: hamming distance =0.02653
Iteration25: hamming distance =0.02209
Iteration26: hamming distance =0.01837
Iteration27: hamming distance =0.01525
Iteration28: hamming distance =0.01265
Iteration29: hamming distance =0.01048
Iteration30: hamming distance =0.00867
Iteration31: hamming distance =0.00717
Iteration32: hamming distance =0.00592
Iteration33: hamming distance =0.00489
Iteration34: hamming distance =0.00403
Iteration35: hamming distance =0.00332
Iteration36: hamming distance =0.00274
Iteration37: hamming distance =0.00225
Iteration38: hamming distance =0.00185
Iteration39: hamming distance =0.00153
Iteration40: hamming distance =0.00125
Iteration41: hamming distance =0.00103
Iteration42: hamming distance =0.00085
Successfully ran PANDA on 20429 Genes and 1080 TFs.
Time elapsed:3501.74seconds.
Iteration0: hamming distance =1.38532
Iteration1: hamming distance =0.37168
Iteration2: hamming distance =0.31788
Iteration3: hamming distance =0.29761
Iteration4: hamming distance =0.28108
Iteration5: hamming distance =0.26347
Iteration6: hamming distance =0.24419
Iteration7: hamming distance =0.22366
Iteration8: hamming distance =0.20256
Iteration9: hamming distance =0.18155
Iteration10: hamming distance =0.1612
Iteration11: hamming distance =0.14193
Iteration12: hamming distance =0.12405
Iteration13: hamming distance =0.10771
Iteration14: hamming distance =0.09298
Iteration15: hamming distance =0.07985
Iteration16: hamming distance =0.06827
Iteration17: hamming distance =0.05813
Iteration18: hamming distance =0.04931
Iteration19: hamming distance =0.0417
Iteration20: hamming distance =0.03516
Iteration21: hamming distance =0.02957
Iteration22: hamming distance =0.02481
Iteration23: hamming distance =0.02077
Iteration24: hamming distance =0.01735
Iteration25: hamming distance =0.01447
Iteration26: hamming distance =0.01205
Iteration27: hamming distance =0.01002
Iteration28: hamming distance =0.00832
Iteration29: hamming distance =0.0069
Iteration30: hamming distance =0.00571
Iteration31: hamming distance =0.00473
Iteration32: hamming distance =0.00391
Iteration33: hamming distance =0.00323
Iteration34: hamming distance =0.00266
Iteration35: hamming distance =0.0022
Iteration36: hamming distance =0.00181
Iteration37: hamming distance =0.00149
Iteration38: hamming distance =0.00123
Iteration39: hamming distance =0.00101
Iteration40: hamming distance =0.00083
Successfully ran PANDA on 20429 Genes and 1080 TFs.
Time elapsed:3338.9seconds.
Iteration0: hamming distance =3.66561
Iteration1: hamming distance =0.79374
Iteration2: hamming distance =0.65368
Iteration3: hamming distance =0.59687
Iteration4: hamming distance =0.5518
Iteration5: hamming distance =0.50738
Iteration6: hamming distance =0.46198
Iteration7: hamming distance =0.41625
Iteration8: hamming distance =0.37133
Iteration9: hamming distance =0.32828
Iteration10: hamming distance =0.28791
Iteration11: hamming distance =0.25074
Iteration12: hamming distance =0.21701
Iteration13: hamming distance =0.18681
Iteration14: hamming distance =0.16003
Iteration15: hamming distance =0.13652
Iteration16: hamming distance =0.11603
Iteration17: hamming distance =0.09828
Iteration18: hamming distance =0.08299
Iteration19: hamming distance =0.0699
Iteration20: hamming distance =0.05873
Iteration21: hamming distance =0.04923
Iteration22: hamming distance =0.04119
Iteration23: hamming distance =0.03439
Iteration24: hamming distance =0.02867
Iteration25: hamming distance =0.02387
Iteration26: hamming distance =0.01984
Iteration27: hamming distance =0.01647
Iteration28: hamming distance =0.01366
Iteration29: hamming distance =0.01131
Iteration30: hamming distance =0.00936
Iteration31: hamming distance =0.00774
Iteration32: hamming distance =0.00639
Iteration33: hamming distance =0.00527
Iteration34: hamming distance =0.00435
Iteration35: hamming distance =0.00358
Iteration36: hamming distance =0.00295
Iteration37: hamming distance =0.00243
Iteration38: hamming distance =0.002
Iteration39: hamming distance =0.00164
Iteration40: hamming distance =0.00135
Iteration41: hamming distance =0.00111
Iteration42: hamming distance =0.00091
Successfully ran PANDA on 20429 Genes and 1080 TFs.
Time elapsed:3497.05seconds.
Iteration0: hamming distance =2.87745
Iteration1: hamming distance =0.64424
Iteration2: hamming distance =0.53257
Iteration3: hamming distance =0.48798
Iteration4: hamming distance =0.45269
Iteration5: hamming distance =0.41768
Iteration6: hamming distance =0.38156
Iteration7: hamming distance =0.34485
Iteration8: hamming distance =0.30849
Iteration9: hamming distance =0.27341
Iteration10: hamming distance =0.24031
Iteration11: hamming distance =0.20968
Iteration12: hamming distance =0.18178
Iteration13: hamming distance =0.1567
Iteration14: hamming distance =0.13441
Iteration15: hamming distance =0.11479
Iteration16: hamming distance =0.09765
Iteration17: hamming distance =0.08278
Iteration18: hamming distance =0.06996
Iteration19: hamming distance =0.05896
Iteration20: hamming distance =0.04956
Iteration21: hamming distance =0.04157
Iteration22: hamming distance =0.03479
Iteration23: hamming distance =0.02907
Iteration24: hamming distance =0.02424
Iteration25: hamming distance =0.02019
Iteration26: hamming distance =0.01678
Iteration27: hamming distance =0.01394
Iteration28: hamming distance =0.01156
Iteration29: hamming distance =0.00958
Iteration30: hamming distance =0.00793
Iteration31: hamming distance =0.00655
Iteration32: hamming distance =0.00541
Iteration33: hamming distance =0.00447
Iteration34: hamming distance =0.00369
Iteration35: hamming distance =0.00304
Iteration36: hamming distance =0.0025
Iteration37: hamming distance =0.00206
Iteration38: hamming distance =0.0017
Iteration39: hamming distance =0.00139
Iteration40: hamming distance =0.00115
Iteration41: hamming distance =0.00094
Successfully ran PANDA on 20429 Genes and 1080 TFs.
Time elapsed:3439.99seconds.
Iteration0: hamming distance =2.24578
Iteration1: hamming distance =0.58847
Iteration2: hamming distance =0.45414
Iteration3: hamming distance =0.40244
Iteration4: hamming distance =0.36747
Iteration5: hamming distance =0.33651
Iteration6: hamming distance =0.30644
Iteration7: hamming distance =0.27672
Iteration8: hamming distance =0.24765
Iteration9: hamming distance =0.21973
Iteration10: hamming distance =0.19341
Iteration11: hamming distance =0.16902
Iteration12: hamming distance =0.14676
Iteration13: hamming distance =0.1267
Iteration14: hamming distance =0.10883
Iteration15: hamming distance =0.09306
Iteration16: hamming distance =0.07925
Iteration17: hamming distance =0.06725
Iteration18: hamming distance =0.05689
Iteration19: hamming distance =0.04798
Iteration20: hamming distance =0.04037
Iteration21: hamming distance =0.03388
Iteration22: hamming distance =0.02837
Iteration23: hamming distance =0.02372
Iteration24: hamming distance =0.01979
Iteration25: hamming distance =0.01648
Iteration26: hamming distance =0.01371
Iteration27: hamming distance =0.01139
Iteration28: hamming distance =0.00945
Iteration29: hamming distance =0.00783
Iteration30: hamming distance =0.00648
Iteration31: hamming distance =0.00536
Iteration32: hamming distance =0.00443
Iteration33: hamming distance =0.00366
Iteration34: hamming distance =0.00302
Iteration35: hamming distance =0.00249
Iteration36: hamming distance =0.00205
Iteration37: hamming distance =0.00169
Iteration38: hamming distance =0.00139
Iteration39: hamming distance =0.00114
Iteration40: hamming distance =0.00094
Successfully ran PANDA on 20429 Genes and 1080 TFs.
Time elapsed:3354.29seconds.
Iteration0: hamming distance =1.84174
Iteration1: hamming distance =0.52139
Iteration2: hamming distance =0.40653
Iteration3: hamming distance =0.36078
Iteration4: hamming distance =0.32974
Iteration5: hamming distance =0.30235
Iteration6: hamming distance =0.27574
Iteration7: hamming distance =0.2494
Iteration8: hamming distance =0.22357
Iteration9: hamming distance =0.19868
Iteration10: hamming distance =0.17514
Iteration11: hamming distance =0.15326
Iteration12: hamming distance =0.13324
Iteration13: hamming distance =0.11516
Iteration14: hamming distance =0.09901
Iteration15: hamming distance =0.08474
Iteration16: hamming distance =0.07222
Iteration17: hamming distance =0.06133
Iteration18: hamming distance =0.05191
Iteration19: hamming distance =0.04381
Iteration20: hamming distance =0.03687
Iteration21: hamming distance =0.03096
Iteration22: hamming distance =0.02594
Iteration23: hamming distance =0.02169
Iteration24: hamming distance =0.0181
Iteration25: hamming distance =0.01508
Iteration26: hamming distance =0.01255
Iteration27: hamming distance =0.01043
Iteration28: hamming distance =0.00865
Iteration29: hamming distance =0.00717
Iteration30: hamming distance =0.00594
Iteration31: hamming distance =0.00491
Iteration32: hamming distance =0.00406
Iteration33: hamming distance =0.00335
Iteration34: hamming distance =0.00276
Iteration35: hamming distance =0.00228
Iteration36: hamming distance =0.00188
Iteration37: hamming distance =0.00155
Iteration38: hamming distance =0.00127
Iteration39: hamming distance =0.00105
Iteration40: hamming distance =0.00086
Successfully ran PANDA on 20429 Genes and 1080 TFs.
Time elapsed:3367.93seconds.
Iteration0: hamming distance =4.10458
Iteration1: hamming distance =0.89576
Iteration2: hamming distance =0.74784
Iteration3: hamming distance =0.68446
Iteration4: hamming distance =0.63297
Iteration5: hamming distance =0.58185
Iteration6: hamming distance =0.52956
Iteration7: hamming distance =0.47692
Iteration8: hamming distance =0.42529
Iteration9: hamming distance =0.37587
Iteration10: hamming distance =0.32956
Iteration11: hamming distance =0.28695
Iteration12: hamming distance =0.24831
Iteration13: hamming distance =0.21373
Iteration14: hamming distance =0.18308
Iteration15: hamming distance =0.15617
Iteration16: hamming distance =0.13271
Iteration17: hamming distance =0.11241
Iteration18: hamming distance =0.09492
Iteration19: hamming distance =0.07994
Iteration20: hamming distance =0.06716
Iteration21: hamming distance =0.05629
Iteration22: hamming distance =0.04709
Iteration23: hamming distance =0.03932
Iteration24: hamming distance =0.03278
Iteration25: hamming distance =0.02729
Iteration26: hamming distance =0.02268
Iteration27: hamming distance =0.01883
Iteration28: hamming distance =0.01561
Iteration29: hamming distance =0.01293
Iteration30: hamming distance =0.0107
Iteration31: hamming distance =0.00884
Iteration32: hamming distance =0.0073
Iteration33: hamming distance =0.00603
Iteration34: hamming distance =0.00497
Iteration35: hamming distance =0.0041
Iteration36: hamming distance =0.00337
Iteration37: hamming distance =0.00278
Iteration38: hamming distance =0.00228
Iteration39: hamming distance =0.00188
Iteration40: hamming distance =0.00154
Iteration41: hamming distance =0.00127
Iteration42: hamming distance =0.00104
Iteration43: hamming distance =0.00086
Successfully ran PANDA on 20429 Genes and 1080 TFs.
Time elapsed:3603.54seconds.
Iteration0: hamming distance =4.80197
Iteration1: hamming distance =0.98412
Iteration2: hamming distance =0.86186
Iteration3: hamming distance =0.80234
Iteration4: hamming distance =0.74773
Iteration5: hamming distance =0.69011
Iteration6: hamming distance =0.6295
Iteration7: hamming distance =0.56771
Iteration8: hamming distance =0.50668
Iteration9: hamming distance =0.44805
Iteration10: hamming distance =0.393
Iteration11: hamming distance =0.34228
Iteration12: hamming distance =0.29625
Iteration13: hamming distance =0.25501
Iteration14: hamming distance =0.21846
Iteration15: hamming distance =0.18636
Iteration16: hamming distance =0.15837
Iteration17: hamming distance =0.13414
Iteration18: hamming distance =0.11326
Iteration19: hamming distance =0.09538
Iteration20: hamming distance =0.08012
Iteration21: hamming distance =0.06716
Iteration22: hamming distance =0.05618
Iteration23: hamming distance =0.0469
Iteration24: hamming distance =0.0391
Iteration25: hamming distance =0.03254
Iteration26: hamming distance =0.02704
Iteration27: hamming distance =0.02244
Iteration28: hamming distance =0.01861
Iteration29: hamming distance =0.01541
Iteration30: hamming distance =0.01275
Iteration31: hamming distance =0.01054
Iteration32: hamming distance =0.0087
Iteration33: hamming distance =0.00718
Iteration34: hamming distance =0.00592
Iteration35: hamming distance =0.00488
Iteration36: hamming distance =0.00402
Iteration37: hamming distance =0.00331
Iteration38: hamming distance =0.00272
Iteration39: hamming distance =0.00224
Iteration40: hamming distance =0.00184
Iteration41: hamming distance =0.00151
Iteration42: hamming distance =0.00124
Iteration43: hamming distance =0.00102
Iteration44: hamming distance =0.00084
Successfully ran PANDA on 20429 Genes and 1080 TFs.
Time elapsed:3680.34seconds.
Iteration0: hamming distance =4.10973
Iteration1: hamming distance =0.82339
Iteration2: hamming distance =0.67686
Iteration3: hamming distance =0.61783
Iteration4: hamming distance =0.57107
Iteration5: hamming distance =0.52492
Iteration6: hamming distance =0.47774
Iteration7: hamming distance =0.43024
Iteration8: hamming distance =0.38363
Iteration9: hamming distance =0.339
Iteration10: hamming distance =0.29719
Iteration11: hamming distance =0.25871
Iteration12: hamming distance =0.22384
Iteration13: hamming distance =0.19262
Iteration14: hamming distance =0.16497
Iteration15: hamming distance =0.1407
Iteration16: hamming distance =0.11955
Iteration17: hamming distance =0.10124
Iteration18: hamming distance =0.08548
Iteration19: hamming distance =0.07198
Iteration20: hamming distance =0.06047
Iteration21: hamming distance =0.05068
Iteration22: hamming distance =0.0424
Iteration23: hamming distance =0.0354
Iteration24: hamming distance =0.02951
Iteration25: hamming distance =0.02456
Iteration26: hamming distance =0.02042
Iteration27: hamming distance =0.01695
Iteration28: hamming distance =0.01405
Iteration29: hamming distance =0.01164
Iteration30: hamming distance =0.00963
Iteration31: hamming distance =0.00796
Iteration32: hamming distance =0.00657
Iteration33: hamming distance =0.00542
Iteration34: hamming distance =0.00447
Iteration35: hamming distance =0.00369
Iteration36: hamming distance =0.00304
Iteration37: hamming distance =0.0025
Iteration38: hamming distance =0.00206
Iteration39: hamming distance =0.00169
Iteration40: hamming distance =0.00139
Iteration41: hamming distance =0.00114
Iteration42: hamming distance =0.00094
Successfully ran PANDA on 20429 Genes and 1080 TFs.
Time elapsed:3512.8seconds.
Iteration0: hamming distance =3.13133
Iteration1: hamming distance =0.64516
Iteration2: hamming distance =0.54921
Iteration3: hamming distance =0.50939
Iteration4: hamming distance =0.47533
Iteration5: hamming distance =0.43989
Iteration6: hamming distance =0.40247
Iteration7: hamming distance =0.36401
Iteration8: hamming distance =0.32571
Iteration9: hamming distance =0.28866
Iteration10: hamming distance =0.25367
Iteration11: hamming distance =0.22128
Iteration12: hamming distance =0.19177
Iteration13: hamming distance =0.16527
Iteration14: hamming distance =0.14172
Iteration15: hamming distance =0.12099
Iteration16: hamming distance =0.1029
Iteration17: hamming distance =0.08721
Iteration18: hamming distance =0.07369
Iteration19: hamming distance =0.06209
Iteration20: hamming distance =0.05219
Iteration21: hamming distance =0.04376
Iteration22: hamming distance =0.03663
Iteration23: hamming distance =0.03059
Iteration24: hamming distance =0.02551
Iteration25: hamming distance =0.02124
Iteration26: hamming distance =0.01766
Iteration27: hamming distance =0.01466
Iteration28: hamming distance =0.01216
Iteration29: hamming distance =0.01007
Iteration30: hamming distance =0.00834
Iteration31: hamming distance =0.00689
Iteration32: hamming distance =0.00569
Iteration33: hamming distance =0.0047
Iteration34: hamming distance =0.00388
Iteration35: hamming distance =0.0032
Iteration36: hamming distance =0.00263
Iteration37: hamming distance =0.00217
Iteration38: hamming distance =0.00178
Iteration39: hamming distance =0.00147
Iteration40: hamming distance =0.00121
Iteration41: hamming distance =0.00099
Successfully ran PANDA on 20429 Genes and 1080 TFs.
Time elapsed:3436.19seconds.
There were 34 warnings (use warnings() to see them)
