 [1] "/data/user/jbarham3/230227_JW_Setbp1Manuscript/data/processed/expression_inputs/Bcell_controlkidneyexpression.Rdata"           
 [2] "/data/user/jbarham3/230227_JW_Setbp1Manuscript/data/processed/expression_inputs/Bcell_heterozygouskidneyexpression.Rdata"      
 [3] "/data/user/jbarham3/230227_JW_Setbp1Manuscript/data/processed/expression_inputs/CDIC_typeA_controlkidneyexpression.Rdata"      
 [4] "/data/user/jbarham3/230227_JW_Setbp1Manuscript/data/processed/expression_inputs/CDIC_typeA_heterozygouskidneyexpression.Rdata" 
 [5] "/data/user/jbarham3/230227_JW_Setbp1Manuscript/data/processed/expression_inputs/CDIC_typeB_controlkidneyexpression.Rdata"      
 [6] "/data/user/jbarham3/230227_JW_Setbp1Manuscript/data/processed/expression_inputs/CDIC_typeB_heterozygouskidneyexpression.Rdata" 
 [7] "/data/user/jbarham3/230227_JW_Setbp1Manuscript/data/processed/expression_inputs/CDPC_controlkidneyexpression.Rdata"            
 [8] "/data/user/jbarham3/230227_JW_Setbp1Manuscript/data/processed/expression_inputs/CDPC_heterozygouskidneyexpression.Rdata"       
 [9] "/data/user/jbarham3/230227_JW_Setbp1Manuscript/data/processed/expression_inputs/DCT_controlkidneyexpression.Rdata"             
[10] "/data/user/jbarham3/230227_JW_Setbp1Manuscript/data/processed/expression_inputs/DCT_heterozygouskidneyexpression.Rdata"        
[11] "/data/user/jbarham3/230227_JW_Setbp1Manuscript/data/processed/expression_inputs/DLH_controlkidneyexpression.Rdata"             
[12] "/data/user/jbarham3/230227_JW_Setbp1Manuscript/data/processed/expression_inputs/DLH_heterozygouskidneyexpression.Rdata"        
[13] "/data/user/jbarham3/230227_JW_Setbp1Manuscript/data/processed/expression_inputs/endothelial_controlkidneyexpression.Rdata"     
[14] "/data/user/jbarham3/230227_JW_Setbp1Manuscript/data/processed/expression_inputs/endothelial_heterozygouskidneyexpression.Rdata"
[15] "/data/user/jbarham3/230227_JW_Setbp1Manuscript/data/processed/expression_inputs/fibroblasts_controlkidneyexpression.Rdata"     
[16] "/data/user/jbarham3/230227_JW_Setbp1Manuscript/data/processed/expression_inputs/fibroblasts_heterozygouskidneyexpression.Rdata"
[17] "/data/user/jbarham3/230227_JW_Setbp1Manuscript/data/processed/expression_inputs/LOH_controlkidneyexpression.Rdata"             
[18] "/data/user/jbarham3/230227_JW_Setbp1Manuscript/data/processed/expression_inputs/LOH_heterozygouskidneyexpression.Rdata"        
[19] "/data/user/jbarham3/230227_JW_Setbp1Manuscript/data/processed/expression_inputs/macrophages_controlkidneyexpression.Rdata"     
[20] "/data/user/jbarham3/230227_JW_Setbp1Manuscript/data/processed/expression_inputs/macrophages_heterozygouskidneyexpression.Rdata"
[21] "/data/user/jbarham3/230227_JW_Setbp1Manuscript/data/processed/expression_inputs/PCTS1_controlkidneyexpression.Rdata"           
[22] "/data/user/jbarham3/230227_JW_Setbp1Manuscript/data/processed/expression_inputs/PCTS1_heterozygouskidneyexpression.Rdata"      
[23] "/data/user/jbarham3/230227_JW_Setbp1Manuscript/data/processed/expression_inputs/PCTS2_controlkidneyexpression.Rdata"           
[24] "/data/user/jbarham3/230227_JW_Setbp1Manuscript/data/processed/expression_inputs/PCTS2_heterozygouskidneyexpression.Rdata"      
[25] "/data/user/jbarham3/230227_JW_Setbp1Manuscript/data/processed/expression_inputs/perciytes_controlkidneyexpression.Rdata"       
[26] "/data/user/jbarham3/230227_JW_Setbp1Manuscript/data/processed/expression_inputs/pericytes_heterozygouskidneyexpression.Rdata"  
[27] "/data/user/jbarham3/230227_JW_Setbp1Manuscript/data/processed/expression_inputs/podocytes_controlkidneyexpression.Rdata"       
[28] "/data/user/jbarham3/230227_JW_Setbp1Manuscript/data/processed/expression_inputs/podocytes_heterozygouskidneyexpression.Rdata"  
[29] "/data/user/jbarham3/230227_JW_Setbp1Manuscript/data/processed/expression_inputs/PST_controlkidneyexpression.Rdata"             
[30] "/data/user/jbarham3/230227_JW_Setbp1Manuscript/data/processed/expression_inputs/PST_heterozygouskidneyexpression.Rdata"        
[31] "/data/user/jbarham3/230227_JW_Setbp1Manuscript/data/processed/expression_inputs/PT_controlkidneyexpression.Rdata"              
[32] "/data/user/jbarham3/230227_JW_Setbp1Manuscript/data/processed/expression_inputs/PT_heterozygouskidneyexpression.Rdata"         
[33] "/data/user/jbarham3/230227_JW_Setbp1Manuscript/data/processed/expression_inputs/smcs_controlkidneyexpression.Rdata"            
[34] "/data/user/jbarham3/230227_JW_Setbp1Manuscript/data/processed/expression_inputs/smcs_heteroyzgouskidneyexpression.Rdata"       
[1] "Initializing and validating"
[1] "Verified sufficient samples"
[1] "Normalizing networks..."
[1] "Learning Network..."
[1] "Using tanimoto similarity"
[1] "Bcell_controlkidneyexpression_PANDA network made and saved."
[1] "Initializing and validating"
[1] "Verified sufficient samples"
[1] "Normalizing networks..."
[1] "Learning Network..."
[1] "Using tanimoto similarity"
[1] "Bcell_heterozygouskidneyexpression_PANDA network made and saved."
[1] "Initializing and validating"
[1] "Verified sufficient samples"
[1] "Normalizing networks..."
[1] "Learning Network..."
[1] "Using tanimoto similarity"
[1] "CDIC_typeA_controlkidneyexpression_PANDA network made and saved."
[1] "Initializing and validating"
[1] "Verified sufficient samples"
[1] "Normalizing networks..."
[1] "Learning Network..."
[1] "Using tanimoto similarity"
[1] "CDIC_typeA_heterozygouskidneyexpression_PANDA network made and saved."
[1] "Initializing and validating"
[1] "Verified sufficient samples"
[1] "Normalizing networks..."
[1] "Learning Network..."
[1] "Using tanimoto similarity"
[1] "CDIC_typeB_controlkidneyexpression_PANDA network made and saved."
[1] "Initializing and validating"
[1] "Verified sufficient samples"
[1] "Normalizing networks..."
[1] "Learning Network..."
[1] "Using tanimoto similarity"
[1] "CDIC_typeB_heterozygouskidneyexpression_PANDA network made and saved."
[1] "Initializing and validating"
[1] "Verified sufficient samples"
[1] "Normalizing networks..."
[1] "Learning Network..."
[1] "Using tanimoto similarity"
[1] "CDPC_controlkidneyexpression_PANDA network made and saved."
[1] "Initializing and validating"
[1] "Verified sufficient samples"
[1] "Normalizing networks..."
[1] "Learning Network..."
[1] "Using tanimoto similarity"
[1] "CDPC_heterozygouskidneyexpression_PANDA network made and saved."
[1] "Initializing and validating"
[1] "Verified sufficient samples"
[1] "Normalizing networks..."
[1] "Learning Network..."
[1] "Using tanimoto similarity"
[1] "DCT_controlkidneyexpression_PANDA network made and saved."
[1] "Initializing and validating"
[1] "Verified sufficient samples"
[1] "Normalizing networks..."
[1] "Learning Network..."
[1] "Using tanimoto similarity"
[1] "DCT_heterozygouskidneyexpression_PANDA network made and saved."
[1] "Initializing and validating"
[1] "Verified sufficient samples"
[1] "Normalizing networks..."
[1] "Learning Network..."
[1] "Using tanimoto similarity"
[1] "DLH_controlkidneyexpression_PANDA network made and saved."
[1] "Initializing and validating"
[1] "Verified sufficient samples"
[1] "Normalizing networks..."
[1] "Learning Network..."
[1] "Using tanimoto similarity"
[1] "DLH_heterozygouskidneyexpression_PANDA network made and saved."
[1] "Initializing and validating"
[1] "Verified sufficient samples"
[1] "Normalizing networks..."
[1] "Learning Network..."
[1] "Using tanimoto similarity"
[1] "endothelial_controlkidneyexpression_PANDA network made and saved."
[1] "Initializing and validating"
[1] "Verified sufficient samples"
[1] "Normalizing networks..."
[1] "Learning Network..."
[1] "Using tanimoto similarity"
[1] "endothelial_heterozygouskidneyexpression_PANDA network made and saved."
[1] "Initializing and validating"
[1] "Verified sufficient samples"
[1] "Normalizing networks..."
[1] "Learning Network..."
[1] "Using tanimoto similarity"
[1] "fibroblasts_controlkidneyexpression_PANDA network made and saved."
[1] "Initializing and validating"
[1] "Verified sufficient samples"
[1] "Normalizing networks..."
[1] "Learning Network..."
[1] "Using tanimoto similarity"
[1] "fibroblasts_heterozygouskidneyexpression_PANDA network made and saved."
[1] "Initializing and validating"
[1] "Verified sufficient samples"
[1] "Normalizing networks..."
[1] "Learning Network..."
[1] "Using tanimoto similarity"
[1] "LOH_controlkidneyexpression_PANDA network made and saved."
[1] "Initializing and validating"
[1] "Verified sufficient samples"
[1] "Normalizing networks..."
[1] "Learning Network..."
[1] "Using tanimoto similarity"
[1] "LOH_heterozygouskidneyexpression_PANDA network made and saved."
[1] "Initializing and validating"
[1] "Verified sufficient samples"
[1] "Normalizing networks..."
[1] "Learning Network..."
[1] "Using tanimoto similarity"
[1] "macrophages_controlkidneyexpression_PANDA network made and saved."
[1] "Initializing and validating"
[1] "Verified sufficient samples"
[1] "Normalizing networks..."
[1] "Learning Network..."
[1] "Using tanimoto similarity"
[1] "macrophages_heterozygouskidneyexpression_PANDA network made and saved."
[1] "Initializing and validating"
[1] "Verified sufficient samples"
[1] "Normalizing networks..."
[1] "Learning Network..."
[1] "Using tanimoto similarity"
[1] "PCTS1_controlkidneyexpression_PANDA network made and saved."
[1] "Initializing and validating"
[1] "Verified sufficient samples"
[1] "Normalizing networks..."
[1] "Learning Network..."
[1] "Using tanimoto similarity"
[1] "PCTS1_heterozygouskidneyexpression_PANDA network made and saved."
[1] "Initializing and validating"
[1] "Verified sufficient samples"
[1] "Normalizing networks..."
[1] "Learning Network..."
[1] "Using tanimoto similarity"
[1] "PCTS2_controlkidneyexpression_PANDA network made and saved."
[1] "Initializing and validating"
[1] "Verified sufficient samples"
[1] "Normalizing networks..."
[1] "Learning Network..."
[1] "Using tanimoto similarity"
[1] "PCTS2_heterozygouskidneyexpression_PANDA network made and saved."
[1] "Initializing and validating"
[1] "Verified sufficient samples"
[1] "Normalizing networks..."
[1] "Learning Network..."
[1] "Using tanimoto similarity"
[1] "perciytes_controlkidneyexpression_PANDA network made and saved."
[1] "Initializing and validating"
[1] "Verified sufficient samples"
[1] "Normalizing networks..."
[1] "Learning Network..."
[1] "Using tanimoto similarity"
[1] "pericytes_heterozygouskidneyexpression_PANDA network made and saved."
[1] "Initializing and validating"
[1] "Verified sufficient samples"
[1] "Normalizing networks..."
[1] "Learning Network..."
[1] "Using tanimoto similarity"
[1] "podocytes_controlkidneyexpression_PANDA network made and saved."
[1] "Initializing and validating"
[1] "Verified sufficient samples"
[1] "Normalizing networks..."
[1] "Learning Network..."
[1] "Using tanimoto similarity"
[1] "podocytes_heterozygouskidneyexpression_PANDA network made and saved."
[1] "Initializing and validating"
[1] "Verified sufficient samples"
[1] "Normalizing networks..."
[1] "Learning Network..."
[1] "Using tanimoto similarity"
[1] "PST_controlkidneyexpression_PANDA network made and saved."
[1] "Initializing and validating"
[1] "Verified sufficient samples"
[1] "Normalizing networks..."
[1] "Learning Network..."
[1] "Using tanimoto similarity"
[1] "PST_heterozygouskidneyexpression_PANDA network made and saved."
[1] "Initializing and validating"
[1] "Verified sufficient samples"
[1] "Normalizing networks..."
[1] "Learning Network..."
[1] "Using tanimoto similarity"
[1] "PT_controlkidneyexpression_PANDA network made and saved."
[1] "Initializing and validating"
[1] "Verified sufficient samples"
[1] "Normalizing networks..."
[1] "Learning Network..."
[1] "Using tanimoto similarity"
[1] "PT_heterozygouskidneyexpression_PANDA network made and saved."
[1] "Initializing and validating"
[1] "Verified sufficient samples"
[1] "Normalizing networks..."
[1] "Learning Network..."
[1] "Using tanimoto similarity"
[1] "smcs_controlkidneyexpression_PANDA network made and saved."
[1] "Initializing and validating"
[1] "Verified sufficient samples"
[1] "Normalizing networks..."
[1] "Learning Network..."
[1] "Using tanimoto similarity"
[1] "smcs_heteroyzgouskidneyexpression_PANDA network made and saved."
