Loading required package: igraph

Attaching package: 'igraph'

The following objects are masked from 'package:stats':

    decompose, spectrum

The following object is masked from 'package:base':

    union

Loading required package: reticulate
Loading required package: pandaR
Loading required package: Biobase
Loading required package: BiocGenerics

Attaching package: 'BiocGenerics'

The following objects are masked from 'package:igraph':

    normalize, path, union

The following objects are masked from 'package:stats':

    IQR, mad, sd, var, xtabs

The following objects are masked from 'package:base':

    Filter, Find, Map, Position, Reduce, anyDuplicated, aperm, append,
    as.data.frame, basename, cbind, colnames, dirname, do.call,
    duplicated, eval, evalq, get, grep, grepl, intersect, is.unsorted,
    lapply, mapply, match, mget, order, paste, pmax, pmax.int, pmin,
    pmin.int, rank, rbind, rownames, sapply, setdiff, sort, table,
    tapply, union, unique, unsplit, which.max, which.min

Welcome to Bioconductor

    Vignettes contain introductory material; view with
    'browseVignettes()'. To cite Bioconductor, see
    'citation("Biobase")', and for packages 'citation("pkgname")'.

Loading required package: yarn
Setting options('download.file.method.GEOquery'='auto')
Setting options('GEOquery.inmemory.gpl'=FALSE)
Loading required package: matrixcalc

Attaching package: 'matrixcalc'

The following object is masked from 'package:igraph':

    %s%



Iteration0: hamming distance =3.39289
Iteration1: hamming distance =0.79108
Iteration2: hamming distance =0.6425
Iteration3: hamming distance =0.58337
Iteration4: hamming distance =0.53812
Iteration5: hamming distance =0.49442
Iteration6: hamming distance =0.45015
Iteration7: hamming distance =0.4057
Iteration8: hamming distance =0.36208
Iteration9: hamming distance =0.32027
Iteration10: hamming distance =0.28104
Iteration11: hamming distance =0.24487
Iteration12: hamming distance =0.21204
Iteration13: hamming distance =0.18261
Iteration14: hamming distance =0.15651
Iteration15: hamming distance =0.13357
Iteration16: hamming distance =0.11355
Iteration17: hamming distance =0.09622
Iteration18: hamming distance =0.08128
Iteration19: hamming distance =0.06847
Iteration20: hamming distance =0.05754
Iteration21: hamming distance =0.04825
Iteration22: hamming distance =0.04037
Iteration23: hamming distance =0.03372
Iteration24: hamming distance =0.02812
Iteration25: hamming distance =0.02341
Iteration26: hamming distance =0.01946
Iteration27: hamming distance =0.01616
Iteration28: hamming distance =0.0134
Iteration29: hamming distance =0.0111
Iteration30: hamming distance =0.00918
Iteration31: hamming distance =0.00759
Iteration32: hamming distance =0.00627
Iteration33: hamming distance =0.00518
Iteration34: hamming distance =0.00427
Iteration35: hamming distance =0.00352
Iteration36: hamming distance =0.0029
Iteration37: hamming distance =0.00239
Iteration38: hamming distance =0.00196
Iteration39: hamming distance =0.00162
Iteration40: hamming distance =0.00133
Iteration41: hamming distance =0.00109
Iteration42: hamming distance =9e-04
Successfully ran PANDA on 20429 Genes and 1080 TFs.
Time elapsed:2880.45seconds.
Warning message:
In cor(t(expr), method = cor.method, use = "pairwise.complete.obs") :
  the standard deviation is zero
