Loading required package: igraph

Attaching package: 'igraph'

The following objects are masked from 'package:stats':

    decompose, spectrum

The following object is masked from 'package:base':

    union

Loading required package: reticulate
Loading required package: pandaR
Loading required package: Biobase
Loading required package: BiocGenerics

Attaching package: 'BiocGenerics'

The following objects are masked from 'package:igraph':

    normalize, path, union

The following objects are masked from 'package:stats':

    IQR, mad, sd, var, xtabs

The following objects are masked from 'package:base':

    Filter, Find, Map, Position, Reduce, anyDuplicated, aperm, append,
    as.data.frame, basename, cbind, colnames, dirname, do.call,
    duplicated, eval, evalq, get, grep, grepl, intersect, is.unsorted,
    lapply, mapply, match, mget, order, paste, pmax, pmax.int, pmin,
    pmin.int, rank, rbind, rownames, sapply, setdiff, sort, table,
    tapply, union, unique, unsplit, which.max, which.min

Welcome to Bioconductor

    Vignettes contain introductory material; view with
    'browseVignettes()'. To cite Bioconductor, see
    'citation("Biobase")', and for packages 'citation("pkgname")'.

Loading required package: yarn
Setting options('download.file.method.GEOquery'='auto')
Setting options('GEOquery.inmemory.gpl'=FALSE)
Loading required package: matrixcalc

Attaching package: 'matrixcalc'

The following object is masked from 'package:igraph':

    %s%



Iteration0: hamming distance =3.52473
Iteration1: hamming distance =0.79325
Iteration2: hamming distance =0.64363
Iteration3: hamming distance =0.58407
Iteration4: hamming distance =0.53848
Iteration5: hamming distance =0.49452
Iteration6: hamming distance =0.45004
Iteration7: hamming distance =0.40544
Iteration8: hamming distance =0.36172
Iteration9: hamming distance =0.31984
Iteration10: hamming distance =0.28056
Iteration11: hamming distance =0.24438
Iteration12: hamming distance =0.21155
Iteration13: hamming distance =0.18213
Iteration14: hamming distance =0.15605
Iteration15: hamming distance =0.13314
Iteration16: hamming distance =0.11317
Iteration17: hamming distance =0.09587
Iteration18: hamming distance =0.08097
Iteration19: hamming distance =0.0682
Iteration20: hamming distance =0.0573
Iteration21: hamming distance =0.04804
Iteration22: hamming distance =0.04019
Iteration23: hamming distance =0.03357
Iteration24: hamming distance =0.02798
Iteration25: hamming distance =0.0233
Iteration26: hamming distance =0.01936
Iteration27: hamming distance =0.01608
Iteration28: hamming distance =0.01333
Iteration29: hamming distance =0.01104
Iteration30: hamming distance =0.00914
Iteration31: hamming distance =0.00755
Iteration32: hamming distance =0.00624
Iteration33: hamming distance =0.00515
Iteration34: hamming distance =0.00425
Iteration35: hamming distance =0.0035
Iteration36: hamming distance =0.00288
Iteration37: hamming distance =0.00237
Iteration38: hamming distance =0.00195
Iteration39: hamming distance =0.00161
Iteration40: hamming distance =0.00132
Iteration41: hamming distance =0.00109
Iteration42: hamming distance =0.00089
Successfully ran PANDA on 20429 Genes and 1080 TFs.
Time elapsed:2880.35seconds.
Warning message:
In cor(t(expr), method = cor.method, use = "pairwise.complete.obs") :
  the standard deviation is zero
