Loading required package: igraph

Attaching package: 'igraph'

The following objects are masked from 'package:stats':

    decompose, spectrum

The following object is masked from 'package:base':

    union

Loading required package: reticulate
Loading required package: pandaR
Loading required package: Biobase
Loading required package: BiocGenerics

Attaching package: 'BiocGenerics'

The following objects are masked from 'package:igraph':

    normalize, path, union

The following objects are masked from 'package:stats':

    IQR, mad, sd, var, xtabs

The following objects are masked from 'package:base':

    Filter, Find, Map, Position, Reduce, anyDuplicated, aperm, append,
    as.data.frame, basename, cbind, colnames, dirname, do.call,
    duplicated, eval, evalq, get, grep, grepl, intersect, is.unsorted,
    lapply, mapply, match, mget, order, paste, pmax, pmax.int, pmin,
    pmin.int, rank, rbind, rownames, sapply, setdiff, sort, table,
    tapply, union, unique, unsplit, which.max, which.min

Welcome to Bioconductor

    Vignettes contain introductory material; view with
    'browseVignettes()'. To cite Bioconductor, see
    'citation("Biobase")', and for packages 'citation("pkgname")'.

Loading required package: yarn
Setting options('download.file.method.GEOquery'='auto')
Setting options('GEOquery.inmemory.gpl'=FALSE)
Loading required package: matrixcalc

Attaching package: 'matrixcalc'

The following object is masked from 'package:igraph':

    %s%



Iteration0: hamming distance =4.12993
Iteration1: hamming distance =0.84119
Iteration2: hamming distance =0.7207
Iteration3: hamming distance =0.66629
Iteration4: hamming distance =0.61907
Iteration5: hamming distance =0.57047
Iteration6: hamming distance =0.51988
Iteration7: hamming distance =0.46855
Iteration8: hamming distance =0.41797
Iteration9: hamming distance =0.36945
Iteration10: hamming distance =0.32394
Iteration11: hamming distance =0.28203
Iteration12: hamming distance =0.24403
Iteration13: hamming distance =0.21001
Iteration14: hamming distance =0.17987
Iteration15: hamming distance =0.15341
Iteration16: hamming distance =0.13035
Iteration17: hamming distance =0.11039
Iteration18: hamming distance =0.09321
Iteration19: hamming distance =0.07848
Iteration20: hamming distance =0.06593
Iteration21: hamming distance =0.05526
Iteration22: hamming distance =0.04622
Iteration23: hamming distance =0.03859
Iteration24: hamming distance =0.03217
Iteration25: hamming distance =0.02677
Iteration26: hamming distance =0.02225
Iteration27: hamming distance =0.01847
Iteration28: hamming distance =0.01531
Iteration29: hamming distance =0.01268
Iteration30: hamming distance =0.01049
Iteration31: hamming distance =0.00867
Iteration32: hamming distance =0.00716
Iteration33: hamming distance =0.00591
Iteration34: hamming distance =0.00487
Iteration35: hamming distance =0.00402
Iteration36: hamming distance =0.00331
Iteration37: hamming distance =0.00272
Iteration38: hamming distance =0.00224
Iteration39: hamming distance =0.00184
Iteration40: hamming distance =0.00152
Iteration41: hamming distance =0.00124
Iteration42: hamming distance =0.00102
Iteration43: hamming distance =0.00084
Successfully ran PANDA on 22033 Genes and 1080 TFs.
Time elapsed:3533.91seconds.
Warning message:
In cor(t(expr), method = cor.method, use = "pairwise.complete.obs") :
  the standard deviation is zero
