Loading required package: igraph

Attaching package: 'igraph'

The following objects are masked from 'package:stats':

    decompose, spectrum

The following object is masked from 'package:base':

    union

Loading required package: reticulate
Loading required package: pandaR
Loading required package: Biobase
Loading required package: BiocGenerics

Attaching package: 'BiocGenerics'

The following objects are masked from 'package:igraph':

    normalize, path, union

The following objects are masked from 'package:stats':

    IQR, mad, sd, var, xtabs

The following objects are masked from 'package:base':

    Filter, Find, Map, Position, Reduce, anyDuplicated, aperm, append,
    as.data.frame, basename, cbind, colnames, dirname, do.call,
    duplicated, eval, evalq, get, grep, grepl, intersect, is.unsorted,
    lapply, mapply, match, mget, order, paste, pmax, pmax.int, pmin,
    pmin.int, rank, rbind, rownames, sapply, setdiff, sort, table,
    tapply, union, unique, unsplit, which.max, which.min

Welcome to Bioconductor

    Vignettes contain introductory material; view with
    'browseVignettes()'. To cite Bioconductor, see
    'citation("Biobase")', and for packages 'citation("pkgname")'.

Loading required package: yarn
Setting options('download.file.method.GEOquery'='auto')
Setting options('GEOquery.inmemory.gpl'=FALSE)
Loading required package: matrixcalc

Attaching package: 'matrixcalc'

The following object is masked from 'package:igraph':

    %s%



Iteration0: hamming distance =1.97216
Iteration1: hamming distance =0.55885
Iteration2: hamming distance =0.43572
Iteration3: hamming distance =0.38587
Iteration4: hamming distance =0.35166
Iteration5: hamming distance =0.32144
Iteration6: hamming distance =0.29221
Iteration7: hamming distance =0.26347
Iteration8: hamming distance =0.23549
Iteration9: hamming distance =0.2087
Iteration10: hamming distance =0.18351
Iteration11: hamming distance =0.16023
Iteration12: hamming distance =0.13902
Iteration13: hamming distance =0.11994
Iteration14: hamming distance =0.10296
Iteration15: hamming distance =0.088
Iteration16: hamming distance =0.07491
Iteration17: hamming distance =0.06355
Iteration18: hamming distance =0.05374
Iteration19: hamming distance =0.04531
Iteration20: hamming distance =0.03811
Iteration21: hamming distance =0.03198
Iteration22: hamming distance =0.02678
Iteration23: hamming distance =0.02238
Iteration24: hamming distance =0.01867
Iteration25: hamming distance =0.01555
Iteration26: hamming distance =0.01293
Iteration27: hamming distance =0.01074
Iteration28: hamming distance =0.00891
Iteration29: hamming distance =0.00738
Iteration30: hamming distance =0.00611
Iteration31: hamming distance =0.00505
Iteration32: hamming distance =0.00418
Iteration33: hamming distance =0.00345
Iteration34: hamming distance =0.00284
Iteration35: hamming distance =0.00234
Iteration36: hamming distance =0.00193
Iteration37: hamming distance =0.00159
Iteration38: hamming distance =0.00131
Iteration39: hamming distance =0.00108
Iteration40: hamming distance =0.00089
Successfully ran PANDA on 20429 Genes and 1080 TFs.
Time elapsed:2744.9seconds.
Warning message:
In cor(t(expr), method = cor.method, use = "pairwise.complete.obs") :
  the standard deviation is zero
