Loading required package: igraph

Attaching package: 'igraph'

The following objects are masked from 'package:stats':

    decompose, spectrum

The following object is masked from 'package:base':

    union

Loading required package: reticulate
Loading required package: pandaR
Loading required package: Biobase
Loading required package: BiocGenerics

Attaching package: 'BiocGenerics'

The following objects are masked from 'package:igraph':

    normalize, path, union

The following objects are masked from 'package:stats':

    IQR, mad, sd, var, xtabs

The following objects are masked from 'package:base':

    Filter, Find, Map, Position, Reduce, anyDuplicated, aperm, append,
    as.data.frame, basename, cbind, colnames, dirname, do.call,
    duplicated, eval, evalq, get, grep, grepl, intersect, is.unsorted,
    lapply, mapply, match, mget, order, paste, pmax, pmax.int, pmin,
    pmin.int, rank, rbind, rownames, sapply, setdiff, sort, table,
    tapply, union, unique, unsplit, which.max, which.min

Welcome to Bioconductor

    Vignettes contain introductory material; view with
    'browseVignettes()'. To cite Bioconductor, see
    'citation("Biobase")', and for packages 'citation("pkgname")'.

Loading required package: yarn
Setting options('download.file.method.GEOquery'='auto')
Setting options('GEOquery.inmemory.gpl'=FALSE)
Loading required package: matrixcalc

Attaching package: 'matrixcalc'

The following object is masked from 'package:igraph':

    %s%



Iteration0: hamming distance =4.38019
Iteration1: hamming distance =0.93212
Iteration2: hamming distance =0.79583
Iteration3: hamming distance =0.73416
Iteration4: hamming distance =0.68125
Iteration5: hamming distance =0.62725
Iteration6: hamming distance =0.57133
Iteration7: hamming distance =0.51474
Iteration8: hamming distance =0.45908
Iteration9: hamming distance =0.40575
Iteration10: hamming distance =0.35576
Iteration11: hamming distance =0.30975
Iteration12: hamming distance =0.26803
Iteration13: hamming distance =0.23068
Iteration14: hamming distance =0.19759
Iteration15: hamming distance =0.16853
Iteration16: hamming distance =0.14321
Iteration17: hamming distance =0.12129
Iteration18: hamming distance =0.10241
Iteration19: hamming distance =0.08624
Iteration20: hamming distance =0.07245
Iteration21: hamming distance =0.06072
Iteration22: hamming distance =0.05079
Iteration23: hamming distance =0.04241
Iteration24: hamming distance =0.03535
Iteration25: hamming distance =0.02942
Iteration26: hamming distance =0.02445
Iteration27: hamming distance =0.0203
Iteration28: hamming distance =0.01683
Iteration29: hamming distance =0.01394
Iteration30: hamming distance =0.01153
Iteration31: hamming distance =0.00953
Iteration32: hamming distance =0.00787
Iteration33: hamming distance =0.0065
Iteration34: hamming distance =0.00536
Iteration35: hamming distance =0.00441
Iteration36: hamming distance =0.00364
Iteration37: hamming distance =0.00299
Iteration38: hamming distance =0.00246
Iteration39: hamming distance =0.00203
Iteration40: hamming distance =0.00166
Iteration41: hamming distance =0.00137
Iteration42: hamming distance =0.00112
Iteration43: hamming distance =0.00092
Successfully ran PANDA on 20429 Genes and 1080 TFs.
Time elapsed:2967.53seconds.
Warning message:
In cor(t(expr), method = cor.method, use = "pairwise.complete.obs") :
  the standard deviation is zero
