Loading required package: igraph

Attaching package: 'igraph'

The following objects are masked from 'package:stats':

    decompose, spectrum

The following object is masked from 'package:base':

    union

Loading required package: reticulate
Loading required package: pandaR
Loading required package: Biobase
Loading required package: BiocGenerics

Attaching package: 'BiocGenerics'

The following objects are masked from 'package:igraph':

    normalize, path, union

The following objects are masked from 'package:stats':

    IQR, mad, sd, var, xtabs

The following objects are masked from 'package:base':

    Filter, Find, Map, Position, Reduce, anyDuplicated, aperm, append,
    as.data.frame, basename, cbind, colnames, dirname, do.call,
    duplicated, eval, evalq, get, grep, grepl, intersect, is.unsorted,
    lapply, mapply, match, mget, order, paste, pmax, pmax.int, pmin,
    pmin.int, rank, rbind, rownames, sapply, setdiff, sort, table,
    tapply, union, unique, unsplit, which.max, which.min

Welcome to Bioconductor

    Vignettes contain introductory material; view with
    'browseVignettes()'. To cite Bioconductor, see
    'citation("Biobase")', and for packages 'citation("pkgname")'.

Loading required package: yarn
Setting options('download.file.method.GEOquery'='auto')
Setting options('GEOquery.inmemory.gpl'=FALSE)
Loading required package: matrixcalc

Attaching package: 'matrixcalc'

The following object is masked from 'package:igraph':

    %s%



Iteration0: hamming distance =3.22305
Iteration1: hamming distance =0.69565
Iteration2: hamming distance =0.5828
Iteration3: hamming distance =0.53635
Iteration4: hamming distance =0.49837
Iteration5: hamming distance =0.46002
Iteration6: hamming distance =0.42019
Iteration7: hamming distance =0.37962
Iteration8: hamming distance =0.33943
Iteration9: hamming distance =0.30067
Iteration10: hamming distance =0.26413
Iteration11: hamming distance =0.23035
Iteration12: hamming distance =0.1996
Iteration13: hamming distance =0.17199
Iteration14: hamming distance =0.14746
Iteration15: hamming distance =0.12589
Iteration16: hamming distance =0.10706
Iteration17: hamming distance =0.09073
Iteration18: hamming distance =0.07666
Iteration19: hamming distance =0.06459
Iteration20: hamming distance =0.05428
Iteration21: hamming distance =0.04552
Iteration22: hamming distance =0.03809
Iteration23: hamming distance =0.03182
Iteration24: hamming distance =0.02653
Iteration25: hamming distance =0.02209
Iteration26: hamming distance =0.01837
Iteration27: hamming distance =0.01525
Iteration28: hamming distance =0.01265
Iteration29: hamming distance =0.01048
Iteration30: hamming distance =0.00867
Iteration31: hamming distance =0.00717
Iteration32: hamming distance =0.00592
Iteration33: hamming distance =0.00489
Iteration34: hamming distance =0.00403
Iteration35: hamming distance =0.00332
Iteration36: hamming distance =0.00274
Iteration37: hamming distance =0.00225
Iteration38: hamming distance =0.00185
Iteration39: hamming distance =0.00153
Iteration40: hamming distance =0.00125
Iteration41: hamming distance =0.00103
Iteration42: hamming distance =0.00085
Successfully ran PANDA on 20429 Genes and 1080 TFs.
Time elapsed:3054.18seconds.
Warning message:
In cor(t(expr), method = cor.method, use = "pairwise.complete.obs") :
  the standard deviation is zero
