Loading required package: igraph

Attaching package: 'igraph'

The following objects are masked from 'package:stats':

    decompose, spectrum

The following object is masked from 'package:base':

    union

Loading required package: reticulate
Loading required package: pandaR
Loading required package: Biobase
Loading required package: BiocGenerics

Attaching package: 'BiocGenerics'

The following objects are masked from 'package:igraph':

    normalize, path, union

The following objects are masked from 'package:stats':

    IQR, mad, sd, var, xtabs

The following objects are masked from 'package:base':

    Filter, Find, Map, Position, Reduce, anyDuplicated, aperm, append,
    as.data.frame, basename, cbind, colnames, dirname, do.call,
    duplicated, eval, evalq, get, grep, grepl, intersect, is.unsorted,
    lapply, mapply, match, mget, order, paste, pmax, pmax.int, pmin,
    pmin.int, rank, rbind, rownames, sapply, setdiff, sort, table,
    tapply, union, unique, unsplit, which.max, which.min

Welcome to Bioconductor

    Vignettes contain introductory material; view with
    'browseVignettes()'. To cite Bioconductor, see
    'citation("Biobase")', and for packages 'citation("pkgname")'.

Loading required package: yarn
Setting options('download.file.method.GEOquery'='auto')
Setting options('GEOquery.inmemory.gpl'=FALSE)
Loading required package: matrixcalc

Attaching package: 'matrixcalc'

The following object is masked from 'package:igraph':

    %s%



Iteration0: hamming distance =1.78968
Iteration1: hamming distance =0.43163
Iteration2: hamming distance =0.36966
Iteration3: hamming distance =0.34244
Iteration4: hamming distance =0.31961
Iteration5: hamming distance =0.29628
Iteration6: hamming distance =0.27181
Iteration7: hamming distance =0.24662
Iteration8: hamming distance =0.22143
Iteration9: hamming distance =0.19692
Iteration10: hamming distance =0.17361
Iteration11: hamming distance =0.1519
Iteration12: hamming distance =0.13201
Iteration13: hamming distance =0.11405
Iteration14: hamming distance =0.09801
Iteration15: hamming distance =0.08384
Iteration16: hamming distance =0.07143
Iteration17: hamming distance =0.06063
Iteration18: hamming distance =0.05129
Iteration19: hamming distance =0.04327
Iteration20: hamming distance =0.03641
Iteration21: hamming distance =0.03056
Iteration22: hamming distance =0.02559
Iteration23: hamming distance =0.02139
Iteration24: hamming distance =0.01785
Iteration25: hamming distance =0.01487
Iteration26: hamming distance =0.01237
Iteration27: hamming distance =0.01028
Iteration28: hamming distance =0.00852
Iteration29: hamming distance =0.00706
Iteration30: hamming distance =0.00585
Iteration31: hamming distance =0.00484
Iteration32: hamming distance =0.004
Iteration33: hamming distance =0.0033
Iteration34: hamming distance =0.00272
Iteration35: hamming distance =0.00224
Iteration36: hamming distance =0.00185
Iteration37: hamming distance =0.00152
Iteration38: hamming distance =0.00125
Iteration39: hamming distance =0.00103
Iteration40: hamming distance =0.00085
Successfully ran PANDA on 22033 Genes and 1080 TFs.
Time elapsed:3296.72seconds.
Warning message:
In cor(t(expr), method = cor.method, use = "pairwise.complete.obs") :
  the standard deviation is zero
