Loading required package: igraph

Attaching package: 'igraph'

The following objects are masked from 'package:stats':

    decompose, spectrum

The following object is masked from 'package:base':

    union

Loading required package: reticulate
Loading required package: pandaR
Loading required package: Biobase
Loading required package: BiocGenerics

Attaching package: 'BiocGenerics'

The following objects are masked from 'package:igraph':

    normalize, path, union

The following objects are masked from 'package:stats':

    IQR, mad, sd, var, xtabs

The following objects are masked from 'package:base':

    Filter, Find, Map, Position, Reduce, anyDuplicated, aperm, append,
    as.data.frame, basename, cbind, colnames, dirname, do.call,
    duplicated, eval, evalq, get, grep, grepl, intersect, is.unsorted,
    lapply, mapply, match, mget, order, paste, pmax, pmax.int, pmin,
    pmin.int, rank, rbind, rownames, sapply, setdiff, sort, table,
    tapply, union, unique, unsplit, which.max, which.min

Welcome to Bioconductor

    Vignettes contain introductory material; view with
    'browseVignettes()'. To cite Bioconductor, see
    'citation("Biobase")', and for packages 'citation("pkgname")'.

Loading required package: yarn
Setting options('download.file.method.GEOquery'='auto')
Setting options('GEOquery.inmemory.gpl'=FALSE)
Loading required package: matrixcalc

Attaching package: 'matrixcalc'

The following object is masked from 'package:igraph':

    %s%



Iteration0: hamming distance =5.31216
Iteration1: hamming distance =1.04818
Iteration2: hamming distance =0.94101
Iteration3: hamming distance =0.88406
Iteration4: hamming distance =0.82772
Iteration5: hamming distance =0.76612
Iteration6: hamming distance =0.70024
Iteration7: hamming distance =0.63248
Iteration8: hamming distance =0.5652
Iteration9: hamming distance =0.50032
Iteration10: hamming distance =0.43924
Iteration11: hamming distance =0.38283
Iteration12: hamming distance =0.33156
Iteration13: hamming distance =0.28556
Iteration14: hamming distance =0.24473
Iteration15: hamming distance =0.20884
Iteration16: hamming distance =0.17752
Iteration17: hamming distance =0.15038
Iteration18: hamming distance =0.12701
Iteration19: hamming distance =0.10696
Iteration20: hamming distance =0.08986
Iteration21: hamming distance =0.07532
Iteration22: hamming distance =0.06301
Iteration23: hamming distance =0.05261
Iteration24: hamming distance =0.04385
Iteration25: hamming distance =0.03649
Iteration26: hamming distance =0.03033
Iteration27: hamming distance =0.02517
Iteration28: hamming distance =0.02087
Iteration29: hamming distance =0.01728
Iteration30: hamming distance =0.01429
Iteration31: hamming distance =0.01181
Iteration32: hamming distance =0.00976
Iteration33: hamming distance =0.00805
Iteration34: hamming distance =0.00664
Iteration35: hamming distance =0.00547
Iteration36: hamming distance =0.00451
Iteration37: hamming distance =0.00371
Iteration38: hamming distance =0.00305
Iteration39: hamming distance =0.00251
Iteration40: hamming distance =0.00206
Iteration41: hamming distance =0.00169
Iteration42: hamming distance =0.00139
Iteration43: hamming distance =0.00114
Iteration44: hamming distance =0.00094
Successfully ran PANDA on 22033 Genes and 1080 TFs.
Time elapsed:3450.44seconds.
Warning message:
In cor(t(expr), method = cor.method, use = "pairwise.complete.obs") :
  the standard deviation is zero
