Loading required package: igraph

Attaching package: 'igraph'

The following objects are masked from 'package:stats':

    decompose, spectrum

The following object is masked from 'package:base':

    union

Loading required package: reticulate
Loading required package: pandaR
Loading required package: Biobase
Loading required package: BiocGenerics

Attaching package: 'BiocGenerics'

The following objects are masked from 'package:igraph':

    normalize, path, union

The following objects are masked from 'package:stats':

    IQR, mad, sd, var, xtabs

The following objects are masked from 'package:base':

    Filter, Find, Map, Position, Reduce, anyDuplicated, aperm, append,
    as.data.frame, basename, cbind, colnames, dirname, do.call,
    duplicated, eval, evalq, get, grep, grepl, intersect, is.unsorted,
    lapply, mapply, match, mget, order, paste, pmax, pmax.int, pmin,
    pmin.int, rank, rbind, rownames, sapply, setdiff, sort, table,
    tapply, union, unique, unsplit, which.max, which.min

Welcome to Bioconductor

    Vignettes contain introductory material; view with
    'browseVignettes()'. To cite Bioconductor, see
    'citation("Biobase")', and for packages 'citation("pkgname")'.

Loading required package: yarn
Setting options('download.file.method.GEOquery'='auto')
Setting options('GEOquery.inmemory.gpl'=FALSE)
Loading required package: matrixcalc

Attaching package: 'matrixcalc'

The following object is masked from 'package:igraph':

    %s%



Iteration0: hamming distance =2.7506
Iteration1: hamming distance =0.66333
Iteration2: hamming distance =0.53728
Iteration3: hamming distance =0.48795
Iteration4: hamming distance =0.45085
Iteration5: hamming distance =0.41516
Iteration6: hamming distance =0.3789
Iteration7: hamming distance =0.34229
Iteration8: hamming distance =0.30617
Iteration9: hamming distance =0.27136
Iteration10: hamming distance =0.23855
Iteration11: hamming distance =0.20818
Iteration12: hamming distance =0.18052
Iteration13: hamming distance =0.15565
Iteration14: hamming distance =0.13354
Iteration15: hamming distance =0.11407
Iteration16: hamming distance =0.09706
Iteration17: hamming distance =0.0823
Iteration18: hamming distance =0.06956
Iteration19: hamming distance =0.05863
Iteration20: hamming distance =0.0493
Iteration21: hamming distance =0.04135
Iteration22: hamming distance =0.03462
Iteration23: hamming distance =0.02892
Iteration24: hamming distance =0.02413
Iteration25: hamming distance =0.02009
Iteration26: hamming distance =0.01671
Iteration27: hamming distance =0.01387
Iteration28: hamming distance =0.01151
Iteration29: hamming distance =0.00953
Iteration30: hamming distance =0.00789
Iteration31: hamming distance =0.00652
Iteration32: hamming distance =0.00539
Iteration33: hamming distance =0.00445
Iteration34: hamming distance =0.00367
Iteration35: hamming distance =0.00303
Iteration36: hamming distance =0.00249
Iteration37: hamming distance =0.00205
Iteration38: hamming distance =0.00169
Iteration39: hamming distance =0.00139
Iteration40: hamming distance =0.00114
Iteration41: hamming distance =0.00094
Successfully ran PANDA on 20429 Genes and 1080 TFs.
Time elapsed:2890.43seconds.
Warning message:
In cor(t(expr), method = cor.method, use = "pairwise.complete.obs") :
  the standard deviation is zero
