Loading required package: igraph

Attaching package: 'igraph'

The following objects are masked from 'package:stats':

    decompose, spectrum

The following object is masked from 'package:base':

    union

Loading required package: reticulate
Loading required package: pandaR
Loading required package: Biobase
Loading required package: BiocGenerics

Attaching package: 'BiocGenerics'

The following objects are masked from 'package:igraph':

    normalize, path, union

The following objects are masked from 'package:stats':

    IQR, mad, sd, var, xtabs

The following objects are masked from 'package:base':

    Filter, Find, Map, Position, Reduce, anyDuplicated, aperm, append,
    as.data.frame, basename, cbind, colnames, dirname, do.call,
    duplicated, eval, evalq, get, grep, grepl, intersect, is.unsorted,
    lapply, mapply, match, mget, order, paste, pmax, pmax.int, pmin,
    pmin.int, rank, rbind, rownames, sapply, setdiff, sort, table,
    tapply, union, unique, unsplit, which.max, which.min

Welcome to Bioconductor

    Vignettes contain introductory material; view with
    'browseVignettes()'. To cite Bioconductor, see
    'citation("Biobase")', and for packages 'citation("pkgname")'.

Loading required package: yarn
Setting options('download.file.method.GEOquery'='auto')
Setting options('GEOquery.inmemory.gpl'=FALSE)
Loading required package: matrixcalc

Attaching package: 'matrixcalc'

The following object is masked from 'package:igraph':

    %s%



Iteration0: hamming distance =5.63113
Iteration1: hamming distance =1.06215
Iteration2: hamming distance =0.95721
Iteration3: hamming distance =0.89915
Iteration4: hamming distance =0.84098
Iteration5: hamming distance =0.77739
Iteration6: hamming distance =0.70962
Iteration7: hamming distance =0.64016
Iteration8: hamming distance =0.57141
Iteration9: hamming distance =0.50531
Iteration10: hamming distance =0.44322
Iteration11: hamming distance =0.38599
Iteration12: hamming distance =0.33405
Iteration13: hamming distance =0.28752
Iteration14: hamming distance =0.24628
Iteration15: hamming distance =0.21005
Iteration16: hamming distance =0.17847
Iteration17: hamming distance =0.15113
Iteration18: hamming distance =0.12759
Iteration19: hamming distance =0.10742
Iteration20: hamming distance =0.09022
Iteration21: hamming distance =0.0756
Iteration22: hamming distance =0.06323
Iteration23: hamming distance =0.05278
Iteration24: hamming distance =0.04399
Iteration25: hamming distance =0.0366
Iteration26: hamming distance =0.03041
Iteration27: hamming distance =0.02524
Iteration28: hamming distance =0.02092
Iteration29: hamming distance =0.01732
Iteration30: hamming distance =0.01433
Iteration31: hamming distance =0.01184
Iteration32: hamming distance =0.00978
Iteration33: hamming distance =0.00807
Iteration34: hamming distance =0.00665
Iteration35: hamming distance =0.00548
Iteration36: hamming distance =0.00451
Iteration37: hamming distance =0.00371
Iteration38: hamming distance =0.00306
Iteration39: hamming distance =0.00251
Iteration40: hamming distance =0.00207
Iteration41: hamming distance =0.0017
Iteration42: hamming distance =0.00139
Iteration43: hamming distance =0.00114
Iteration44: hamming distance =0.00094
Successfully ran PANDA on 22033 Genes and 1080 TFs.
Time elapsed:3341.69seconds.
Warning message:
In cor(t(expr), method = cor.method, use = "pairwise.complete.obs") :
  the standard deviation is zero
