Loading required package: igraph

Attaching package: 'igraph'

The following objects are masked from 'package:stats':

    decompose, spectrum

The following object is masked from 'package:base':

    union

Loading required package: reticulate
Loading required package: pandaR
Loading required package: Biobase
Loading required package: BiocGenerics

Attaching package: 'BiocGenerics'

The following objects are masked from 'package:igraph':

    normalize, path, union

The following objects are masked from 'package:stats':

    IQR, mad, sd, var, xtabs

The following objects are masked from 'package:base':

    Filter, Find, Map, Position, Reduce, anyDuplicated, aperm, append,
    as.data.frame, basename, cbind, colnames, dirname, do.call,
    duplicated, eval, evalq, get, grep, grepl, intersect, is.unsorted,
    lapply, mapply, match, mget, order, paste, pmax, pmax.int, pmin,
    pmin.int, rank, rbind, rownames, sapply, setdiff, sort, table,
    tapply, union, unique, unsplit, which.max, which.min

Welcome to Bioconductor

    Vignettes contain introductory material; view with
    'browseVignettes()'. To cite Bioconductor, see
    'citation("Biobase")', and for packages 'citation("pkgname")'.

Loading required package: yarn
Setting options('download.file.method.GEOquery'='auto')
Setting options('GEOquery.inmemory.gpl'=FALSE)
Loading required package: matrixcalc

Attaching package: 'matrixcalc'

The following object is masked from 'package:igraph':

    %s%



Iteration0: hamming distance =1.85289
Iteration1: hamming distance =0.49234
Iteration2: hamming distance =0.39493
Iteration3: hamming distance =0.35461
Iteration4: hamming distance =0.3255
Iteration5: hamming distance =0.29877
Iteration6: hamming distance =0.27236
Iteration7: hamming distance =0.24608
Iteration8: hamming distance =0.2203
Iteration9: hamming distance =0.1955
Iteration10: hamming distance =0.1721
Iteration11: hamming distance =0.15041
Iteration12: hamming distance =0.13061
Iteration13: hamming distance =0.11277
Iteration14: hamming distance =0.09687
Iteration15: hamming distance =0.08284
Iteration16: hamming distance =0.07055
Iteration17: hamming distance =0.05987
Iteration18: hamming distance =0.05065
Iteration19: hamming distance =0.04272
Iteration20: hamming distance =0.03594
Iteration21: hamming distance =0.03016
Iteration22: hamming distance =0.02526
Iteration23: hamming distance =0.02111
Iteration24: hamming distance =0.01762
Iteration25: hamming distance =0.01468
Iteration26: hamming distance =0.01221
Iteration27: hamming distance =0.01014
Iteration28: hamming distance =0.00841
Iteration29: hamming distance =0.00697
Iteration30: hamming distance =0.00577
Iteration31: hamming distance =0.00477
Iteration32: hamming distance =0.00394
Iteration33: hamming distance =0.00325
Iteration34: hamming distance =0.00269
Iteration35: hamming distance =0.00221
Iteration36: hamming distance =0.00182
Iteration37: hamming distance =0.0015
Iteration38: hamming distance =0.00124
Iteration39: hamming distance =0.00102
Iteration40: hamming distance =0.00084
Successfully ran PANDA on 22033 Genes and 1080 TFs.
Time elapsed:3272.5seconds.
Warning message:
In cor(t(expr), method = cor.method, use = "pairwise.complete.obs") :
  the standard deviation is zero
