Loading required package: igraph

Attaching package: 'igraph'

The following objects are masked from 'package:stats':

    decompose, spectrum

The following object is masked from 'package:base':

    union

Loading required package: reticulate
Loading required package: pandaR
Loading required package: Biobase
Loading required package: BiocGenerics

Attaching package: 'BiocGenerics'

The following objects are masked from 'package:igraph':

    normalize, path, union

The following objects are masked from 'package:stats':

    IQR, mad, sd, var, xtabs

The following objects are masked from 'package:base':

    Filter, Find, Map, Position, Reduce, anyDuplicated, aperm, append,
    as.data.frame, basename, cbind, colnames, dirname, do.call,
    duplicated, eval, evalq, get, grep, grepl, intersect, is.unsorted,
    lapply, mapply, match, mget, order, paste, pmax, pmax.int, pmin,
    pmin.int, rank, rbind, rownames, sapply, setdiff, sort, table,
    tapply, union, unique, unsplit, which.max, which.min

Welcome to Bioconductor

    Vignettes contain introductory material; view with
    'browseVignettes()'. To cite Bioconductor, see
    'citation("Biobase")', and for packages 'citation("pkgname")'.

Loading required package: yarn
Setting options('download.file.method.GEOquery'='auto')
Setting options('GEOquery.inmemory.gpl'=FALSE)
Loading required package: matrixcalc

Attaching package: 'matrixcalc'

The following object is masked from 'package:igraph':

    %s%



Iteration0: hamming distance =4.11027
Iteration1: hamming distance =0.88476
Iteration2: hamming distance =0.74664
Iteration3: hamming distance =0.6862
Iteration4: hamming distance =0.63576
Iteration5: hamming distance =0.58495
Iteration6: hamming distance =0.53261
Iteration7: hamming distance =0.47978
Iteration8: hamming distance =0.42787
Iteration9: hamming distance =0.37816
Iteration10: hamming distance =0.33157
Iteration11: hamming distance =0.2887
Iteration12: hamming distance =0.24982
Iteration13: hamming distance =0.21501
Iteration14: hamming distance =0.18418
Iteration15: hamming distance =0.1571
Iteration16: hamming distance =0.1335
Iteration17: hamming distance =0.11307
Iteration18: hamming distance =0.09548
Iteration19: hamming distance =0.0804
Iteration20: hamming distance =0.06754
Iteration21: hamming distance =0.05662
Iteration22: hamming distance =0.04736
Iteration23: hamming distance =0.03955
Iteration24: hamming distance =0.03297
Iteration25: hamming distance =0.02744
Iteration26: hamming distance =0.02281
Iteration27: hamming distance =0.01893
Iteration28: hamming distance =0.0157
Iteration29: hamming distance =0.013
Iteration30: hamming distance =0.01075
Iteration31: hamming distance =0.00889
Iteration32: hamming distance =0.00734
Iteration33: hamming distance =0.00606
Iteration34: hamming distance =0.005
Iteration35: hamming distance =0.00412
Iteration36: hamming distance =0.00339
Iteration37: hamming distance =0.00279
Iteration38: hamming distance =0.0023
Iteration39: hamming distance =0.00189
Iteration40: hamming distance =0.00155
Iteration41: hamming distance =0.00128
Iteration42: hamming distance =0.00105
Iteration43: hamming distance =0.00086
Successfully ran PANDA on 20429 Genes and 1080 TFs.
Time elapsed:2955.68seconds.
Warning message:
In cor(t(expr), method = cor.method, use = "pairwise.complete.obs") :
  the standard deviation is zero
