Loading required package: igraph

Attaching package: 'igraph'

The following objects are masked from 'package:stats':

    decompose, spectrum

The following object is masked from 'package:base':

    union

Loading required package: reticulate
Loading required package: pandaR
Loading required package: Biobase
Loading required package: BiocGenerics

Attaching package: 'BiocGenerics'

The following objects are masked from 'package:igraph':

    normalize, path, union

The following objects are masked from 'package:stats':

    IQR, mad, sd, var, xtabs

The following objects are masked from 'package:base':

    Filter, Find, Map, Position, Reduce, anyDuplicated, aperm, append,
    as.data.frame, basename, cbind, colnames, dirname, do.call,
    duplicated, eval, evalq, get, grep, grepl, intersect, is.unsorted,
    lapply, mapply, match, mget, order, paste, pmax, pmax.int, pmin,
    pmin.int, rank, rbind, rownames, sapply, setdiff, sort, table,
    tapply, union, unique, unsplit, which.max, which.min

Welcome to Bioconductor

    Vignettes contain introductory material; view with
    'browseVignettes()'. To cite Bioconductor, see
    'citation("Biobase")', and for packages 'citation("pkgname")'.

Loading required package: yarn
Setting options('download.file.method.GEOquery'='auto')
Setting options('GEOquery.inmemory.gpl'=FALSE)
Loading required package: matrixcalc

Attaching package: 'matrixcalc'

The following object is masked from 'package:igraph':

    %s%



Iteration0: hamming distance =3.1256
Iteration1: hamming distance =0.64704
Iteration2: hamming distance =0.55043
Iteration3: hamming distance =0.51036
Iteration4: hamming distance =0.47618
Iteration5: hamming distance =0.44064
Iteration6: hamming distance =0.40314
Iteration7: hamming distance =0.36461
Iteration8: hamming distance =0.32624
Iteration9: hamming distance =0.28912
Iteration10: hamming distance =0.25406
Iteration11: hamming distance =0.22161
Iteration12: hamming distance =0.19206
Iteration13: hamming distance =0.1655
Iteration14: hamming distance =0.14192
Iteration15: hamming distance =0.12116
Iteration16: hamming distance =0.10304
Iteration17: hamming distance =0.08733
Iteration18: hamming distance =0.07378
Iteration19: hamming distance =0.06217
Iteration20: hamming distance =0.05225
Iteration21: hamming distance =0.04382
Iteration22: hamming distance =0.03667
Iteration23: hamming distance =0.03063
Iteration24: hamming distance =0.02555
Iteration25: hamming distance =0.02127
Iteration26: hamming distance =0.01768
Iteration27: hamming distance =0.01468
Iteration28: hamming distance =0.01218
Iteration29: hamming distance =0.01009
Iteration30: hamming distance =0.00835
Iteration31: hamming distance =0.0069
Iteration32: hamming distance =0.0057
Iteration33: hamming distance =0.00471
Iteration34: hamming distance =0.00388
Iteration35: hamming distance =0.0032
Iteration36: hamming distance =0.00264
Iteration37: hamming distance =0.00217
Iteration38: hamming distance =0.00179
Iteration39: hamming distance =0.00147
Iteration40: hamming distance =0.00121
Iteration41: hamming distance =0.00099
Successfully ran PANDA on 20429 Genes and 1080 TFs.
Time elapsed:2772.18seconds.
Warning message:
In cor(t(expr), method = cor.method, use = "pairwise.complete.obs") :
  the standard deviation is zero
