Loading required package: igraph

Attaching package: 'igraph'

The following objects are masked from 'package:stats':

    decompose, spectrum

The following object is masked from 'package:base':

    union

Loading required package: reticulate
Loading required package: pandaR
Loading required package: Biobase
Loading required package: BiocGenerics

Attaching package: 'BiocGenerics'

The following objects are masked from 'package:igraph':

    normalize, path, union

The following objects are masked from 'package:stats':

    IQR, mad, sd, var, xtabs

The following objects are masked from 'package:base':

    Filter, Find, Map, Position, Reduce, anyDuplicated, aperm, append,
    as.data.frame, basename, cbind, colnames, dirname, do.call,
    duplicated, eval, evalq, get, grep, grepl, intersect, is.unsorted,
    lapply, mapply, match, mget, order, paste, pmax, pmax.int, pmin,
    pmin.int, rank, rbind, rownames, sapply, setdiff, sort, table,
    tapply, union, unique, unsplit, which.max, which.min

Welcome to Bioconductor

    Vignettes contain introductory material; view with
    'browseVignettes()'. To cite Bioconductor, see
    'citation("Biobase")', and for packages 'citation("pkgname")'.

Loading required package: yarn
Setting options('download.file.method.GEOquery'='auto')
Setting options('GEOquery.inmemory.gpl'=FALSE)
Loading required package: matrixcalc

Attaching package: 'matrixcalc'

The following object is masked from 'package:igraph':

    %s%



Iteration0: hamming distance =3.69275
Iteration1: hamming distance =0.82454
Iteration2: hamming distance =0.67639
Iteration3: hamming distance =0.6159
Iteration4: hamming distance =0.56843
Iteration5: hamming distance =0.52209
Iteration6: hamming distance =0.47502
Iteration7: hamming distance =0.4278
Iteration8: hamming distance =0.38153
Iteration9: hamming distance =0.33725
Iteration10: hamming distance =0.29576
Iteration11: hamming distance =0.25756
Iteration12: hamming distance =0.22292
Iteration13: hamming distance =0.1919
Iteration14: hamming distance =0.16441
Iteration15: hamming distance =0.14026
Iteration16: hamming distance =0.1192
Iteration17: hamming distance =0.10097
Iteration18: hamming distance =0.08527
Iteration19: hamming distance =0.07182
Iteration20: hamming distance =0.06034
Iteration21: hamming distance =0.05058
Iteration22: hamming distance =0.04232
Iteration23: hamming distance =0.03534
Iteration24: hamming distance =0.02946
Iteration25: hamming distance =0.02452
Iteration26: hamming distance =0.02039
Iteration27: hamming distance =0.01692
Iteration28: hamming distance =0.01403
Iteration29: hamming distance =0.01162
Iteration30: hamming distance =0.00962
Iteration31: hamming distance =0.00795
Iteration32: hamming distance =0.00657
Iteration33: hamming distance =0.00542
Iteration34: hamming distance =0.00447
Iteration35: hamming distance =0.00368
Iteration36: hamming distance =0.00303
Iteration37: hamming distance =0.0025
Iteration38: hamming distance =0.00205
Iteration39: hamming distance =0.00169
Iteration40: hamming distance =0.00139
Iteration41: hamming distance =0.00114
Iteration42: hamming distance =0.00094
Successfully ran PANDA on 20429 Genes and 1080 TFs.
Time elapsed:3000.12seconds.
Warning message:
In cor(t(expr), method = cor.method, use = "pairwise.complete.obs") :
  the standard deviation is zero
