Loading required package: igraph

Attaching package: 'igraph'

The following objects are masked from 'package:stats':

    decompose, spectrum

The following object is masked from 'package:base':

    union

Loading required package: reticulate
Loading required package: pandaR
Loading required package: Biobase
Loading required package: BiocGenerics

Attaching package: 'BiocGenerics'

The following objects are masked from 'package:igraph':

    normalize, path, union

The following objects are masked from 'package:stats':

    IQR, mad, sd, var, xtabs

The following objects are masked from 'package:base':

    Filter, Find, Map, Position, Reduce, anyDuplicated, aperm, append,
    as.data.frame, basename, cbind, colnames, dirname, do.call,
    duplicated, eval, evalq, get, grep, grepl, intersect, is.unsorted,
    lapply, mapply, match, mget, order, paste, pmax, pmax.int, pmin,
    pmin.int, rank, rbind, rownames, sapply, setdiff, sort, table,
    tapply, union, unique, unsplit, which.max, which.min

Welcome to Bioconductor

    Vignettes contain introductory material; view with
    'browseVignettes()'. To cite Bioconductor, see
    'citation("Biobase")', and for packages 'citation("pkgname")'.

Loading required package: yarn
Setting options('download.file.method.GEOquery'='auto')
Setting options('GEOquery.inmemory.gpl'=FALSE)
Loading required package: matrixcalc

Attaching package: 'matrixcalc'

The following object is masked from 'package:igraph':

    %s%



Iteration0: hamming distance =3.57534
Iteration1: hamming distance =0.81469
Iteration2: hamming distance =0.66231
Iteration3: hamming distance =0.60133
Iteration4: hamming distance =0.55453
Iteration5: hamming distance =0.50933
Iteration6: hamming distance =0.46359
Iteration7: hamming distance =0.41771
Iteration8: hamming distance =0.37272
Iteration9: hamming distance =0.32963
Iteration10: hamming distance =0.2892
Iteration11: hamming distance =0.25196
Iteration12: hamming distance =0.21815
Iteration13: hamming distance =0.18785
Iteration14: hamming distance =0.16098
Iteration15: hamming distance =0.13737
Iteration16: hamming distance =0.11678
Iteration17: hamming distance =0.09894
Iteration18: hamming distance =0.08357
Iteration19: hamming distance =0.0704
Iteration20: hamming distance =0.05915
Iteration21: hamming distance =0.0496
Iteration22: hamming distance =0.0415
Iteration23: hamming distance =0.03466
Iteration24: hamming distance =0.0289
Iteration25: hamming distance =0.02406
Iteration26: hamming distance =0.02
Iteration27: hamming distance =0.0166
Iteration28: hamming distance =0.01377
Iteration29: hamming distance =0.0114
Iteration30: hamming distance =0.00944
Iteration31: hamming distance =0.0078
Iteration32: hamming distance =0.00644
Iteration33: hamming distance =0.00532
Iteration34: hamming distance =0.00439
Iteration35: hamming distance =0.00362
Iteration36: hamming distance =0.00298
Iteration37: hamming distance =0.00245
Iteration38: hamming distance =0.00202
Iteration39: hamming distance =0.00166
Iteration40: hamming distance =0.00136
Iteration41: hamming distance =0.00112
Iteration42: hamming distance =0.00092
Successfully ran PANDA on 20429 Genes and 1080 TFs.
Time elapsed:2882.71seconds.
Warning message:
In cor(t(expr), method = cor.method, use = "pairwise.complete.obs") :
  the standard deviation is zero
