Loading required package: igraph

Attaching package: 'igraph'

The following objects are masked from 'package:stats':

    decompose, spectrum

The following object is masked from 'package:base':

    union

Loading required package: reticulate
Loading required package: pandaR
Loading required package: Biobase
Loading required package: BiocGenerics

Attaching package: 'BiocGenerics'

The following objects are masked from 'package:igraph':

    normalize, path, union

The following objects are masked from 'package:stats':

    IQR, mad, sd, var, xtabs

The following objects are masked from 'package:base':

    Filter, Find, Map, Position, Reduce, anyDuplicated, aperm, append,
    as.data.frame, basename, cbind, colnames, dirname, do.call,
    duplicated, eval, evalq, get, grep, grepl, intersect, is.unsorted,
    lapply, mapply, match, mget, order, paste, pmax, pmax.int, pmin,
    pmin.int, rank, rbind, rownames, sapply, setdiff, sort, table,
    tapply, union, unique, unsplit, which.max, which.min

Welcome to Bioconductor

    Vignettes contain introductory material; view with
    'browseVignettes()'. To cite Bioconductor, see
    'citation("Biobase")', and for packages 'citation("pkgname")'.

Loading required package: yarn
Setting options('download.file.method.GEOquery'='auto')
Setting options('GEOquery.inmemory.gpl'=FALSE)
Loading required package: matrixcalc

Attaching package: 'matrixcalc'

The following object is masked from 'package:igraph':

    %s%



Iteration0: hamming distance =5.08844
Iteration1: hamming distance =0.99967
Iteration2: hamming distance =0.88669
Iteration3: hamming distance =0.82847
Iteration4: hamming distance =0.77282
Iteration5: hamming distance =0.71326
Iteration6: hamming distance =0.65041
Iteration7: hamming distance =0.58631
Iteration8: hamming distance =0.52307
Iteration9: hamming distance =0.46237
Iteration10: hamming distance =0.40542
Iteration11: hamming distance =0.35298
Iteration12: hamming distance =0.30542
Iteration13: hamming distance =0.26284
Iteration14: hamming distance =0.22511
Iteration15: hamming distance =0.19198
Iteration16: hamming distance =0.16311
Iteration17: hamming distance =0.13812
Iteration18: hamming distance =0.1166
Iteration19: hamming distance =0.09817
Iteration20: hamming distance =0.08245
Iteration21: hamming distance =0.0691
Iteration22: hamming distance =0.05779
Iteration23: hamming distance =0.04824
Iteration24: hamming distance =0.04021
Iteration25: hamming distance =0.03346
Iteration26: hamming distance =0.0278
Iteration27: hamming distance =0.02307
Iteration28: hamming distance =0.01912
Iteration29: hamming distance =0.01584
Iteration30: hamming distance =0.0131
Iteration31: hamming distance =0.01083
Iteration32: hamming distance =0.00894
Iteration33: hamming distance =0.00738
Iteration34: hamming distance =0.00608
Iteration35: hamming distance =0.00501
Iteration36: hamming distance =0.00413
Iteration37: hamming distance =0.0034
Iteration38: hamming distance =0.0028
Iteration39: hamming distance =0.0023
Iteration40: hamming distance =0.00189
Iteration41: hamming distance =0.00155
Iteration42: hamming distance =0.00128
Iteration43: hamming distance =0.00105
Iteration44: hamming distance =0.00086
Successfully ran PANDA on 22033 Genes and 1080 TFs.
Time elapsed:3493.18seconds.
Warning message:
In cor(t(expr), method = cor.method, use = "pairwise.complete.obs") :
  the standard deviation is zero
