Loading required package: igraph

Attaching package: 'igraph'

The following objects are masked from 'package:stats':

    decompose, spectrum

The following object is masked from 'package:base':

    union

Loading required package: reticulate
Loading required package: pandaR
Loading required package: Biobase
Loading required package: BiocGenerics

Attaching package: 'BiocGenerics'

The following objects are masked from 'package:igraph':

    normalize, path, union

The following objects are masked from 'package:stats':

    IQR, mad, sd, var, xtabs

The following objects are masked from 'package:base':

    Filter, Find, Map, Position, Reduce, anyDuplicated, aperm, append,
    as.data.frame, basename, cbind, colnames, dirname, do.call,
    duplicated, eval, evalq, get, grep, grepl, intersect, is.unsorted,
    lapply, mapply, match, mget, order, paste, pmax, pmax.int, pmin,
    pmin.int, rank, rbind, rownames, sapply, setdiff, sort, table,
    tapply, union, unique, unsplit, which.max, which.min

Welcome to Bioconductor

    Vignettes contain introductory material; view with
    'browseVignettes()'. To cite Bioconductor, see
    'citation("Biobase")', and for packages 'citation("pkgname")'.

Loading required package: yarn
Setting options('download.file.method.GEOquery'='auto')
Setting options('GEOquery.inmemory.gpl'=FALSE)
Loading required package: matrixcalc

Attaching package: 'matrixcalc'

The following object is masked from 'package:igraph':

    %s%



Iteration0: hamming distance =4.41807
Iteration1: hamming distance =0.94039
Iteration2: hamming distance =0.79827
Iteration3: hamming distance =0.73449
Iteration4: hamming distance =0.68059
Iteration5: hamming distance =0.62612
Iteration6: hamming distance =0.57001
Iteration7: hamming distance =0.5134
Iteration8: hamming distance =0.45781
Iteration9: hamming distance =0.40459
Iteration10: hamming distance =0.35471
Iteration11: hamming distance =0.30882
Iteration12: hamming distance =0.26721
Iteration13: hamming distance =0.22996
Iteration14: hamming distance =0.19696
Iteration15: hamming distance =0.16799
Iteration16: hamming distance =0.14274
Iteration17: hamming distance =0.12089
Iteration18: hamming distance =0.10207
Iteration19: hamming distance =0.08595
Iteration20: hamming distance =0.0722
Iteration21: hamming distance =0.06051
Iteration22: hamming distance =0.05062
Iteration23: hamming distance =0.04226
Iteration24: hamming distance =0.03523
Iteration25: hamming distance =0.02932
Iteration26: hamming distance =0.02437
Iteration27: hamming distance =0.02022
Iteration28: hamming distance =0.01677
Iteration29: hamming distance =0.01389
Iteration30: hamming distance =0.01149
Iteration31: hamming distance =0.0095
Iteration32: hamming distance =0.00784
Iteration33: hamming distance =0.00647
Iteration34: hamming distance =0.00534
Iteration35: hamming distance =0.0044
Iteration36: hamming distance =0.00362
Iteration37: hamming distance =0.00298
Iteration38: hamming distance =0.00245
Iteration39: hamming distance =0.00202
Iteration40: hamming distance =0.00166
Iteration41: hamming distance =0.00136
Iteration42: hamming distance =0.00112
Iteration43: hamming distance =0.00092
Successfully ran PANDA on 20429 Genes and 1080 TFs.
Time elapsed:3053.73seconds.
Warning message:
In cor(t(expr), method = cor.method, use = "pairwise.complete.obs") :
  the standard deviation is zero
