Loading required package: igraph

Attaching package: 'igraph'

The following objects are masked from 'package:stats':

    decompose, spectrum

The following object is masked from 'package:base':

    union

Loading required package: reticulate
Loading required package: pandaR
Loading required package: Biobase
Loading required package: BiocGenerics

Attaching package: 'BiocGenerics'

The following objects are masked from 'package:igraph':

    normalize, path, union

The following objects are masked from 'package:stats':

    IQR, mad, sd, var, xtabs

The following objects are masked from 'package:base':

    Filter, Find, Map, Position, Reduce, anyDuplicated, aperm, append,
    as.data.frame, basename, cbind, colnames, dirname, do.call,
    duplicated, eval, evalq, get, grep, grepl, intersect, is.unsorted,
    lapply, mapply, match, mget, order, paste, pmax, pmax.int, pmin,
    pmin.int, rank, rbind, rownames, sapply, setdiff, sort, table,
    tapply, union, unique, unsplit, which.max, which.min

Welcome to Bioconductor

    Vignettes contain introductory material; view with
    'browseVignettes()'. To cite Bioconductor, see
    'citation("Biobase")', and for packages 'citation("pkgname")'.

Loading required package: yarn
Setting options('download.file.method.GEOquery'='auto')
Setting options('GEOquery.inmemory.gpl'=FALSE)
Loading required package: matrixcalc

Attaching package: 'matrixcalc'

The following object is masked from 'package:igraph':

    %s%



Iteration0: hamming distance =2.94231
Iteration1: hamming distance =0.65523
Iteration2: hamming distance =0.54115
Iteration3: hamming distance =0.49569
Iteration4: hamming distance =0.45977
Iteration5: hamming distance =0.42416
Iteration6: hamming distance =0.38743
Iteration7: hamming distance =0.35011
Iteration8: hamming distance =0.31316
Iteration9: hamming distance =0.27752
Iteration10: hamming distance =0.2439
Iteration11: hamming distance =0.21279
Iteration12: hamming distance =0.18445
Iteration13: hamming distance =0.15899
Iteration14: hamming distance =0.13636
Iteration15: hamming distance =0.11644
Iteration16: hamming distance =0.09905
Iteration17: hamming distance =0.08396
Iteration18: hamming distance =0.07095
Iteration19: hamming distance =0.05979
Iteration20: hamming distance =0.05026
Iteration21: hamming distance =0.04215
Iteration22: hamming distance =0.03528
Iteration23: hamming distance =0.02947
Iteration24: hamming distance =0.02458
Iteration25: hamming distance =0.02047
Iteration26: hamming distance =0.01702
Iteration27: hamming distance =0.01413
Iteration28: hamming distance =0.01172
Iteration29: hamming distance =0.00971
Iteration30: hamming distance =0.00803
Iteration31: hamming distance =0.00664
Iteration32: hamming distance =0.00549
Iteration33: hamming distance =0.00453
Iteration34: hamming distance =0.00374
Iteration35: hamming distance =0.00308
Iteration36: hamming distance =0.00254
Iteration37: hamming distance =0.00209
Iteration38: hamming distance =0.00172
Iteration39: hamming distance =0.00141
Iteration40: hamming distance =0.00116
Iteration41: hamming distance =0.00096
Successfully ran PANDA on 20429 Genes and 1080 TFs.
Time elapsed:2775.59seconds.
Warning message:
In cor(t(expr), method = cor.method, use = "pairwise.complete.obs") :
  the standard deviation is zero
