Loading required package: igraph

Attaching package: 'igraph'

The following objects are masked from 'package:stats':

    decompose, spectrum

The following object is masked from 'package:base':

    union

Loading required package: reticulate
Loading required package: pandaR
Loading required package: Biobase
Loading required package: BiocGenerics

Attaching package: 'BiocGenerics'

The following objects are masked from 'package:igraph':

    normalize, path, union

The following objects are masked from 'package:stats':

    IQR, mad, sd, var, xtabs

The following objects are masked from 'package:base':

    Filter, Find, Map, Position, Reduce, anyDuplicated, aperm, append,
    as.data.frame, basename, cbind, colnames, dirname, do.call,
    duplicated, eval, evalq, get, grep, grepl, intersect, is.unsorted,
    lapply, mapply, match, mget, order, paste, pmax, pmax.int, pmin,
    pmin.int, rank, rbind, rownames, sapply, setdiff, sort, table,
    tapply, union, unique, unsplit, which.max, which.min

Welcome to Bioconductor

    Vignettes contain introductory material; view with
    'browseVignettes()'. To cite Bioconductor, see
    'citation("Biobase")', and for packages 'citation("pkgname")'.

Loading required package: yarn
Setting options('download.file.method.GEOquery'='auto')
Setting options('GEOquery.inmemory.gpl'=FALSE)
Loading required package: matrixcalc

Attaching package: 'matrixcalc'

The following object is masked from 'package:igraph':

    %s%



Iteration0: hamming distance =1.52264
Iteration1: hamming distance =0.40914
Iteration2: hamming distance =0.34226
Iteration3: hamming distance =0.31543
Iteration4: hamming distance =0.29483
Iteration5: hamming distance =0.2743
Iteration6: hamming distance =0.25272
Iteration7: hamming distance =0.23031
Iteration8: hamming distance =0.20768
Iteration9: hamming distance =0.18542
Iteration10: hamming distance =0.16409
Iteration11: hamming distance =0.14405
Iteration12: hamming distance =0.12557
Iteration13: hamming distance =0.10877
Iteration14: hamming distance =0.0937
Iteration15: hamming distance =0.08033
Iteration16: hamming distance =0.06856
Iteration17: hamming distance =0.0583
Iteration18: hamming distance =0.04939
Iteration19: hamming distance =0.04172
Iteration20: hamming distance =0.03515
Iteration21: hamming distance =0.02953
Iteration22: hamming distance =0.02476
Iteration23: hamming distance =0.02071
Iteration24: hamming distance =0.01729
Iteration25: hamming distance =0.01442
Iteration26: hamming distance =0.012
Iteration27: hamming distance =0.00997
Iteration28: hamming distance =0.00828
Iteration29: hamming distance =0.00686
Iteration30: hamming distance =0.00568
Iteration31: hamming distance =0.0047
Iteration32: hamming distance =0.00389
Iteration33: hamming distance =0.00321
Iteration34: hamming distance =0.00265
Iteration35: hamming distance =0.00218
Iteration36: hamming distance =0.0018
Iteration37: hamming distance =0.00148
Iteration38: hamming distance =0.00122
Iteration39: hamming distance =0.001
Iteration40: hamming distance =0.00083
Successfully ran PANDA on 20429 Genes and 1080 TFs.
Time elapsed:2799.59seconds.
Warning message:
In cor(t(expr), method = cor.method, use = "pairwise.complete.obs") :
  the standard deviation is zero
