Loading required package: igraph

Attaching package: 'igraph'

The following objects are masked from 'package:stats':

    decompose, spectrum

The following object is masked from 'package:base':

    union

Loading required package: reticulate
Loading required package: pandaR
Loading required package: Biobase
Loading required package: BiocGenerics

Attaching package: 'BiocGenerics'

The following objects are masked from 'package:igraph':

    normalize, path, union

The following objects are masked from 'package:stats':

    IQR, mad, sd, var, xtabs

The following objects are masked from 'package:base':

    Filter, Find, Map, Position, Reduce, anyDuplicated, aperm, append,
    as.data.frame, basename, cbind, colnames, dirname, do.call,
    duplicated, eval, evalq, get, grep, grepl, intersect, is.unsorted,
    lapply, mapply, match, mget, order, paste, pmax, pmax.int, pmin,
    pmin.int, rank, rbind, rownames, sapply, setdiff, sort, table,
    tapply, union, unique, unsplit, which.max, which.min

Welcome to Bioconductor

    Vignettes contain introductory material; view with
    'browseVignettes()'. To cite Bioconductor, see
    'citation("Biobase")', and for packages 'citation("pkgname")'.

Loading required package: yarn
Setting options('download.file.method.GEOquery'='auto')
Setting options('GEOquery.inmemory.gpl'=FALSE)
Loading required package: matrixcalc

Attaching package: 'matrixcalc'

The following object is masked from 'package:igraph':

    %s%



Iteration0: hamming distance =3.89162
Iteration1: hamming distance =0.80536
Iteration2: hamming distance =0.68879
Iteration3: hamming distance =0.63671
Iteration4: hamming distance =0.59162
Iteration5: hamming distance =0.54524
Iteration6: hamming distance =0.49698
Iteration7: hamming distance =0.44799
Iteration8: hamming distance =0.39972
Iteration9: hamming distance =0.35339
Iteration10: hamming distance =0.30991
Iteration11: hamming distance =0.26987
Iteration12: hamming distance =0.23354
Iteration13: hamming distance =0.20101
Iteration14: hamming distance =0.17218
Iteration15: hamming distance =0.14686
Iteration16: hamming distance =0.12479
Iteration17: hamming distance =0.10569
Iteration18: hamming distance =0.08924
Iteration19: hamming distance =0.07515
Iteration20: hamming distance =0.06313
Iteration21: hamming distance =0.05292
Iteration22: hamming distance =0.04426
Iteration23: hamming distance =0.03696
Iteration24: hamming distance =0.03081
Iteration25: hamming distance =0.02564
Iteration26: hamming distance =0.02131
Iteration27: hamming distance =0.01769
Iteration28: hamming distance =0.01467
Iteration29: hamming distance =0.01215
Iteration30: hamming distance =0.01005
Iteration31: hamming distance =0.00831
Iteration32: hamming distance =0.00686
Iteration33: hamming distance =0.00566
Iteration34: hamming distance =0.00467
Iteration35: hamming distance =0.00385
Iteration36: hamming distance =0.00317
Iteration37: hamming distance =0.00261
Iteration38: hamming distance =0.00215
Iteration39: hamming distance =0.00177
Iteration40: hamming distance =0.00145
Iteration41: hamming distance =0.00119
Iteration42: hamming distance =0.00098
Successfully ran PANDA on 22033 Genes and 1080 TFs.
Time elapsed:3297.81seconds.
Warning message:
In cor(t(expr), method = cor.method, use = "pairwise.complete.obs") :
  the standard deviation is zero
