Loading required package: igraph

Attaching package: 'igraph'

The following objects are masked from 'package:stats':

    decompose, spectrum

The following object is masked from 'package:base':

    union

Loading required package: reticulate
Loading required package: pandaR
Loading required package: Biobase
Loading required package: BiocGenerics

Attaching package: 'BiocGenerics'

The following objects are masked from 'package:igraph':

    normalize, path, union

The following objects are masked from 'package:stats':

    IQR, mad, sd, var, xtabs

The following objects are masked from 'package:base':

    Filter, Find, Map, Position, Reduce, anyDuplicated, aperm, append,
    as.data.frame, basename, cbind, colnames, dirname, do.call,
    duplicated, eval, evalq, get, grep, grepl, intersect, is.unsorted,
    lapply, mapply, match, mget, order, paste, pmax, pmax.int, pmin,
    pmin.int, rank, rbind, rownames, sapply, setdiff, sort, table,
    tapply, union, unique, unsplit, which.max, which.min

Welcome to Bioconductor

    Vignettes contain introductory material; view with
    'browseVignettes()'. To cite Bioconductor, see
    'citation("Biobase")', and for packages 'citation("pkgname")'.

Loading required package: yarn
Setting options('download.file.method.GEOquery'='auto')
Setting options('GEOquery.inmemory.gpl'=FALSE)
Loading required package: matrixcalc

Attaching package: 'matrixcalc'

The following object is masked from 'package:igraph':

    %s%



Iteration0: hamming distance =3.2737
Iteration1: hamming distance =0.70733
Iteration2: hamming distance =0.58878
Iteration3: hamming distance =0.54045
Iteration4: hamming distance =0.50151
Iteration5: hamming distance =0.46254
Iteration6: hamming distance =0.42225
Iteration7: hamming distance =0.3813
Iteration8: hamming distance =0.34081
Iteration9: hamming distance =0.3018
Iteration10: hamming distance =0.26507
Iteration11: hamming distance =0.23112
Iteration12: hamming distance =0.20024
Iteration13: hamming distance =0.17252
Iteration14: hamming distance =0.14791
Iteration15: hamming distance =0.12626
Iteration16: hamming distance =0.10737
Iteration17: hamming distance =0.09099
Iteration18: hamming distance =0.07687
Iteration19: hamming distance =0.06477
Iteration20: hamming distance =0.05443
Iteration21: hamming distance =0.04565
Iteration22: hamming distance =0.0382
Iteration23: hamming distance =0.03191
Iteration24: hamming distance =0.02661
Iteration25: hamming distance =0.02215
Iteration26: hamming distance =0.01842
Iteration27: hamming distance =0.01529
Iteration28: hamming distance =0.01268
Iteration29: hamming distance =0.0105
Iteration30: hamming distance =0.00869
Iteration31: hamming distance =0.00719
Iteration32: hamming distance =0.00594
Iteration33: hamming distance =0.0049
Iteration34: hamming distance =0.00404
Iteration35: hamming distance =0.00333
Iteration36: hamming distance =0.00274
Iteration37: hamming distance =0.00226
Iteration38: hamming distance =0.00186
Iteration39: hamming distance =0.00153
Iteration40: hamming distance =0.00126
Iteration41: hamming distance =0.00103
Iteration42: hamming distance =0.00085
Successfully ran PANDA on 20429 Genes and 1080 TFs.
Time elapsed:5232.73seconds.
Warning message:
In cor(t(expr), method = cor.method, use = "pairwise.complete.obs") :
  the standard deviation is zero
