Loading required package: igraph

Attaching package: 'igraph'

The following objects are masked from 'package:stats':

    decompose, spectrum

The following object is masked from 'package:base':

    union

Loading required package: reticulate
Loading required package: pandaR
Loading required package: Biobase
Loading required package: BiocGenerics

Attaching package: 'BiocGenerics'

The following objects are masked from 'package:igraph':

    normalize, path, union

The following objects are masked from 'package:stats':

    IQR, mad, sd, var, xtabs

The following objects are masked from 'package:base':

    Filter, Find, Map, Position, Reduce, anyDuplicated, aperm, append,
    as.data.frame, basename, cbind, colnames, dirname, do.call,
    duplicated, eval, evalq, get, grep, grepl, intersect, is.unsorted,
    lapply, mapply, match, mget, order, paste, pmax, pmax.int, pmin,
    pmin.int, rank, rbind, rownames, sapply, setdiff, sort, table,
    tapply, union, unique, unsplit, which.max, which.min

Welcome to Bioconductor

    Vignettes contain introductory material; view with
    'browseVignettes()'. To cite Bioconductor, see
    'citation("Biobase")', and for packages 'citation("pkgname")'.

Loading required package: yarn
Setting options('download.file.method.GEOquery'='auto')
Setting options('GEOquery.inmemory.gpl'=FALSE)
Loading required package: matrixcalc

Attaching package: 'matrixcalc'

The following object is masked from 'package:igraph':

    %s%



Iteration0: hamming distance =2.29647
Iteration1: hamming distance =0.60734
Iteration2: hamming distance =0.47613
Iteration3: hamming distance =0.42506
Iteration4: hamming distance =0.38934
Iteration5: hamming distance =0.3569
Iteration6: hamming distance =0.32495
Iteration7: hamming distance =0.29321
Iteration8: hamming distance =0.26215
Iteration9: hamming distance =0.23233
Iteration10: hamming distance =0.20427
Iteration11: hamming distance =0.17831
Iteration12: hamming distance =0.15467
Iteration13: hamming distance =0.13341
Iteration14: hamming distance =0.1145
Iteration15: hamming distance =0.09783
Iteration16: hamming distance =0.08327
Iteration17: hamming distance =0.07062
Iteration18: hamming distance =0.05971
Iteration19: hamming distance =0.05034
Iteration20: hamming distance =0.04233
Iteration21: hamming distance =0.03552
Iteration22: hamming distance =0.02974
Iteration23: hamming distance =0.02485
Iteration24: hamming distance =0.02073
Iteration25: hamming distance =0.01727
Iteration26: hamming distance =0.01436
Iteration27: hamming distance =0.01193
Iteration28: hamming distance =0.00989
Iteration29: hamming distance =0.0082
Iteration30: hamming distance =0.00678
Iteration31: hamming distance =0.00561
Iteration32: hamming distance =0.00464
Iteration33: hamming distance =0.00383
Iteration34: hamming distance =0.00316
Iteration35: hamming distance =0.0026
Iteration36: hamming distance =0.00214
Iteration37: hamming distance =0.00177
Iteration38: hamming distance =0.00145
Iteration39: hamming distance =0.00119
Iteration40: hamming distance =0.00098
Successfully ran PANDA on 20429 Genes and 1080 TFs.
Time elapsed:2749.4seconds.
Warning message:
In cor(t(expr), method = cor.method, use = "pairwise.complete.obs") :
  the standard deviation is zero
