Loading required package: igraph

Attaching package: 'igraph'

The following objects are masked from 'package:stats':

    decompose, spectrum

The following object is masked from 'package:base':

    union

Loading required package: reticulate
Loading required package: pandaR
Loading required package: Biobase
Loading required package: BiocGenerics

Attaching package: 'BiocGenerics'

The following objects are masked from 'package:igraph':

    normalize, path, union

The following objects are masked from 'package:stats':

    IQR, mad, sd, var, xtabs

The following objects are masked from 'package:base':

    Filter, Find, Map, Position, Reduce, anyDuplicated, aperm, append,
    as.data.frame, basename, cbind, colnames, dirname, do.call,
    duplicated, eval, evalq, get, grep, grepl, intersect, is.unsorted,
    lapply, mapply, match, mget, order, paste, pmax, pmax.int, pmin,
    pmin.int, rank, rbind, rownames, sapply, setdiff, sort, table,
    tapply, union, unique, unsplit, which.max, which.min

Welcome to Bioconductor

    Vignettes contain introductory material; view with
    'browseVignettes()'. To cite Bioconductor, see
    'citation("Biobase")', and for packages 'citation("pkgname")'.

Loading required package: yarn
Setting options('download.file.method.GEOquery'='auto')
Setting options('GEOquery.inmemory.gpl'=FALSE)
Loading required package: matrixcalc

Attaching package: 'matrixcalc'

The following object is masked from 'package:igraph':

    %s%



Iteration0: hamming distance =4.96519
Iteration1: hamming distance =0.97215
Iteration2: hamming distance =0.84412
Iteration3: hamming distance =0.78261
Iteration4: hamming distance =0.72705
Iteration5: hamming distance =0.66925
Iteration6: hamming distance =0.60911
Iteration7: hamming distance =0.54826
Iteration8: hamming distance =0.48853
Iteration9: hamming distance =0.43141
Iteration10: hamming distance =0.37796
Iteration11: hamming distance =0.32883
Iteration12: hamming distance =0.28436
Iteration13: hamming distance =0.24458
Iteration14: hamming distance =0.20938
Iteration15: hamming distance =0.1785
Iteration16: hamming distance =0.15161
Iteration17: hamming distance =0.12834
Iteration18: hamming distance =0.10832
Iteration19: hamming distance =0.09118
Iteration20: hamming distance =0.07657
Iteration21: hamming distance =0.06416
Iteration22: hamming distance =0.05365
Iteration23: hamming distance =0.04479
Iteration24: hamming distance =0.03732
Iteration25: hamming distance =0.03105
Iteration26: hamming distance =0.0258
Iteration27: hamming distance =0.02141
Iteration28: hamming distance =0.01775
Iteration29: hamming distance =0.0147
Iteration30: hamming distance =0.01216
Iteration31: hamming distance =0.01005
Iteration32: hamming distance =0.0083
Iteration33: hamming distance =0.00685
Iteration34: hamming distance =0.00564
Iteration35: hamming distance =0.00465
Iteration36: hamming distance =0.00383
Iteration37: hamming distance =0.00315
Iteration38: hamming distance =0.00259
Iteration39: hamming distance =0.00213
Iteration40: hamming distance =0.00175
Iteration41: hamming distance =0.00144
Iteration42: hamming distance =0.00118
Iteration43: hamming distance =0.00097
Successfully ran PANDA on 22033 Genes and 1080 TFs.
Time elapsed:3442.68seconds.
Warning message:
In cor(t(expr), method = cor.method, use = "pairwise.complete.obs") :
  the standard deviation is zero
