Loading required package: igraph

Attaching package: 'igraph'

The following objects are masked from 'package:stats':

    decompose, spectrum

The following object is masked from 'package:base':

    union

Loading required package: reticulate
Loading required package: pandaR
Loading required package: Biobase
Loading required package: BiocGenerics

Attaching package: 'BiocGenerics'

The following objects are masked from 'package:igraph':

    normalize, path, union

The following objects are masked from 'package:stats':

    IQR, mad, sd, var, xtabs

The following objects are masked from 'package:base':

    Filter, Find, Map, Position, Reduce, anyDuplicated, aperm, append,
    as.data.frame, basename, cbind, colnames, dirname, do.call,
    duplicated, eval, evalq, get, grep, grepl, intersect, is.unsorted,
    lapply, mapply, match, mget, order, paste, pmax, pmax.int, pmin,
    pmin.int, rank, rbind, rownames, sapply, setdiff, sort, table,
    tapply, union, unique, unsplit, which.max, which.min

Welcome to Bioconductor

    Vignettes contain introductory material; view with
    'browseVignettes()'. To cite Bioconductor, see
    'citation("Biobase")', and for packages 'citation("pkgname")'.

Loading required package: yarn
Setting options('download.file.method.GEOquery'='auto')
Setting options('GEOquery.inmemory.gpl'=FALSE)
Loading required package: matrixcalc

Attaching package: 'matrixcalc'

The following object is masked from 'package:igraph':

    %s%



Iteration0: hamming distance =5.26957
Iteration1: hamming distance =1.0315
Iteration2: hamming distance =0.91951
Iteration3: hamming distance =0.86111
Iteration4: hamming distance =0.80446
Iteration5: hamming distance =0.74328
Iteration6: hamming distance =0.67836
Iteration7: hamming distance =0.61194
Iteration8: hamming distance =0.54625
Iteration9: hamming distance =0.48309
Iteration10: hamming distance =0.42377
Iteration11: hamming distance =0.36908
Iteration12: hamming distance =0.31945
Iteration13: hamming distance =0.27498
Iteration14: hamming distance =0.23555
Iteration15: hamming distance =0.20092
Iteration16: hamming distance =0.17073
Iteration17: hamming distance =0.14459
Iteration18: hamming distance =0.12208
Iteration19: hamming distance =0.10279
Iteration20: hamming distance =0.08634
Iteration21: hamming distance =0.07236
Iteration22: hamming distance =0.06052
Iteration23: hamming distance =0.05052
Iteration24: hamming distance =0.04211
Iteration25: hamming distance =0.03504
Iteration26: hamming distance =0.02912
Iteration27: hamming distance =0.02416
Iteration28: hamming distance =0.02003
Iteration29: hamming distance =0.01659
Iteration30: hamming distance =0.01372
Iteration31: hamming distance =0.01134
Iteration32: hamming distance =0.00936
Iteration33: hamming distance =0.00773
Iteration34: hamming distance =0.00637
Iteration35: hamming distance =0.00525
Iteration36: hamming distance =0.00432
Iteration37: hamming distance =0.00356
Iteration38: hamming distance =0.00293
Iteration39: hamming distance =0.00241
Iteration40: hamming distance =0.00198
Iteration41: hamming distance =0.00163
Iteration42: hamming distance =0.00134
Iteration43: hamming distance =0.0011
Iteration44: hamming distance =9e-04
Successfully ran PANDA on 22033 Genes and 1080 TFs.
Time elapsed:3545.06seconds.
Warning message:
In cor(t(expr), method = cor.method, use = "pairwise.complete.obs") :
  the standard deviation is zero
