Loading required package: igraph

Attaching package: 'igraph'

The following objects are masked from 'package:stats':

    decompose, spectrum

The following object is masked from 'package:base':

    union

Loading required package: reticulate
Loading required package: pandaR
Loading required package: Biobase
Loading required package: BiocGenerics

Attaching package: 'BiocGenerics'

The following objects are masked from 'package:igraph':

    normalize, path, union

The following objects are masked from 'package:stats':

    IQR, mad, sd, var, xtabs

The following objects are masked from 'package:base':

    Filter, Find, Map, Position, Reduce, anyDuplicated, aperm, append,
    as.data.frame, basename, cbind, colnames, dirname, do.call,
    duplicated, eval, evalq, get, grep, grepl, intersect, is.unsorted,
    lapply, mapply, match, mget, order, paste, pmax, pmax.int, pmin,
    pmin.int, rank, rbind, rownames, sapply, setdiff, sort, table,
    tapply, union, unique, unsplit, which.max, which.min

Welcome to Bioconductor

    Vignettes contain introductory material; view with
    'browseVignettes()'. To cite Bioconductor, see
    'citation("Biobase")', and for packages 'citation("pkgname")'.

Loading required package: yarn
Setting options('download.file.method.GEOquery'='auto')
Setting options('GEOquery.inmemory.gpl'=FALSE)
Loading required package: matrixcalc

Attaching package: 'matrixcalc'

The following object is masked from 'package:igraph':

    %s%



Iteration0: hamming distance =5.36278
Iteration1: hamming distance =1.06035
Iteration2: hamming distance =0.95593
Iteration3: hamming distance =0.89993
Iteration4: hamming distance =0.8439
Iteration5: hamming distance =0.78216
Iteration6: hamming distance =0.71575
Iteration7: hamming distance =0.64715
Iteration8: hamming distance =0.57882
Iteration9: hamming distance =0.51278
Iteration10: hamming distance =0.45047
Iteration11: hamming distance =0.39284
Iteration12: hamming distance =0.34038
Iteration13: hamming distance =0.29328
Iteration14: hamming distance =0.25144
Iteration15: hamming distance =0.21462
Iteration16: hamming distance =0.18249
Iteration17: hamming distance =0.15463
Iteration18: hamming distance =0.13061
Iteration19: hamming distance =0.11002
Iteration20: hamming distance =0.09245
Iteration21: hamming distance =0.0775
Iteration22: hamming distance =0.06484
Iteration23: hamming distance =0.05414
Iteration24: hamming distance =0.04513
Iteration25: hamming distance =0.03757
Iteration26: hamming distance =0.03122
Iteration27: hamming distance =0.02591
Iteration28: hamming distance =0.02148
Iteration29: hamming distance =0.01779
Iteration30: hamming distance =0.01472
Iteration31: hamming distance =0.01217
Iteration32: hamming distance =0.01005
Iteration33: hamming distance =0.00829
Iteration34: hamming distance =0.00684
Iteration35: hamming distance =0.00563
Iteration36: hamming distance =0.00464
Iteration37: hamming distance =0.00382
Iteration38: hamming distance =0.00314
Iteration39: hamming distance =0.00258
Iteration40: hamming distance =0.00212
Iteration41: hamming distance =0.00175
Iteration42: hamming distance =0.00143
Iteration43: hamming distance =0.00118
Iteration44: hamming distance =0.00097
Successfully ran PANDA on 22033 Genes and 1080 TFs.
Time elapsed:3467.08seconds.
Warning message:
In cor(t(expr), method = cor.method, use = "pairwise.complete.obs") :
  the standard deviation is zero
