Loading required package: igraph

Attaching package: 'igraph'

The following objects are masked from 'package:stats':

    decompose, spectrum

The following object is masked from 'package:base':

    union

Loading required package: reticulate
Loading required package: pandaR
Loading required package: Biobase
Loading required package: BiocGenerics

Attaching package: 'BiocGenerics'

The following objects are masked from 'package:igraph':

    normalize, path, union

The following objects are masked from 'package:stats':

    IQR, mad, sd, var, xtabs

The following objects are masked from 'package:base':

    Filter, Find, Map, Position, Reduce, anyDuplicated, aperm, append,
    as.data.frame, basename, cbind, colnames, dirname, do.call,
    duplicated, eval, evalq, get, grep, grepl, intersect, is.unsorted,
    lapply, mapply, match, mget, order, paste, pmax, pmax.int, pmin,
    pmin.int, rank, rbind, rownames, sapply, setdiff, sort, table,
    tapply, union, unique, unsplit, which.max, which.min

Welcome to Bioconductor

    Vignettes contain introductory material; view with
    'browseVignettes()'. To cite Bioconductor, see
    'citation("Biobase")', and for packages 'citation("pkgname")'.

Loading required package: yarn
Setting options('download.file.method.GEOquery'='auto')
Setting options('GEOquery.inmemory.gpl'=FALSE)
Loading required package: matrixcalc

Attaching package: 'matrixcalc'

The following object is masked from 'package:igraph':

    %s%



Iteration0: hamming distance =2.96198
Iteration1: hamming distance =0.6616
Iteration2: hamming distance =0.54856
Iteration3: hamming distance =0.50241
Iteration4: hamming distance =0.46552
Iteration5: hamming distance =0.42889
Iteration6: hamming distance =0.39123
Iteration7: hamming distance =0.35309
Iteration8: hamming distance =0.31546
Iteration9: hamming distance =0.27927
Iteration10: hamming distance =0.24522
Iteration11: hamming distance =0.21378
Iteration12: hamming distance =0.18519
Iteration13: hamming distance =0.15954
Iteration14: hamming distance =0.13677
Iteration15: hamming distance =0.11675
Iteration16: hamming distance =0.09927
Iteration17: hamming distance =0.08413
Iteration18: hamming distance =0.07107
Iteration19: hamming distance =0.05988
Iteration20: hamming distance =0.05032
Iteration21: hamming distance =0.0422
Iteration22: hamming distance =0.03531
Iteration23: hamming distance =0.0295
Iteration24: hamming distance =0.0246
Iteration25: hamming distance =0.02048
Iteration26: hamming distance =0.01702
Iteration27: hamming distance =0.01413
Iteration28: hamming distance =0.01172
Iteration29: hamming distance =0.00971
Iteration30: hamming distance =0.00803
Iteration31: hamming distance =0.00664
Iteration32: hamming distance =0.00549
Iteration33: hamming distance =0.00453
Iteration34: hamming distance =0.00374
Iteration35: hamming distance =0.00308
Iteration36: hamming distance =0.00254
Iteration37: hamming distance =0.00209
Iteration38: hamming distance =0.00172
Iteration39: hamming distance =0.00141
Iteration40: hamming distance =0.00116
Iteration41: hamming distance =0.00095
Successfully ran PANDA on 22033 Genes and 1080 TFs.
Time elapsed:3250.72seconds.
Warning message:
In cor(t(expr), method = cor.method, use = "pairwise.complete.obs") :
  the standard deviation is zero
