Loading required package: igraph

Attaching package: 'igraph'

The following objects are masked from 'package:stats':

    decompose, spectrum

The following object is masked from 'package:base':

    union

Loading required package: reticulate
Loading required package: pandaR
Loading required package: Biobase
Loading required package: BiocGenerics

Attaching package: 'BiocGenerics'

The following objects are masked from 'package:igraph':

    normalize, path, union

The following objects are masked from 'package:stats':

    IQR, mad, sd, var, xtabs

The following objects are masked from 'package:base':

    Filter, Find, Map, Position, Reduce, anyDuplicated, aperm, append,
    as.data.frame, basename, cbind, colnames, dirname, do.call,
    duplicated, eval, evalq, get, grep, grepl, intersect, is.unsorted,
    lapply, mapply, match, mget, order, paste, pmax, pmax.int, pmin,
    pmin.int, rank, rbind, rownames, sapply, setdiff, sort, table,
    tapply, union, unique, unsplit, which.max, which.min

Welcome to Bioconductor

    Vignettes contain introductory material; view with
    'browseVignettes()'. To cite Bioconductor, see
    'citation("Biobase")', and for packages 'citation("pkgname")'.

Loading required package: yarn
Setting options('download.file.method.GEOquery'='auto')
Setting options('GEOquery.inmemory.gpl'=FALSE)
Loading required package: matrixcalc

Attaching package: 'matrixcalc'

The following object is masked from 'package:igraph':

    %s%



Iteration0: hamming distance =1.47228
Iteration1: hamming distance =0.41265
Iteration2: hamming distance =0.3359
Iteration3: hamming distance =0.30705
Iteration4: hamming distance =0.28617
Iteration5: hamming distance =0.26601
Iteration6: hamming distance =0.24511
Iteration7: hamming distance =0.22352
Iteration8: hamming distance =0.20172
Iteration9: hamming distance =0.18028
Iteration10: hamming distance =0.15969
Iteration11: hamming distance =0.14032
Iteration12: hamming distance =0.12242
Iteration13: hamming distance =0.10614
Iteration14: hamming distance =0.0915
Iteration15: hamming distance =0.07849
Iteration16: hamming distance =0.06704
Iteration17: hamming distance =0.05703
Iteration18: hamming distance =0.04835
Iteration19: hamming distance =0.04085
Iteration20: hamming distance =0.03443
Iteration21: hamming distance =0.02894
Iteration22: hamming distance =0.02426
Iteration23: hamming distance =0.0203
Iteration24: hamming distance =0.01696
Iteration25: hamming distance =0.01414
Iteration26: hamming distance =0.01177
Iteration27: hamming distance =0.00978
Iteration28: hamming distance =0.00812
Iteration29: hamming distance =0.00673
Iteration30: hamming distance =0.00558
Iteration31: hamming distance =0.00461
Iteration32: hamming distance =0.00381
Iteration33: hamming distance =0.00315
Iteration34: hamming distance =0.0026
Iteration35: hamming distance =0.00214
Iteration36: hamming distance =0.00177
Iteration37: hamming distance =0.00145
Iteration38: hamming distance =0.0012
Iteration39: hamming distance =0.00099
Successfully ran PANDA on 20429 Genes and 1080 TFs.
Time elapsed:2792.02seconds.
Warning message:
In cor(t(expr), method = cor.method, use = "pairwise.complete.obs") :
  the standard deviation is zero
