Loading required package: igraph

Attaching package: 'igraph'

The following objects are masked from 'package:stats':

    decompose, spectrum

The following object is masked from 'package:base':

    union

Loading required package: reticulate
Loading required package: pandaR
Loading required package: Biobase
Loading required package: BiocGenerics

Attaching package: 'BiocGenerics'

The following objects are masked from 'package:igraph':

    normalize, path, union

The following objects are masked from 'package:stats':

    IQR, mad, sd, var, xtabs

The following objects are masked from 'package:base':

    Filter, Find, Map, Position, Reduce, anyDuplicated, aperm, append,
    as.data.frame, basename, cbind, colnames, dirname, do.call,
    duplicated, eval, evalq, get, grep, grepl, intersect, is.unsorted,
    lapply, mapply, match, mget, order, paste, pmax, pmax.int, pmin,
    pmin.int, rank, rbind, rownames, sapply, setdiff, sort, table,
    tapply, union, unique, unsplit, which.max, which.min

Welcome to Bioconductor

    Vignettes contain introductory material; view with
    'browseVignettes()'. To cite Bioconductor, see
    'citation("Biobase")', and for packages 'citation("pkgname")'.

Loading required package: yarn
Setting options('download.file.method.GEOquery'='auto')
Setting options('GEOquery.inmemory.gpl'=FALSE)
Loading required package: matrixcalc

Attaching package: 'matrixcalc'

The following object is masked from 'package:igraph':

    %s%



Iteration0: hamming distance =1.38104
Iteration1: hamming distance =0.37196
Iteration2: hamming distance =0.31805
Iteration3: hamming distance =0.29764
Iteration4: hamming distance =0.28106
Iteration5: hamming distance =0.26345
Iteration6: hamming distance =0.24418
Iteration7: hamming distance =0.22367
Iteration8: hamming distance =0.20258
Iteration9: hamming distance =0.18158
Iteration10: hamming distance =0.16124
Iteration11: hamming distance =0.14199
Iteration12: hamming distance =0.12411
Iteration13: hamming distance =0.10777
Iteration14: hamming distance =0.09304
Iteration15: hamming distance =0.07991
Iteration16: hamming distance =0.06832
Iteration17: hamming distance =0.05817
Iteration18: hamming distance =0.04935
Iteration19: hamming distance =0.04174
Iteration20: hamming distance =0.03519
Iteration21: hamming distance =0.0296
Iteration22: hamming distance =0.02483
Iteration23: hamming distance =0.02079
Iteration24: hamming distance =0.01737
Iteration25: hamming distance =0.01449
Iteration26: hamming distance =0.01206
Iteration27: hamming distance =0.01003
Iteration28: hamming distance =0.00833
Iteration29: hamming distance =0.00691
Iteration30: hamming distance =0.00572
Iteration31: hamming distance =0.00473
Iteration32: hamming distance =0.00391
Iteration33: hamming distance =0.00323
Iteration34: hamming distance =0.00267
Iteration35: hamming distance =0.0022
Iteration36: hamming distance =0.00181
Iteration37: hamming distance =0.00149
Iteration38: hamming distance =0.00123
Iteration39: hamming distance =0.00101
Iteration40: hamming distance =0.00083
Successfully ran PANDA on 20429 Genes and 1080 TFs.
Time elapsed:5373.71seconds.
Warning message:
In cor(t(expr), method = cor.method, use = "pairwise.complete.obs") :
  the standard deviation is zero
