Loading required package: igraph

Attaching package: 'igraph'

The following objects are masked from 'package:stats':

    decompose, spectrum

The following object is masked from 'package:base':

    union

Loading required package: reticulate
Loading required package: pandaR
Loading required package: Biobase
Loading required package: BiocGenerics

Attaching package: 'BiocGenerics'

The following objects are masked from 'package:igraph':

    normalize, path, union

The following objects are masked from 'package:stats':

    IQR, mad, sd, var, xtabs

The following objects are masked from 'package:base':

    Filter, Find, Map, Position, Reduce, anyDuplicated, aperm, append,
    as.data.frame, basename, cbind, colnames, dirname, do.call,
    duplicated, eval, evalq, get, grep, grepl, intersect, is.unsorted,
    lapply, mapply, match, mget, order, paste, pmax, pmax.int, pmin,
    pmin.int, rank, rbind, rownames, sapply, setdiff, sort, table,
    tapply, union, unique, unsplit, which.max, which.min

Welcome to Bioconductor

    Vignettes contain introductory material; view with
    'browseVignettes()'. To cite Bioconductor, see
    'citation("Biobase")', and for packages 'citation("pkgname")'.

Loading required package: yarn
Setting options('download.file.method.GEOquery'='auto')
Setting options('GEOquery.inmemory.gpl'=FALSE)
Loading required package: matrixcalc

Attaching package: 'matrixcalc'

The following object is masked from 'package:igraph':

    %s%



Iteration0: hamming distance =2.27666
Iteration1: hamming distance =0.59369
Iteration2: hamming distance =0.45892
Iteration3: hamming distance =0.40717
Iteration4: hamming distance =0.37206
Iteration5: hamming distance =0.34087
Iteration6: hamming distance =0.31048
Iteration7: hamming distance =0.2804
Iteration8: hamming distance =0.25097
Iteration9: hamming distance =0.22268
Iteration10: hamming distance =0.19601
Iteration11: hamming distance =0.17129
Iteration12: hamming distance =0.14873
Iteration13: hamming distance =0.1284
Iteration14: hamming distance =0.11028
Iteration15: hamming distance =0.0943
Iteration16: hamming distance =0.08031
Iteration17: hamming distance =0.06815
Iteration18: hamming distance =0.05765
Iteration19: hamming distance =0.04862
Iteration20: hamming distance =0.0409
Iteration21: hamming distance =0.03433
Iteration22: hamming distance =0.02875
Iteration23: hamming distance =0.02403
Iteration24: hamming distance =0.02005
Iteration25: hamming distance =0.0167
Iteration26: hamming distance =0.01389
Iteration27: hamming distance =0.01154
Iteration28: hamming distance =0.00957
Iteration29: hamming distance =0.00793
Iteration30: hamming distance =0.00657
Iteration31: hamming distance =0.00543
Iteration32: hamming distance =0.00449
Iteration33: hamming distance =0.0037
Iteration34: hamming distance =0.00306
Iteration35: hamming distance =0.00252
Iteration36: hamming distance =0.00208
Iteration37: hamming distance =0.00171
Iteration38: hamming distance =0.00141
Iteration39: hamming distance =0.00116
Iteration40: hamming distance =0.00095
Successfully ran PANDA on 20429 Genes and 1080 TFs.
Time elapsed:2726.93seconds.
Warning message:
In cor(t(expr), method = cor.method, use = "pairwise.complete.obs") :
  the standard deviation is zero
