Loading required package: igraph

Attaching package: 'igraph'

The following objects are masked from 'package:stats':

    decompose, spectrum

The following object is masked from 'package:base':

    union

Loading required package: reticulate
Loading required package: pandaR
Loading required package: Biobase
Loading required package: BiocGenerics

Attaching package: 'BiocGenerics'

The following objects are masked from 'package:igraph':

    normalize, path, union

The following objects are masked from 'package:stats':

    IQR, mad, sd, var, xtabs

The following objects are masked from 'package:base':

    Filter, Find, Map, Position, Reduce, anyDuplicated, aperm, append,
    as.data.frame, basename, cbind, colnames, dirname, do.call,
    duplicated, eval, evalq, get, grep, grepl, intersect, is.unsorted,
    lapply, mapply, match, mget, order, paste, pmax, pmax.int, pmin,
    pmin.int, rank, rbind, rownames, sapply, setdiff, sort, table,
    tapply, union, unique, unsplit, which.max, which.min

Welcome to Bioconductor

    Vignettes contain introductory material; view with
    'browseVignettes()'. To cite Bioconductor, see
    'citation("Biobase")', and for packages 'citation("pkgname")'.

Loading required package: yarn
Setting options('download.file.method.GEOquery'='auto')
Setting options('GEOquery.inmemory.gpl'=FALSE)
Loading required package: matrixcalc

Attaching package: 'matrixcalc'

The following object is masked from 'package:igraph':

    %s%



Iteration0: hamming distance =3.69441
Iteration1: hamming distance =0.79894
Iteration2: hamming distance =0.65821
Iteration3: hamming distance =0.60101
Iteration4: hamming distance =0.55561
Iteration5: hamming distance =0.51085
Iteration6: hamming distance =0.4651
Iteration7: hamming distance =0.41903
Iteration8: hamming distance =0.37378
Iteration9: hamming distance =0.33043
Iteration10: hamming distance =0.28979
Iteration11: hamming distance =0.25236
Iteration12: hamming distance =0.21841
Iteration13: hamming distance =0.18801
Iteration14: hamming distance =0.16106
Iteration15: hamming distance =0.1374
Iteration16: hamming distance =0.11677
Iteration17: hamming distance =0.09891
Iteration18: hamming distance =0.08353
Iteration19: hamming distance =0.07035
Iteration20: hamming distance =0.05911
Iteration21: hamming distance =0.04955
Iteration22: hamming distance =0.04145
Iteration23: hamming distance =0.03462
Iteration24: hamming distance =0.02886
Iteration25: hamming distance =0.02402
Iteration26: hamming distance =0.01997
Iteration27: hamming distance =0.01658
Iteration28: hamming distance =0.01374
Iteration29: hamming distance =0.01138
Iteration30: hamming distance =0.00942
Iteration31: hamming distance =0.00779
Iteration32: hamming distance =0.00643
Iteration33: hamming distance =0.00531
Iteration34: hamming distance =0.00438
Iteration35: hamming distance =0.00361
Iteration36: hamming distance =0.00297
Iteration37: hamming distance =0.00245
Iteration38: hamming distance =0.00201
Iteration39: hamming distance =0.00166
Iteration40: hamming distance =0.00136
Iteration41: hamming distance =0.00112
Iteration42: hamming distance =0.00092
Successfully ran PANDA on 20429 Genes and 1080 TFs.
Time elapsed:5588.19seconds.
Warning message:
In cor(t(expr), method = cor.method, use = "pairwise.complete.obs") :
  the standard deviation is zero
