Loading required package: igraph

Attaching package: 'igraph'

The following objects are masked from 'package:stats':

    decompose, spectrum

The following object is masked from 'package:base':

    union

Loading required package: reticulate
Loading required package: pandaR
Loading required package: Biobase
Loading required package: BiocGenerics

Attaching package: 'BiocGenerics'

The following objects are masked from 'package:igraph':

    normalize, path, union

The following objects are masked from 'package:stats':

    IQR, mad, sd, var, xtabs

The following objects are masked from 'package:base':

    Filter, Find, Map, Position, Reduce, anyDuplicated, aperm, append,
    as.data.frame, basename, cbind, colnames, dirname, do.call,
    duplicated, eval, evalq, get, grep, grepl, intersect, is.unsorted,
    lapply, mapply, match, mget, order, paste, pmax, pmax.int, pmin,
    pmin.int, rank, rbind, rownames, sapply, setdiff, sort, table,
    tapply, union, unique, unsplit, which.max, which.min

Welcome to Bioconductor

    Vignettes contain introductory material; view with
    'browseVignettes()'. To cite Bioconductor, see
    'citation("Biobase")', and for packages 'citation("pkgname")'.

Loading required package: yarn
Setting options('download.file.method.GEOquery'='auto')
Setting options('GEOquery.inmemory.gpl'=FALSE)
Loading required package: matrixcalc

Attaching package: 'matrixcalc'

The following object is masked from 'package:igraph':

    %s%



Iteration0: hamming distance =5.26486
Iteration1: hamming distance =1.02564
Iteration2: hamming distance =0.913
Iteration3: hamming distance =0.85425
Iteration4: hamming distance =0.7976
Iteration5: hamming distance =0.73668
Iteration6: hamming distance =0.67219
Iteration7: hamming distance =0.60628
Iteration8: hamming distance =0.54114
Iteration9: hamming distance =0.47853
Iteration10: hamming distance =0.41974
Iteration11: hamming distance =0.36555
Iteration12: hamming distance =0.31638
Iteration13: hamming distance =0.27233
Iteration14: hamming distance =0.23328
Iteration15: hamming distance =0.19898
Iteration16: hamming distance =0.16908
Iteration17: hamming distance =0.14319
Iteration18: hamming distance =0.12089
Iteration19: hamming distance =0.10179
Iteration20: hamming distance =0.0855
Iteration21: hamming distance =0.07165
Iteration22: hamming distance =0.05993
Iteration23: hamming distance =0.05003
Iteration24: hamming distance =0.0417
Iteration25: hamming distance =0.0347
Iteration26: hamming distance =0.02883
Iteration27: hamming distance =0.02393
Iteration28: hamming distance =0.01984
Iteration29: hamming distance =0.01642
Iteration30: hamming distance =0.01359
Iteration31: hamming distance =0.01123
Iteration32: hamming distance =0.00927
Iteration33: hamming distance =0.00765
Iteration34: hamming distance =0.00631
Iteration35: hamming distance =0.0052
Iteration36: hamming distance =0.00428
Iteration37: hamming distance =0.00352
Iteration38: hamming distance =0.0029
Iteration39: hamming distance =0.00238
Iteration40: hamming distance =0.00196
Iteration41: hamming distance =0.00161
Iteration42: hamming distance =0.00132
Iteration43: hamming distance =0.00109
Iteration44: hamming distance =0.00089
Successfully ran PANDA on 22033 Genes and 1080 TFs.
Time elapsed:3481.41seconds.
Warning message:
In cor(t(expr), method = cor.method, use = "pairwise.complete.obs") :
  the standard deviation is zero
