Loading required package: igraph

Attaching package: 'igraph'

The following objects are masked from 'package:stats':

    decompose, spectrum

The following object is masked from 'package:base':

    union

Loading required package: reticulate
Loading required package: pandaR
Loading required package: Biobase
Loading required package: BiocGenerics

Attaching package: 'BiocGenerics'

The following objects are masked from 'package:igraph':

    normalize, path, union

The following objects are masked from 'package:stats':

    IQR, mad, sd, var, xtabs

The following objects are masked from 'package:base':

    Filter, Find, Map, Position, Reduce, anyDuplicated, aperm, append,
    as.data.frame, basename, cbind, colnames, dirname, do.call,
    duplicated, eval, evalq, get, grep, grepl, intersect, is.unsorted,
    lapply, mapply, match, mget, order, paste, pmax, pmax.int, pmin,
    pmin.int, rank, rbind, rownames, sapply, setdiff, sort, table,
    tapply, union, unique, unsplit, which.max, which.min

Welcome to Bioconductor

    Vignettes contain introductory material; view with
    'browseVignettes()'. To cite Bioconductor, see
    'citation("Biobase")', and for packages 'citation("pkgname")'.

Loading required package: yarn
Setting options('download.file.method.GEOquery'='auto')
Setting options('GEOquery.inmemory.gpl'=FALSE)
Loading required package: matrixcalc

Attaching package: 'matrixcalc'

The following object is masked from 'package:igraph':

    %s%



Iteration0: hamming distance =1.70098
Iteration1: hamming distance =0.4389
Iteration2: hamming distance =0.35393
Iteration3: hamming distance =0.31954
Iteration4: hamming distance =0.29468
Iteration5: hamming distance =0.27153
Iteration6: hamming distance =0.24832
Iteration7: hamming distance =0.22496
Iteration8: hamming distance =0.20184
Iteration9: hamming distance =0.17945
Iteration10: hamming distance =0.15823
Iteration11: hamming distance =0.13847
Iteration12: hamming distance =0.12038
Iteration13: hamming distance =0.10403
Iteration14: hamming distance =0.08943
Iteration15: hamming distance =0.07653
Iteration16: hamming distance =0.06522
Iteration17: hamming distance =0.05537
Iteration18: hamming distance =0.04686
Iteration19: hamming distance =0.03954
Iteration20: hamming distance =0.03327
Iteration21: hamming distance =0.02793
Iteration22: hamming distance =0.0234
Iteration23: hamming distance =0.01956
Iteration24: hamming distance =0.01632
Iteration25: hamming distance =0.0136
Iteration26: hamming distance =0.01131
Iteration27: hamming distance =0.0094
Iteration28: hamming distance =0.0078
Iteration29: hamming distance =0.00646
Iteration30: hamming distance =0.00535
Iteration31: hamming distance =0.00442
Iteration32: hamming distance =0.00365
Iteration33: hamming distance =0.00302
Iteration34: hamming distance =0.00249
Iteration35: hamming distance =0.00205
Iteration36: hamming distance =0.00169
Iteration37: hamming distance =0.00139
Iteration38: hamming distance =0.00115
Iteration39: hamming distance =0.00094
Successfully ran PANDA on 22033 Genes and 1080 TFs.
Time elapsed:3176.43seconds.
Warning message:
In cor(t(expr), method = cor.method, use = "pairwise.complete.obs") :
  the standard deviation is zero
