Loading required package: igraph

Attaching package: 'igraph'

The following objects are masked from 'package:stats':

    decompose, spectrum

The following object is masked from 'package:base':

    union

Loading required package: reticulate
Loading required package: pandaR
Loading required package: Biobase
Loading required package: BiocGenerics

Attaching package: 'BiocGenerics'

The following objects are masked from 'package:igraph':

    normalize, path, union

The following objects are masked from 'package:stats':

    IQR, mad, sd, var, xtabs

The following objects are masked from 'package:base':

    Filter, Find, Map, Position, Reduce, anyDuplicated, aperm, append,
    as.data.frame, basename, cbind, colnames, dirname, do.call,
    duplicated, eval, evalq, get, grep, grepl, intersect, is.unsorted,
    lapply, mapply, match, mget, order, paste, pmax, pmax.int, pmin,
    pmin.int, rank, rbind, rownames, sapply, setdiff, sort, table,
    tapply, union, unique, unsplit, which.max, which.min

Welcome to Bioconductor

    Vignettes contain introductory material; view with
    'browseVignettes()'. To cite Bioconductor, see
    'citation("Biobase")', and for packages 'citation("pkgname")'.

Loading required package: yarn
Setting options('download.file.method.GEOquery'='auto')
Setting options('GEOquery.inmemory.gpl'=FALSE)
Loading required package: matrixcalc

Attaching package: 'matrixcalc'

The following object is masked from 'package:igraph':

    %s%



Iteration0: hamming distance =5.23585
Iteration1: hamming distance =1.01386
Iteration2: hamming distance =0.88836
Iteration3: hamming distance =0.82611
Iteration4: hamming distance =0.76848
Iteration5: hamming distance =0.70786
Iteration6: hamming distance =0.64448
Iteration7: hamming distance =0.58022
Iteration8: hamming distance =0.51707
Iteration9: hamming distance =0.45664
Iteration10: hamming distance =0.40008
Iteration11: hamming distance =0.34809
Iteration12: hamming distance =0.30102
Iteration13: hamming distance =0.25893
Iteration14: hamming distance =0.22167
Iteration15: hamming distance =0.18898
Iteration16: hamming distance =0.16051
Iteration17: hamming distance =0.13588
Iteration18: hamming distance =0.11468
Iteration19: hamming distance =0.09654
Iteration20: hamming distance =0.08107
Iteration21: hamming distance =0.06792
Iteration22: hamming distance =0.0568
Iteration23: hamming distance =0.04741
Iteration24: hamming distance =0.03951
Iteration25: hamming distance =0.03287
Iteration26: hamming distance =0.02731
Iteration27: hamming distance =0.02267
Iteration28: hamming distance =0.01879
Iteration29: hamming distance =0.01555
Iteration30: hamming distance =0.01287
Iteration31: hamming distance =0.01063
Iteration32: hamming distance =0.00878
Iteration33: hamming distance =0.00724
Iteration34: hamming distance =0.00597
Iteration35: hamming distance =0.00492
Iteration36: hamming distance =0.00405
Iteration37: hamming distance =0.00334
Iteration38: hamming distance =0.00274
Iteration39: hamming distance =0.00226
Iteration40: hamming distance =0.00185
Iteration41: hamming distance =0.00152
Iteration42: hamming distance =0.00125
Iteration43: hamming distance =0.00103
Iteration44: hamming distance =0.00084
Successfully ran PANDA on 22033 Genes and 1080 TFs.
Time elapsed:3587.3seconds.
Warning message:
In cor(t(expr), method = cor.method, use = "pairwise.complete.obs") :
  the standard deviation is zero
