Loading required package: igraph

Attaching package: 'igraph'

The following objects are masked from 'package:stats':

    decompose, spectrum

The following object is masked from 'package:base':

    union

Loading required package: reticulate
Loading required package: pandaR
Loading required package: Biobase
Loading required package: BiocGenerics

Attaching package: 'BiocGenerics'

The following objects are masked from 'package:igraph':

    normalize, path, union

The following objects are masked from 'package:stats':

    IQR, mad, sd, var, xtabs

The following objects are masked from 'package:base':

    Filter, Find, Map, Position, Reduce, anyDuplicated, aperm, append,
    as.data.frame, basename, cbind, colnames, dirname, do.call,
    duplicated, eval, evalq, get, grep, grepl, intersect, is.unsorted,
    lapply, mapply, match, mget, order, paste, pmax, pmax.int, pmin,
    pmin.int, rank, rbind, rownames, sapply, setdiff, sort, table,
    tapply, union, unique, unsplit, which.max, which.min

Welcome to Bioconductor

    Vignettes contain introductory material; view with
    'browseVignettes()'. To cite Bioconductor, see
    'citation("Biobase")', and for packages 'citation("pkgname")'.

Loading required package: yarn
Setting options('download.file.method.GEOquery'='auto')
Setting options('GEOquery.inmemory.gpl'=FALSE)
Loading required package: matrixcalc

Attaching package: 'matrixcalc'

The following object is masked from 'package:igraph':

    %s%



Iteration0: hamming distance =2.67098
Iteration1: hamming distance =0.66959
Iteration2: hamming distance =0.52442
Iteration3: hamming distance =0.46982
Iteration4: hamming distance =0.43106
Iteration5: hamming distance =0.39522
Iteration6: hamming distance =0.35963
Iteration7: hamming distance =0.32418
Iteration8: hamming distance =0.28947
Iteration9: hamming distance =0.25622
Iteration10: hamming distance =0.22499
Iteration11: hamming distance =0.19617
Iteration12: hamming distance =0.16997
Iteration13: hamming distance =0.14646
Iteration14: hamming distance =0.12559
Iteration15: hamming distance =0.10722
Iteration16: hamming distance =0.09119
Iteration17: hamming distance =0.07729
Iteration18: hamming distance =0.06531
Iteration19: hamming distance =0.05504
Iteration20: hamming distance =0.04626
Iteration21: hamming distance =0.0388
Iteration22: hamming distance =0.03247
Iteration23: hamming distance =0.02713
Iteration24: hamming distance =0.02262
Iteration25: hamming distance =0.01884
Iteration26: hamming distance =0.01566
Iteration27: hamming distance =0.013
Iteration28: hamming distance =0.01078
Iteration29: hamming distance =0.00893
Iteration30: hamming distance =0.00739
Iteration31: hamming distance =0.00611
Iteration32: hamming distance =0.00505
Iteration33: hamming distance =0.00417
Iteration34: hamming distance =0.00344
Iteration35: hamming distance =0.00283
Iteration36: hamming distance =0.00233
Iteration37: hamming distance =0.00192
Iteration38: hamming distance =0.00158
Iteration39: hamming distance =0.0013
Iteration40: hamming distance =0.00107
Iteration41: hamming distance =0.00088
Successfully ran PANDA on 20429 Genes and 1080 TFs.
Time elapsed:2883.86seconds.
Warning message:
In cor(t(expr), method = cor.method, use = "pairwise.complete.obs") :
  the standard deviation is zero
